Use make V=1 or set BUILD_VERBOSE in your environment to increase build verbosity.
patch LVGL...
git -C ../../lib/lv_bindings apply --directory lvgl ../../lib/lv_bindings/patch/fix_GC.patch || true
fatal: not a git repository: /home/teodor/vkth_micropython/lib/lv_bindings/../../.git/modules/lib/lv_bindings
makeversionhdr.py: Warning: No git repo or tag info available, falling back to mpconfig.h version info.
CC build-VK_RA6M5/lvgl/lv_mpy.c
CC ../../extmod/modtls_mbedtls.c
CC ../../extmod/mbedtls/mbedtls_alt.c
CC ../../extmod/modtime.c
build-VK_RA6M5/lvgl/lv_mpy.c:43:7: error: expected ';' before 'const'
   43 | STATIC const mp_lv_obj_type_t mp_lv_obj_type;
      |       ^~~~~~
      |       ;
build-VK_RA6M5/lvgl/lv_mpy.c:44:7: error: expected ';' before 'const'
   44 | STATIC const mp_lv_obj_type_t *mp_lv_obj_types[];
      |       ^~~~~~
      |       ;
build-VK_RA6M5/lvgl/lv_mpy.c:46:7: error: expected ';' before 'inline'
   46 | STATIC inline const mp_obj_type_t *get_BaseObj_type()
      |       ^~~~~~~
      |       ;
build-VK_RA6M5/lvgl/lv_mpy.c:77:1: error: unknown type name 'STATIC'
   77 | STATIC mp_obj_t lv_fun_builtin_var_call(mp_obj_t self_in, size_t n_args, size_t n_kw, const mp_obj_t *args);
      | ^~~~~~
build-VK_RA6M5/lvgl/lv_mpy.c:77:17: error: expected '=', ',', ';', 'asm' or '__attribute__' before 'lv_fun_builtin_var_call'
   77 | STATIC mp_obj_t lv_fun_builtin_var_call(mp_obj_t self_in, size_t n_args, size_t n_kw, const mp_obj_t *args);
      |                 ^~~~~~~~~~~~~~~~~~~~~~~
CC ../../extmod/moductypes.c
build-VK_RA6M5/lvgl/lv_mpy.c:78:1: error: unknown type name 'STATIC'
   78 | STATIC mp_int_t mp_func_get_buffer(mp_obj_t self_in, mp_buffer_info_t *bufinfo, mp_uint_t flags);
      | ^~~~~~
build-VK_RA6M5/lvgl/lv_mpy.c:78:17: error: expected '=', ',', ';', 'asm' or '__attribute__' before 'mp_func_get_buffer'
   78 | STATIC mp_int_t mp_func_get_buffer(mp_obj_t self_in, mp_buffer_info_t *bufinfo, mp_uint_t flags);
      |                 ^~~~~~~~~~~~~~~~~~
build-VK_RA6M5/lvgl/lv_mpy.c:80:21: error: expected ';' before 'const'
   80 | GENMPY_UNUSED STATIC MP_DEFINE_CONST_OBJ_TYPE(
      |                     ^
      |                     ;
In file included from build-VK_RA6M5/lvgl/lv_mpy.c:20:
build-VK_RA6M5/lvgl/lv_mpy.c:84:11: error: 'lv_fun_builtin_var_call' undeclared here (not in a function)
   84 |     call, lv_fun_builtin_var_call,
      |           ^~~~~~~~~~~~~~~~~~~~~~~
../../py/obj.h:788:44: note: in definition of macro 'MP_DEFINE_CONST_OBJ_TYPE_EXPAND'
  788 | #define MP_DEFINE_CONST_OBJ_TYPE_EXPAND(x) x
      |                                            ^
../../py/obj.h:792:179: note: in expansion of macro 'MP_DEFINE_CONST_OBJ_TYPE_NARGS_2'
  792 | #define MP_DEFINE_CONST_OBJ_TYPE_NARGS(_1, _2, _3, _4, _5, _6, _7, _8, _9, _10, _11, _12, _13, _14, _15, _16, _17, _18, _19, _20, _21, _22, _23, _24, _25, _26, _27, _28, N, ...) MP_DEFINE_CONST_OBJ_TYPE_NARGS_##N
      |                                                                                                                                                                                   ^~~~~~~~~~~~~~~~~~~~~~~~~~~~~~~
build-VK_RA6M5/lvgl/lv_mpy.c:80:22: note: in expansion of macro 'MP_DEFINE_CONST_OBJ_TYPE'
   80 | GENMPY_UNUSED STATIC MP_DEFINE_CONST_OBJ_TYPE(
      |                      ^~~~~~~~~~~~~~~~~~~~~~~~
build-VK_RA6M5/lvgl/lv_mpy.c:86:13: error: 'mp_func_get_buffer' undeclared here (not in a function); did you mean 'mp_get_buffer'?
   86 |     buffer, mp_func_get_buffer
      |             ^~~~~~~~~~~~~~~~~~
../../py/obj.h:788:44: note: in definition of macro 'MP_DEFINE_CONST_OBJ_TYPE_EXPAND'
  788 | #define MP_DEFINE_CONST_OBJ_TYPE_EXPAND(x) x
      |                                            ^
../../py/obj.h:792:179: note: in expansion of macro 'MP_DEFINE_CONST_OBJ_TYPE_NARGS_2'
  792 | #define MP_DEFINE_CONST_OBJ_TYPE_NARGS(_1, _2, _3, _4, _5, _6, _7, _8, _9, _10, _11, _12, _13, _14, _15, _16, _17, _18, _19, _20, _21, _22, _23, _24, _25, _26, _27, _28, N, ...) MP_DEFINE_CONST_OBJ_TYPE_NARGS_##N
      |                                                                                                                                                                                   ^~~~~~~~~~~~~~~~~~~~~~~~~~~~~~~
build-VK_RA6M5/lvgl/lv_mpy.c:80:22: note: in expansion of macro 'MP_DEFINE_CONST_OBJ_TYPE'
   80 | GENMPY_UNUSED STATIC MP_DEFINE_CONST_OBJ_TYPE(
      |                      ^~~~~~~~~~~~~~~~~~~~~~~~
build-VK_RA6M5/lvgl/lv_mpy.c:89:21: error: expected ';' before 'const'
   89 | GENMPY_UNUSED STATIC MP_DEFINE_CONST_OBJ_TYPE(
      |                     ^
      |                     ;
build-VK_RA6M5/lvgl/lv_mpy.c:98:1: error: unknown type name 'STATIC'
   98 | STATIC mp_obj_t lv_fun_builtin_var_call(mp_obj_t self_in, size_t n_args, size_t n_kw, const mp_obj_t *args) {
      | ^~~~~~
build-VK_RA6M5/lvgl/lv_mpy.c:98:17: error: expected '=', ',', ';', 'asm' or '__attribute__' before 'lv_fun_builtin_var_call'
   98 | STATIC mp_obj_t lv_fun_builtin_var_call(mp_obj_t self_in, size_t n_args, size_t n_kw, const mp_obj_t *args) {
      |                 ^~~~~~~~~~~~~~~~~~~~~~~
build-VK_RA6M5/lvgl/lv_mpy.c:106:1: error: unknown type name 'STATIC'
  106 | STATIC mp_int_t mp_func_get_buffer(mp_obj_t self_in, mp_buffer_info_t *bufinfo, mp_uint_t flags) {
      | ^~~~~~
build-VK_RA6M5/lvgl/lv_mpy.c:106:17: error: expected '=', ',', ';', 'asm' or '__attribute__' before 'mp_func_get_buffer'
  106 | STATIC mp_int_t mp_func_get_buffer(mp_obj_t self_in, mp_buffer_info_t *bufinfo, mp_uint_t flags) {
      |                 ^~~~~~~~~~~~~~~~~~
build-VK_RA6M5/lvgl/lv_mpy.c:134:7: error: expected ';' before 'const'
  134 | STATIC const mp_lv_struct_t mp_lv_null_obj;
      |       ^~~~~~
      |       ;
build-VK_RA6M5/lvgl/lv_mpy.c:137:1: error: unknown type name 'STATIC'
  137 | STATIC mp_int_t mp_lv_obj_get_buffer(mp_obj_t self_in, mp_buffer_info_t *bufinfo, mp_uint_t flags);
      | ^~~~~~
build-VK_RA6M5/lvgl/lv_mpy.c:137:17: error: expected '=', ',', ';', 'asm' or '__attribute__' before 'mp_lv_obj_get_buffer'
  137 | STATIC mp_int_t mp_lv_obj_get_buffer(mp_obj_t self_in, mp_buffer_info_t *bufinfo, mp_uint_t flags);
      |                 ^~~~~~~~~~~~~~~~~~~~
build-VK_RA6M5/lvgl/lv_mpy.c:142:1: error: unknown type name 'STATIC'
  142 | STATIC mp_int_t mp_blob_get_buffer(mp_obj_t self_in, mp_buffer_info_t *bufinfo, mp_uint_t flags);
      | ^~~~~~
build-VK_RA6M5/lvgl/lv_mpy.c:142:17: error: expected '=', ',', ';', 'asm' or '__attribute__' before 'mp_blob_get_buffer'
  142 | STATIC mp_int_t mp_blob_get_buffer(mp_obj_t self_in, mp_buffer_info_t *bufinfo, mp_uint_t flags);
      |                 ^~~~~~~~~~~~~~~~~~
build-VK_RA6M5/lvgl/lv_mpy.c:144:1: error: unknown type name 'STATIC'
  144 | STATIC mp_obj_t get_native_obj(mp_obj_t mp_obj)
      | ^~~~~~
build-VK_RA6M5/lvgl/lv_mpy.c:144:17: error: expected '=', ',', ';', 'asm' or '__attribute__' before 'get_native_obj'
  144 | STATIC mp_obj_t get_native_obj(mp_obj_t mp_obj)
      |                 ^~~~~~~~~~~~~~
build-VK_RA6M5/lvgl/lv_mpy.c:158:1: error: unknown type name 'STATIC'
  158 | STATIC mp_obj_t dict_to_struct(mp_obj_t dict, const mp_obj_type_t *type);
      | ^~~~~~
build-VK_RA6M5/lvgl/lv_mpy.c:158:17: error: expected '=', ',', ';', 'asm' or '__attribute__' before 'dict_to_struct'
  158 | STATIC mp_obj_t dict_to_struct(mp_obj_t dict, const mp_obj_type_t *type);
      |                 ^~~~~~~~~~~~~~
build-VK_RA6M5/lvgl/lv_mpy.c:160:1: error: unknown type name 'STATIC'
  160 | STATIC mp_obj_t make_new_lv_struct(
      | ^~~~~~
build-VK_RA6M5/lvgl/lv_mpy.c:160:17: error: expected '=', ',', ';', 'asm' or '__attribute__' before 'make_new_lv_struct'
  160 | STATIC mp_obj_t make_new_lv_struct(
      |                 ^~~~~~~~~~~~~~~~~~
build-VK_RA6M5/lvgl/lv_mpy.c:166:1: error: unknown type name 'STATIC'
  166 | STATIC mp_obj_t cast(mp_obj_t mp_obj, const mp_obj_type_t *mp_type)
      | ^~~~~~
build-VK_RA6M5/lvgl/lv_mpy.c:166:17: error: expected '=', ',', ';', 'asm' or '__attribute__' before 'cast'
  166 | STATIC mp_obj_t cast(mp_obj_t mp_obj, const mp_obj_type_t *mp_type)
      |                 ^~~~
build-VK_RA6M5/lvgl/lv_mpy.c:200:7: error: expected ';' before 'inline'
  200 | STATIC inline LV_OBJ_T *mp_to_lv(mp_obj_t mp_obj)
      |       ^~~~~~~
      |       ;
build-VK_RA6M5/lvgl/lv_mpy.c: In function 'mp_to_lv':
build-VK_RA6M5/lvgl/lv_mpy.c:203:27: error: implicit declaration of function 'get_native_obj'; did you mean 'mp_native_to_obj'? [-Werror=implicit-function-declaration]
  203 |     mp_obj_t native_obj = get_native_obj(mp_obj);
      |                           ^~~~~~~~~~~~~~
      |                           mp_native_to_obj
build-VK_RA6M5/lvgl/lv_mpy.c:203:27: error: initialization of 'mp_obj_t' {aka 'void *'} from 'int' makes pointer from integer without a cast [-Werror=int-conversion]
build-VK_RA6M5/lvgl/lv_mpy.c:204:78: error: 'mp_lv_obj_get_buffer' undeclared (first use in this function); did you mean 'mp_obj_str_get_buffer'?
  204 |     if (MP_OBJ_TYPE_GET_SLOT_OR_NULL(mp_obj_get_type(native_obj), buffer) != mp_lv_obj_get_buffer)
      |                                                                              ^~~~~~~~~~~~~~~~~~~~
      |                                                                              mp_obj_str_get_buffer
build-VK_RA6M5/lvgl/lv_mpy.c:204:78: note: each undeclared identifier is reported only once for each function it appears in
build-VK_RA6M5/lvgl/lv_mpy.c: At top level:
build-VK_RA6M5/lvgl/lv_mpy.c:215:7: error: expected ';' before 'inline'
  215 | STATIC inline LV_OBJ_T *mp_get_callbacks(mp_obj_t mp_obj)
      |       ^~~~~~~
      |       ;
build-VK_RA6M5/lvgl/lv_mpy.c:227:7: error: expected ';' before 'inline'
  227 | STATIC inline const mp_obj_type_t *get_BaseObj_type();
      |       ^~~~~~~
      |       ;
build-VK_RA6M5/lvgl/lv_mpy.c:229:7: error: expected ';' before 'void'
  229 | STATIC void mp_lv_delete_cb(lv_event_t * e)
      |       ^~~~~
      |       ;
build-VK_RA6M5/lvgl/lv_mpy.c:240:7: error: expected ';' before 'inline'
  240 | STATIC inline mp_obj_t lv_to_mp(LV_OBJ_T *lv_obj)
      |       ^~~~~~~
      |       ;
build-VK_RA6M5/lvgl/lv_mpy.c:274:7: error: expected ';' before 'void'
  274 | STATIC void* mp_to_ptr(mp_obj_t self_in);
      |       ^~~~~
      |       ;
build-VK_RA6M5/lvgl/lv_mpy.c:276:1: error: unknown type name 'STATIC'
  276 | STATIC mp_obj_t cast_obj_type(const mp_obj_type_t* type, mp_obj_t obj)
      | ^~~~~~
build-VK_RA6M5/lvgl/lv_mpy.c:276:17: error: expected '=', ',', ';', 'asm' or '__attribute__' before 'cast_obj_type'
  276 | STATIC mp_obj_t cast_obj_type(const mp_obj_type_t* type, mp_obj_t obj)
      |                 ^~~~~~~~~~~~~
build-VK_RA6M5/lvgl/lv_mpy.c:288:1: error: unknown type name 'STATIC'
  288 | STATIC mp_obj_t cast_obj(mp_obj_t type_obj, mp_obj_t obj)
      | ^~~~~~
build-VK_RA6M5/lvgl/lv_mpy.c:288:17: error: expected '=', ',', ';', 'asm' or '__attribute__' before 'cast_obj'
  288 | STATIC mp_obj_t cast_obj(mp_obj_t type_obj, mp_obj_t obj)
      |                 ^~~~~~~~
build-VK_RA6M5/lvgl/lv_mpy.c:293:1: error: unknown type name 'STATIC'
  293 | STATIC mp_obj_t make_new(
      | ^~~~~~
build-VK_RA6M5/lvgl/lv_mpy.c:293:17: error: expected '=', ',', ';', 'asm' or '__attribute__' before 'make_new'
  293 | STATIC mp_obj_t make_new(
      |                 ^~~~~~~~
build-VK_RA6M5/lvgl/lv_mpy.c:319:7: error: expected ';' before 'const'
  319 | STATIC MP_DEFINE_CONST_FUN_OBJ_2(cast_obj_obj, cast_obj);
      |       ^
      |       ;
In file included from build-VK_RA6M5/lvgl/lv_mpy.c:20:
build-VK_RA6M5/lvgl/lv_mpy.c:319:48: error: 'cast_obj' undeclared here (not in a function); did you mean 'cast_obj_obj'?
  319 | STATIC MP_DEFINE_CONST_FUN_OBJ_2(cast_obj_obj, cast_obj);
      |                                                ^~~~~~~~
../../py/obj.h:379:42: note: in definition of macro 'MP_DEFINE_CONST_FUN_OBJ_2'
  379 |     {{&mp_type_fun_builtin_2}, .fun._2 = fun_name}
      |                                          ^~~~~~~~
build-VK_RA6M5/lvgl/lv_mpy.c:320:7: error: expected ';' before 'const'
  320 | STATIC MP_DEFINE_CONST_CLASSMETHOD_OBJ(cast_obj_class_method, MP_ROM_PTR(&cast_obj_obj));
      |       ^
      |       ;
build-VK_RA6M5/lvgl/lv_mpy.c:322:1: error: unknown type name 'STATIC'
  322 | STATIC mp_int_t mp_lv_obj_get_buffer(mp_obj_t self_in, mp_buffer_info_t *bufinfo, mp_uint_t flags) {
      | ^~~~~~
build-VK_RA6M5/lvgl/lv_mpy.c:322:17: error: expected '=', ',', ';', 'asm' or '__attribute__' before 'mp_lv_obj_get_buffer'
  322 | STATIC mp_int_t mp_lv_obj_get_buffer(mp_obj_t self_in, mp_buffer_info_t *bufinfo, mp_uint_t flags) {
      |                 ^~~~~~~~~~~~~~~~~~~~
build-VK_RA6M5/lvgl/lv_mpy.c:332:1: error: unknown type name 'STATIC'
  332 | STATIC mp_obj_t mp_lv_obj_binary_op(mp_binary_op_t op, mp_obj_t lhs_in, mp_obj_t rhs_in)
      | ^~~~~~
build-VK_RA6M5/lvgl/lv_mpy.c:332:17: error: expected '=', ',', ';', 'asm' or '__attribute__' before 'mp_lv_obj_binary_op'
  332 | STATIC mp_obj_t mp_lv_obj_binary_op(mp_binary_op_t op, mp_obj_t lhs_in, mp_obj_t rhs_in)
      |                 ^~~~~~~~~~~~~~~~~~~
build-VK_RA6M5/lvgl/lv_mpy.c:359:7: error: expected ';' before 'inline'
  359 | STATIC inline mp_obj_t convert_to_bool(bool b)
      |       ^~~~~~~
      |       ;
build-VK_RA6M5/lvgl/lv_mpy.c:364:7: error: expected ';' before 'inline'
  364 | STATIC inline mp_obj_t convert_to_str(const char *str)
      |       ^~~~~~~
      |       ;
build-VK_RA6M5/lvgl/lv_mpy.c:369:7: error: expected ';' before 'inline'
  369 | STATIC inline const char *convert_from_str(mp_obj_t str)
      |       ^~~~~~~
      |       ;
build-VK_RA6M5/lvgl/lv_mpy.c:387:1: error: unknown type name 'STATIC'
  387 | STATIC mp_lv_struct_t *mp_to_lv_struct(mp_obj_t mp_obj)
      | ^~~~~~
build-VK_RA6M5/lvgl/lv_mpy.c:387:23: error: expected '=', ',', ';', 'asm' or '__attribute__' before '*' token
  387 | STATIC mp_lv_struct_t *mp_to_lv_struct(mp_obj_t mp_obj)
      |                       ^
build-VK_RA6M5/lvgl/lv_mpy.c:398:7: error: expected ';' before 'inline'
  398 | STATIC inline size_t get_lv_struct_size(const mp_obj_type_t *type)
      |       ^~~~~~~
      |       ;
build-VK_RA6M5/lvgl/lv_mpy.c:409:1: error: unknown type name 'STATIC'
  409 | STATIC mp_obj_t make_new_lv_struct(
      | ^~~~~~
build-VK_RA6M5/lvgl/lv_mpy.c:409:17: error: expected '=', ',', ';', 'asm' or '__attribute__' before 'make_new_lv_struct'
  409 | STATIC mp_obj_t make_new_lv_struct(
      |                 ^~~~~~~~~~~~~~~~~~
build-VK_RA6M5/lvgl/lv_mpy.c:438:1: error: unknown type name 'STATIC'
  438 | STATIC mp_obj_t lv_struct_binary_op(mp_binary_op_t op, mp_obj_t lhs_in, mp_obj_t rhs_in)
      | ^~~~~~
build-VK_RA6M5/lvgl/lv_mpy.c:438:17: error: expected '=', ',', ';', 'asm' or '__attribute__' before 'lv_struct_binary_op'
  438 | STATIC mp_obj_t lv_struct_binary_op(mp_binary_op_t op, mp_obj_t lhs_in, mp_obj_t rhs_in)
      |                 ^~~~~~~~~~~~~~~~~~~
build-VK_RA6M5/lvgl/lv_mpy.c:453:1: error: unknown type name 'STATIC'
  453 | STATIC mp_obj_t lv_struct_subscr(mp_obj_t self_in, mp_obj_t index, mp_obj_t value)
      | ^~~~~~
build-VK_RA6M5/lvgl/lv_mpy.c:453:17: error: expected '=', ',', ';', 'asm' or '__attribute__' before 'lv_struct_subscr'
  453 | STATIC mp_obj_t lv_struct_subscr(mp_obj_t self_in, mp_obj_t index, mp_obj_t value)
      |                 ^~~~~~~~~~~~~~~~
build-VK_RA6M5/lvgl/lv_mpy.c:492:21: error: expected ';' before 'void'
  492 | GENMPY_UNUSED STATIC void *copy_buffer(const void *buffer, size_t size)
      |                     ^~~~~
      |                     ;
build-VK_RA6M5/lvgl/lv_mpy.c:501:1: error: unknown type name 'STATIC'
  501 | STATIC mp_obj_t lv_to_mp_struct(const mp_obj_type_t *type, void *lv_struct)
      | ^~~~~~
build-VK_RA6M5/lvgl/lv_mpy.c:501:17: error: expected '=', ',', ';', 'asm' or '__attribute__' before 'lv_to_mp_struct'
  501 | STATIC mp_obj_t lv_to_mp_struct(const mp_obj_type_t *type, void *lv_struct)
      |                 ^~~~~~~~~~~~~~~
build-VK_RA6M5/lvgl/lv_mpy.c:512:7: error: expected ';' before 'void'
  512 | STATIC void call_parent_methods(mp_obj_t obj, qstr attr, mp_obj_t *dest)
      |       ^~~~~
      |       ;
build-VK_RA6M5/lvgl/lv_mpy.c:535:1: error: unknown type name 'STATIC'
  535 | STATIC mp_obj_t dict_to_struct(mp_obj_t dict, const mp_obj_type_t *type)
      | ^~~~~~
build-VK_RA6M5/lvgl/lv_mpy.c:535:17: error: expected '=', ',', ';', 'asm' or '__attribute__' before 'dict_to_struct'
  535 | STATIC mp_obj_t dict_to_struct(mp_obj_t dict, const mp_obj_type_t *type)
      |                 ^~~~~~~~~~~~~~
build-VK_RA6M5/lvgl/lv_mpy.c:557:7: error: expected ';' before 'void'
  557 | STATIC void* mp_to_ptr(mp_obj_t self_in)
      |       ^~~~~
      |       ;
build-VK_RA6M5/lvgl/lv_mpy.c:601:7: error: expected ';' before 'void'
  601 | STATIC void mp_blob_print(const mp_print_t *print,
      |       ^~~~~
      |       ;
build-VK_RA6M5/lvgl/lv_mpy.c:608:1: error: unknown type name 'STATIC'
  608 | STATIC mp_int_t mp_blob_get_buffer(mp_obj_t self_in, mp_buffer_info_t *bufinfo, mp_uint_t flags) {
      | ^~~~~~
build-VK_RA6M5/lvgl/lv_mpy.c:608:17: error: expected '=', ',', ';', 'asm' or '__attribute__' before 'mp_blob_get_buffer'
  608 | STATIC mp_int_t mp_blob_get_buffer(mp_obj_t self_in, mp_buffer_info_t *bufinfo, mp_uint_t flags) {
      |                 ^~~~~~~~~~~~~~~~~~
build-VK_RA6M5/lvgl/lv_mpy.c:618:7: error: expected ';' before 'const'
  618 | STATIC const mp_obj_fun_builtin_var_t mp_lv_dereference_obj;
      |       ^~~~~~
      |       ;
build-VK_RA6M5/lvgl/lv_mpy.c:624:1: error: unknown type name 'STATIC'
  624 | STATIC mp_obj_t mp_blob_cast(size_t argc, const mp_obj_t *argv)
      | ^~~~~~
build-VK_RA6M5/lvgl/lv_mpy.c:624:17: error: expected '=', ',', ';', 'asm' or '__attribute__' before 'mp_blob_cast'
  624 | STATIC mp_obj_t mp_blob_cast(size_t argc, const mp_obj_t *argv)
      |                 ^~~~~~~~~~~~
build-VK_RA6M5/lvgl/lv_mpy.c:637:7: error: expected ';' before 'const'
  637 | STATIC MP_DEFINE_CONST_FUN_OBJ_VAR_BETWEEN(mp_blob_cast_obj, 1, 2, mp_blob_cast);
      |       ^
      |       ;
In file included from build-VK_RA6M5/lvgl/lv_mpy.c:20:
build-VK_RA6M5/lvgl/lv_mpy.c:637:68: error: 'mp_blob_cast' undeclared here (not in a function); did you mean 'mp_blob_cast_obj'?
  637 | STATIC MP_DEFINE_CONST_FUN_OBJ_VAR_BETWEEN(mp_blob_cast_obj, 1, 2, mp_blob_cast);
      |                                                                    ^~~~~~~~~~~~
../../py/obj.h:388:97: note: in definition of macro 'MP_DEFINE_CONST_FUN_OBJ_VAR_BETWEEN'
  388 |     {{&mp_type_fun_builtin_var}, MP_OBJ_FUN_MAKE_SIG(n_args_min, n_args_max, false), .fun.var = fun_name}
      |                                                                                                 ^~~~~~~~
build-VK_RA6M5/lvgl/lv_mpy.c:639:7: error: expected ';' before 'const'
  639 | STATIC const mp_rom_map_elem_t mp_blob_locals_dict_table[] = {
      |       ^~~~~~
      |       ;
build-VK_RA6M5/lvgl/lv_mpy.c:644:7: error: expected ';' before 'const'
  644 | STATIC MP_DEFINE_CONST_DICT(mp_blob_locals_dict, mp_blob_locals_dict_table);
      |       ^
      |       ;
build-VK_RA6M5/lvgl/lv_mpy.c:646:7: error: expected ';' before 'const'
  646 | STATIC MP_DEFINE_CONST_OBJ_TYPE(
      |       ^
      |       ;
CC ../../extmod/modvfs.c
In file included from build-VK_RA6M5/lvgl/lv_mpy.c:20:
build-VK_RA6M5/lvgl/lv_mpy.c:650:16: error: 'lv_struct_binary_op' undeclared here (not in a function)
  650 |     binary_op, lv_struct_binary_op,
      |                ^~~~~~~~~~~~~~~~~~~
../../py/obj.h:788:44: note: in definition of macro 'MP_DEFINE_CONST_OBJ_TYPE_EXPAND'
  788 | #define MP_DEFINE_CONST_OBJ_TYPE_EXPAND(x) x
      |                                            ^
../../py/obj.h:792:179: note: in expansion of macro 'MP_DEFINE_CONST_OBJ_TYPE_NARGS_4'
  792 | #define MP_DEFINE_CONST_OBJ_TYPE_NARGS(_1, _2, _3, _4, _5, _6, _7, _8, _9, _10, _11, _12, _13, _14, _15, _16, _17, _18, _19, _20, _21, _22, _23, _24, _25, _26, _27, _28, N, ...) MP_DEFINE_CONST_OBJ_TYPE_NARGS_##N
      |                                                                                                                                                                                   ^~~~~~~~~~~~~~~~~~~~~~~~~~~~~~~
build-VK_RA6M5/lvgl/lv_mpy.c:646:8: note: in expansion of macro 'MP_DEFINE_CONST_OBJ_TYPE'
  646 | STATIC MP_DEFINE_CONST_OBJ_TYPE(
      |        ^~~~~~~~~~~~~~~~~~~~~~~~
build-VK_RA6M5/lvgl/lv_mpy.c:653:13: error: 'mp_blob_get_buffer' undeclared here (not in a function); did you mean 'mp_get_buffer'?
  653 |     buffer, mp_blob_get_buffer
      |             ^~~~~~~~~~~~~~~~~~
../../py/obj.h:788:44: note: in definition of macro 'MP_DEFINE_CONST_OBJ_TYPE_EXPAND'
  788 | #define MP_DEFINE_CONST_OBJ_TYPE_EXPAND(x) x
      |                                            ^
../../py/obj.h:792:179: note: in expansion of macro 'MP_DEFINE_CONST_OBJ_TYPE_NARGS_4'
  792 | #define MP_DEFINE_CONST_OBJ_TYPE_NARGS(_1, _2, _3, _4, _5, _6, _7, _8, _9, _10, _11, _12, _13, _14, _15, _16, _17, _18, _19, _20, _21, _22, _23, _24, _25, _26, _27, _28, N, ...) MP_DEFINE_CONST_OBJ_TYPE_NARGS_##N
      |                                                                                                                                                                                   ^~~~~~~~~~~~~~~~~~~~~~~~~~~~~~~
build-VK_RA6M5/lvgl/lv_mpy.c:646:8: note: in expansion of macro 'MP_DEFINE_CONST_OBJ_TYPE'
  646 | STATIC MP_DEFINE_CONST_OBJ_TYPE(
      |        ^~~~~~~~~~~~~~~~~~~~~~~~
build-VK_RA6M5/lvgl/lv_mpy.c:656:7: error: expected ';' before 'const'
  656 | STATIC const mp_lv_struct_t mp_lv_null_obj = { {&mp_blob_type}, NULL };
      |       ^~~~~~
      |       ;
build-VK_RA6M5/lvgl/lv_mpy.c:658:7: error: expected ';' before 'inline'
  658 | STATIC inline mp_obj_t ptr_to_mp(void *data)
      |       ^~~~~~~
      |       ;
build-VK_RA6M5/lvgl/lv_mpy.c: In function 'ptr_to_mp':
build-VK_RA6M5/lvgl/lv_mpy.c:660:12: error: implicit declaration of function 'lv_to_mp_struct' [-Werror=implicit-function-declaration]
  660 |     return lv_to_mp_struct(&mp_blob_type, data);
      |            ^~~~~~~~~~~~~~~
build-VK_RA6M5/lvgl/lv_mpy.c:660:12: error: returning 'int' from a function with return type 'mp_obj_t' {aka 'void *'} makes pointer from integer without a cast [-Werror=int-conversion]
  660 |     return lv_to_mp_struct(&mp_blob_type, data);
      |            ^~~~~~~~~~~~~~~~~~~~~~~~~~~~~~~~~~~~
build-VK_RA6M5/lvgl/lv_mpy.c: At top level:
build-VK_RA6M5/lvgl/lv_mpy.c:665:1: error: unknown type name 'STATIC'
  665 | STATIC mp_obj_t mp_lv_cast(mp_obj_t type_obj, mp_obj_t ptr_obj)
      | ^~~~~~
build-VK_RA6M5/lvgl/lv_mpy.c:665:17: error: expected '=', ',', ';', 'asm' or '__attribute__' before 'mp_lv_cast'
  665 | STATIC mp_obj_t mp_lv_cast(mp_obj_t type_obj, mp_obj_t ptr_obj)
      |                 ^~~~~~~~~~
build-VK_RA6M5/lvgl/lv_mpy.c:679:7: error: expected ';' before 'inline'
  679 | STATIC inline mp_obj_t mp_lv_cast_instance(mp_obj_t self_in, mp_obj_t ptr_obj)
      |       ^~~~~~~
      |       ;
build-VK_RA6M5/lvgl/lv_mpy.c:686:7: error: expected ';' before 'const'
  686 | STATIC MP_DEFINE_CONST_FUN_OBJ_2(mp_lv_cast_obj, mp_lv_cast);
      |       ^
      |       ;
In file included from build-VK_RA6M5/lvgl/lv_mpy.c:20:
build-VK_RA6M5/lvgl/lv_mpy.c:686:50: error: 'mp_lv_cast' undeclared here (not in a function); did you mean 'mp_lv_cast_obj'?
  686 | STATIC MP_DEFINE_CONST_FUN_OBJ_2(mp_lv_cast_obj, mp_lv_cast);
      |                                                  ^~~~~~~~~~
../../py/obj.h:379:42: note: in definition of macro 'MP_DEFINE_CONST_FUN_OBJ_2'
  379 |     {{&mp_type_fun_builtin_2}, .fun._2 = fun_name}
      |                                          ^~~~~~~~
build-VK_RA6M5/lvgl/lv_mpy.c:687:7: error: expected ';' before 'const'
  687 | STATIC MP_DEFINE_CONST_CLASSMETHOD_OBJ(mp_lv_cast_class_method, MP_ROM_PTR(&mp_lv_cast_obj));
      |       ^
      |       ;
build-VK_RA6M5/lvgl/lv_mpy.c:689:7: error: expected ';' before 'const'
  689 | STATIC MP_DEFINE_CONST_FUN_OBJ_2(mp_lv_cast_instance_obj, mp_lv_cast_instance);
      |       ^
      |       ;
build-VK_RA6M5/lvgl/lv_mpy.c:693:1: error: unknown type name 'STATIC'
  693 | STATIC mp_obj_t mp_lv_dereference(size_t argc, const mp_obj_t *argv)
      | ^~~~~~
build-VK_RA6M5/lvgl/lv_mpy.c:693:17: error: expected '=', ',', ';', 'asm' or '__attribute__' before 'mp_lv_dereference'
  693 | STATIC mp_obj_t mp_lv_dereference(size_t argc, const mp_obj_t *argv)
      |                 ^~~~~~~~~~~~~~~~~
build-VK_RA6M5/lvgl/lv_mpy.c:712:7: error: expected ';' before 'const'
  712 | STATIC MP_DEFINE_CONST_FUN_OBJ_VAR_BETWEEN(mp_lv_dereference_obj, 1, 2, mp_lv_dereference);
      |       ^
      |       ;
In file included from build-VK_RA6M5/lvgl/lv_mpy.c:20:
build-VK_RA6M5/lvgl/lv_mpy.c:712:73: error: 'mp_lv_dereference' undeclared here (not in a function); did you mean 'mp_lv_dereference_obj'?
  712 | STATIC MP_DEFINE_CONST_FUN_OBJ_VAR_BETWEEN(mp_lv_dereference_obj, 1, 2, mp_lv_dereference);
      |                                                                         ^~~~~~~~~~~~~~~~~
../../py/obj.h:388:97: note: in definition of macro 'MP_DEFINE_CONST_FUN_OBJ_VAR_BETWEEN'
  388 |     {{&mp_type_fun_builtin_var}, MP_OBJ_FUN_MAKE_SIG(n_args_min, n_args_max, false), .fun.var = fun_name}
      |                                                                                                 ^~~~~~~~
build-VK_RA6M5/lvgl/lv_mpy.c:720:1: error: unknown type name 'STATIC'
  720 | STATIC mp_obj_t get_callback_dict_from_user_data(void *user_data)
      | ^~~~~~
build-VK_RA6M5/lvgl/lv_mpy.c:720:17: error: expected '=', ',', ';', 'asm' or '__attribute__' before 'get_callback_dict_from_user_data'
  720 | STATIC mp_obj_t get_callback_dict_from_user_data(void *user_data)
      |                 ^~~~~~~~~~~~~~~~~~~~~~~~~~~~~~~~
build-VK_RA6M5/lvgl/lv_mpy.c:738:7: error: expected ';' before 'void'
  738 | STATIC void *mp_lv_callback(mp_obj_t mp_callback, void *lv_callback, qstr callback_name,
      |       ^~~~~
      |       ;
build-VK_RA6M5/lvgl/lv_mpy.c: In function 'mp_lv_callback':
build-VK_RA6M5/lvgl/lv_mpy.c:757:34: error: implicit declaration of function 'get_callback_dict_from_user_data' [-Werror=implicit-function-declaration]
  757 |             mp_obj_t callbacks = get_callback_dict_from_user_data(user_data);
      |                                  ^~~~~~~~~~~~~~~~~~~~~~~~~~~~~~~~
build-VK_RA6M5/lvgl/lv_mpy.c:757:34: error: initialization of 'mp_obj_t' {aka 'void *'} from 'int' makes pointer from integer without a cast [-Werror=int-conversion]
build-VK_RA6M5/lvgl/lv_mpy.c: At top level:
build-VK_RA6M5/lvgl/lv_mpy.c:770:1: error: unknown type name 'STATIC'
  770 | STATIC mp_obj_t mp_lv_funcptr(const mp_lv_obj_fun_builtin_var_t *mp_fun, void *lv_fun, void *lv_callback, qstr func_name, void *user_data)
      | ^~~~~~
build-VK_RA6M5/lvgl/lv_mpy.c:770:17: error: expected '=', ',', ';', 'asm' or '__attribute__' before 'mp_lv_funcptr'
  770 | STATIC mp_obj_t mp_lv_funcptr(const mp_lv_obj_fun_builtin_var_t *mp_fun, void *lv_fun, void *lv_callback, qstr func_name, void *user_data)
      |                 ^~~~~~~~~~~~~
build-VK_RA6M5/lvgl/lv_mpy.c:787:7: error: expected ';' before 'unsigned'
  787 | STATIC unsigned long long mp_obj_get_ull(mp_obj_t obj)
      |       ^~~~~~~~~
      |       ;
build-VK_RA6M5/lvgl/lv_mpy.c:808:7: error: expected ';' before 'void'
  808 | STATIC void mp_lv_array_print(const mp_print_t *print,
      |       ^~~~~
      |       ;
build-VK_RA6M5/lvgl/lv_mpy.c:818:1: error: unknown type name 'STATIC'
  818 | STATIC mp_obj_t lv_array_subscr(mp_obj_t self_in, mp_obj_t index, mp_obj_t value)
      | ^~~~~~
build-VK_RA6M5/lvgl/lv_mpy.c:818:17: error: expected '=', ',', ';', 'asm' or '__attribute__' before 'lv_array_subscr'
  818 | STATIC mp_obj_t lv_array_subscr(mp_obj_t self_in, mp_obj_t index, mp_obj_t value)
      |                 ^~~~~~~~~~~~~~~
build-VK_RA6M5/lvgl/lv_mpy.c:859:7: error: expected ';' before 'const'
  859 | STATIC const mp_rom_map_elem_t mp_base_struct_locals_dict_table[] = {
      |       ^~~~~~
      |       ;
build-VK_RA6M5/lvgl/lv_mpy.c:865:7: error: expected ';' before 'const'
  865 | STATIC MP_DEFINE_CONST_DICT(mp_base_struct_locals_dict, mp_base_struct_locals_dict_table);
      |       ^
      |       ;
build-VK_RA6M5/lvgl/lv_mpy.c:867:7: error: expected ';' before 'const'
  867 | STATIC MP_DEFINE_CONST_OBJ_TYPE(
      |       ^
      |       ;
In file included from build-VK_RA6M5/lvgl/lv_mpy.c:20:
build-VK_RA6M5/lvgl/lv_mpy.c:872:13: error: 'lv_struct_subscr' undeclared here (not in a function)
  872 |     subscr, lv_struct_subscr,
      |             ^~~~~~~~~~~~~~~~
../../py/obj.h:788:44: note: in definition of macro 'MP_DEFINE_CONST_OBJ_TYPE_EXPAND'
  788 | #define MP_DEFINE_CONST_OBJ_TYPE_EXPAND(x) x
      |                                            ^
../../py/obj.h:792:179: note: in expansion of macro 'MP_DEFINE_CONST_OBJ_TYPE_NARGS_4'
  792 | #define MP_DEFINE_CONST_OBJ_TYPE_NARGS(_1, _2, _3, _4, _5, _6, _7, _8, _9, _10, _11, _12, _13, _14, _15, _16, _17, _18, _19, _20, _21, _22, _23, _24, _25, _26, _27, _28, N, ...) MP_DEFINE_CONST_OBJ_TYPE_NARGS_##N
      |                                                                                                                                                                                   ^~~~~~~~~~~~~~~~~~~~~~~~~~~~~~~
build-VK_RA6M5/lvgl/lv_mpy.c:867:8: note: in expansion of macro 'MP_DEFINE_CONST_OBJ_TYPE'
  867 | STATIC MP_DEFINE_CONST_OBJ_TYPE(
      |        ^~~~~~~~~~~~~~~~~~~~~~~~
build-VK_RA6M5/lvgl/lv_mpy.c:878:7: error: expected ';' before 'const'
  878 | STATIC MP_DEFINE_CONST_OBJ_TYPE(
      |       ^
      |       ;
In file included from build-VK_RA6M5/lvgl/lv_mpy.c:20:
build-VK_RA6M5/lvgl/lv_mpy.c:884:13: error: 'lv_array_subscr' undeclared here (not in a function)
  884 |     subscr, lv_array_subscr,
      |             ^~~~~~~~~~~~~~~
../../py/obj.h:788:44: note: in definition of macro 'MP_DEFINE_CONST_OBJ_TYPE_EXPAND'
  788 | #define MP_DEFINE_CONST_OBJ_TYPE_EXPAND(x) x
      |                                            ^
../../py/obj.h:792:179: note: in expansion of macro 'MP_DEFINE_CONST_OBJ_TYPE_NARGS_5'
  792 | #define MP_DEFINE_CONST_OBJ_TYPE_NARGS(_1, _2, _3, _4, _5, _6, _7, _8, _9, _10, _11, _12, _13, _14, _15, _16, _17, _18, _19, _20, _21, _22, _23, _24, _25, _26, _27, _28, N, ...) MP_DEFINE_CONST_OBJ_TYPE_NARGS_##N
      |                                                                                                                                                                                   ^~~~~~~~~~~~~~~~~~~~~~~~~~~~~~~
build-VK_RA6M5/lvgl/lv_mpy.c:878:8: note: in expansion of macro 'MP_DEFINE_CONST_OBJ_TYPE'
  878 | STATIC MP_DEFINE_CONST_OBJ_TYPE(
      |        ^~~~~~~~~~~~~~~~~~~~~~~~
build-VK_RA6M5/lvgl/lv_mpy.c:889:15: error: unknown type name 'STATIC'
  889 | GENMPY_UNUSED STATIC mp_obj_t mp_array_from_ptr(void *lv_arr, size_t element_size, bool is_signed)
      |               ^~~~~~
build-VK_RA6M5/lvgl/lv_mpy.c:889:31: error: expected '=', ',', ';', 'asm' or '__attribute__' before 'mp_array_from_ptr'
  889 | GENMPY_UNUSED STATIC mp_obj_t mp_array_from_ptr(void *lv_arr, size_t element_size, bool is_signed)
      |                               ^~~~~~~~~~~~~~~~~
build-VK_RA6M5/lvgl/lv_mpy.c:900:21: error: expected ';' before 'void'
  900 | GENMPY_UNUSED STATIC void *mp_array_to_ptr(mp_obj_t *mp_arr, size_t element_size, GENMPY_UNUSED bool is_signed)
      |                     ^~~~~
      |                     ;
build-VK_RA6M5/lvgl/lv_mpy.c:932:65: error: unknown type name 'STATIC'
  932 | #define MP_ARRAY_CONVERTOR(name, size, is_signed) GENMPY_UNUSED STATIC mp_obj_t mp_array_from_ ## name(void *lv_arr){    return mp_array_from_ptr(lv_arr, size, is_signed);}GENMPY_UNUSED STATIC void *mp_array_to_ ## name(mp_obj_t mp_arr){    return mp_array_to_ptr(mp_arr, size, is_signed);}
      |                                                                 ^~~~~~
build-VK_RA6M5/lvgl/lv_mpy.c:934:1: note: in expansion of macro 'MP_ARRAY_CONVERTOR'
  934 | MP_ARRAY_CONVERTOR(u8ptr, 1, false)
      | ^~~~~~~~~~~~~~~~~~
build-VK_RA6M5/lvgl/lv_mpy.c:932:81: error: expected '=', ',', ';', 'asm' or '__attribute__' before 'mp_array_from_u8ptr'
  932 | #define MP_ARRAY_CONVERTOR(name, size, is_signed) GENMPY_UNUSED STATIC mp_obj_t mp_array_from_ ## name(void *lv_arr){    return mp_array_from_ptr(lv_arr, size, is_signed);}GENMPY_UNUSED STATIC void *mp_array_to_ ## name(mp_obj_t mp_arr){    return mp_array_to_ptr(mp_arr, size, is_signed);}
      |                                                                                 ^~~~~~~~~~~~~~
build-VK_RA6M5/lvgl/lv_mpy.c:934:1: note: in expansion of macro 'MP_ARRAY_CONVERTOR'
  934 | MP_ARRAY_CONVERTOR(u8ptr, 1, false)
      | ^~~~~~~~~~~~~~~~~~
build-VK_RA6M5/lvgl/lv_mpy.c:932:194: error: expected ';' before 'void'
  932 | #define MP_ARRAY_CONVERTOR(name, size, is_signed) GENMPY_UNUSED STATIC mp_obj_t mp_array_from_ ## name(void *lv_arr){    return mp_array_from_ptr(lv_arr, size, is_signed);}GENMPY_UNUSED STATIC void *mp_array_to_ ## name(mp_obj_t mp_arr){    return mp_array_to_ptr(mp_arr, size, is_signed);}
      |                                                                                                                                                                                                  ^~~~
build-VK_RA6M5/lvgl/lv_mpy.c:934:1: note: in expansion of macro 'MP_ARRAY_CONVERTOR'
  934 | MP_ARRAY_CONVERTOR(u8ptr, 1, false)
      | ^~~~~~~~~~~~~~~~~~
build-VK_RA6M5/lvgl/lv_mpy.c:932:65: error: unknown type name 'STATIC'
  932 | #define MP_ARRAY_CONVERTOR(name, size, is_signed) GENMPY_UNUSED STATIC mp_obj_t mp_array_from_ ## name(void *lv_arr){    return mp_array_from_ptr(lv_arr, size, is_signed);}GENMPY_UNUSED STATIC void *mp_array_to_ ## name(mp_obj_t mp_arr){    return mp_array_to_ptr(mp_arr, size, is_signed);}
      |                                                                 ^~~~~~
build-VK_RA6M5/lvgl/lv_mpy.c:935:1: note: in expansion of macro 'MP_ARRAY_CONVERTOR'
  935 | MP_ARRAY_CONVERTOR(i8ptr, 1, true)
      | ^~~~~~~~~~~~~~~~~~
build-VK_RA6M5/lvgl/lv_mpy.c:932:81: error: expected '=', ',', ';', 'asm' or '__attribute__' before 'mp_array_from_i8ptr'
  932 | #define MP_ARRAY_CONVERTOR(name, size, is_signed) GENMPY_UNUSED STATIC mp_obj_t mp_array_from_ ## name(void *lv_arr){    return mp_array_from_ptr(lv_arr, size, is_signed);}GENMPY_UNUSED STATIC void *mp_array_to_ ## name(mp_obj_t mp_arr){    return mp_array_to_ptr(mp_arr, size, is_signed);}
      |                                                                                 ^~~~~~~~~~~~~~
build-VK_RA6M5/lvgl/lv_mpy.c:935:1: note: in expansion of macro 'MP_ARRAY_CONVERTOR'
  935 | MP_ARRAY_CONVERTOR(i8ptr, 1, true)
      | ^~~~~~~~~~~~~~~~~~
build-VK_RA6M5/lvgl/lv_mpy.c:932:194: error: expected ';' before 'void'
  932 | #define MP_ARRAY_CONVERTOR(name, size, is_signed) GENMPY_UNUSED STATIC mp_obj_t mp_array_from_ ## name(void *lv_arr){    return mp_array_from_ptr(lv_arr, size, is_signed);}GENMPY_UNUSED STATIC void *mp_array_to_ ## name(mp_obj_t mp_arr){    return mp_array_to_ptr(mp_arr, size, is_signed);}
      |                                                                                                                                                                                                  ^~~~
build-VK_RA6M5/lvgl/lv_mpy.c:935:1: note: in expansion of macro 'MP_ARRAY_CONVERTOR'
  935 | MP_ARRAY_CONVERTOR(i8ptr, 1, true)
      | ^~~~~~~~~~~~~~~~~~
build-VK_RA6M5/lvgl/lv_mpy.c:932:65: error: unknown type name 'STATIC'
  932 | #define MP_ARRAY_CONVERTOR(name, size, is_signed) GENMPY_UNUSED STATIC mp_obj_t mp_array_from_ ## name(void *lv_arr){    return mp_array_from_ptr(lv_arr, size, is_signed);}GENMPY_UNUSED STATIC void *mp_array_to_ ## name(mp_obj_t mp_arr){    return mp_array_to_ptr(mp_arr, size, is_signed);}
      |                                                                 ^~~~~~
build-VK_RA6M5/lvgl/lv_mpy.c:936:1: note: in expansion of macro 'MP_ARRAY_CONVERTOR'
  936 | MP_ARRAY_CONVERTOR(u16ptr, 2, false)
      | ^~~~~~~~~~~~~~~~~~
build-VK_RA6M5/lvgl/lv_mpy.c:932:81: error: expected '=', ',', ';', 'asm' or '__attribute__' before 'mp_array_from_u16ptr'
  932 | #define MP_ARRAY_CONVERTOR(name, size, is_signed) GENMPY_UNUSED STATIC mp_obj_t mp_array_from_ ## name(void *lv_arr){    return mp_array_from_ptr(lv_arr, size, is_signed);}GENMPY_UNUSED STATIC void *mp_array_to_ ## name(mp_obj_t mp_arr){    return mp_array_to_ptr(mp_arr, size, is_signed);}
      |                                                                                 ^~~~~~~~~~~~~~
build-VK_RA6M5/lvgl/lv_mpy.c:936:1: note: in expansion of macro 'MP_ARRAY_CONVERTOR'
  936 | MP_ARRAY_CONVERTOR(u16ptr, 2, false)
      | ^~~~~~~~~~~~~~~~~~
build-VK_RA6M5/lvgl/lv_mpy.c:932:194: error: expected ';' before 'void'
  932 | #define MP_ARRAY_CONVERTOR(name, size, is_signed) GENMPY_UNUSED STATIC mp_obj_t mp_array_from_ ## name(void *lv_arr){    return mp_array_from_ptr(lv_arr, size, is_signed);}GENMPY_UNUSED STATIC void *mp_array_to_ ## name(mp_obj_t mp_arr){    return mp_array_to_ptr(mp_arr, size, is_signed);}
      |                                                                                                                                                                                                  ^~~~
build-VK_RA6M5/lvgl/lv_mpy.c:936:1: note: in expansion of macro 'MP_ARRAY_CONVERTOR'
  936 | MP_ARRAY_CONVERTOR(u16ptr, 2, false)
      | ^~~~~~~~~~~~~~~~~~
build-VK_RA6M5/lvgl/lv_mpy.c:932:65: error: unknown type name 'STATIC'
  932 | #define MP_ARRAY_CONVERTOR(name, size, is_signed) GENMPY_UNUSED STATIC mp_obj_t mp_array_from_ ## name(void *lv_arr){    return mp_array_from_ptr(lv_arr, size, is_signed);}GENMPY_UNUSED STATIC void *mp_array_to_ ## name(mp_obj_t mp_arr){    return mp_array_to_ptr(mp_arr, size, is_signed);}
      |                                                                 ^~~~~~
build-VK_RA6M5/lvgl/lv_mpy.c:937:1: note: in expansion of macro 'MP_ARRAY_CONVERTOR'
  937 | MP_ARRAY_CONVERTOR(i16ptr, 2, true)
      | ^~~~~~~~~~~~~~~~~~
build-VK_RA6M5/lvgl/lv_mpy.c:932:81: error: expected '=', ',', ';', 'asm' or '__attribute__' before 'mp_array_from_i16ptr'
  932 | #define MP_ARRAY_CONVERTOR(name, size, is_signed) GENMPY_UNUSED STATIC mp_obj_t mp_array_from_ ## name(void *lv_arr){    return mp_array_from_ptr(lv_arr, size, is_signed);}GENMPY_UNUSED STATIC void *mp_array_to_ ## name(mp_obj_t mp_arr){    return mp_array_to_ptr(mp_arr, size, is_signed);}
      |                                                                                 ^~~~~~~~~~~~~~
build-VK_RA6M5/lvgl/lv_mpy.c:937:1: note: in expansion of macro 'MP_ARRAY_CONVERTOR'
  937 | MP_ARRAY_CONVERTOR(i16ptr, 2, true)
      | ^~~~~~~~~~~~~~~~~~
build-VK_RA6M5/lvgl/lv_mpy.c:932:194: error: expected ';' before 'void'
  932 | #define MP_ARRAY_CONVERTOR(name, size, is_signed) GENMPY_UNUSED STATIC mp_obj_t mp_array_from_ ## name(void *lv_arr){    return mp_array_from_ptr(lv_arr, size, is_signed);}GENMPY_UNUSED STATIC void *mp_array_to_ ## name(mp_obj_t mp_arr){    return mp_array_to_ptr(mp_arr, size, is_signed);}
      |                                                                                                                                                                                                  ^~~~
build-VK_RA6M5/lvgl/lv_mpy.c:937:1: note: in expansion of macro 'MP_ARRAY_CONVERTOR'
  937 | MP_ARRAY_CONVERTOR(i16ptr, 2, true)
      | ^~~~~~~~~~~~~~~~~~
build-VK_RA6M5/lvgl/lv_mpy.c:932:65: error: unknown type name 'STATIC'
  932 | #define MP_ARRAY_CONVERTOR(name, size, is_signed) GENMPY_UNUSED STATIC mp_obj_t mp_array_from_ ## name(void *lv_arr){    return mp_array_from_ptr(lv_arr, size, is_signed);}GENMPY_UNUSED STATIC void *mp_array_to_ ## name(mp_obj_t mp_arr){    return mp_array_to_ptr(mp_arr, size, is_signed);}
      |                                                                 ^~~~~~
build-VK_RA6M5/lvgl/lv_mpy.c:938:1: note: in expansion of macro 'MP_ARRAY_CONVERTOR'
  938 | MP_ARRAY_CONVERTOR(u32ptr, 4, false)
      | ^~~~~~~~~~~~~~~~~~
build-VK_RA6M5/lvgl/lv_mpy.c:932:81: error: expected '=', ',', ';', 'asm' or '__attribute__' before 'mp_array_from_u32ptr'
  932 | #define MP_ARRAY_CONVERTOR(name, size, is_signed) GENMPY_UNUSED STATIC mp_obj_t mp_array_from_ ## name(void *lv_arr){    return mp_array_from_ptr(lv_arr, size, is_signed);}GENMPY_UNUSED STATIC void *mp_array_to_ ## name(mp_obj_t mp_arr){    return mp_array_to_ptr(mp_arr, size, is_signed);}
      |                                                                                 ^~~~~~~~~~~~~~
build-VK_RA6M5/lvgl/lv_mpy.c:938:1: note: in expansion of macro 'MP_ARRAY_CONVERTOR'
  938 | MP_ARRAY_CONVERTOR(u32ptr, 4, false)
      | ^~~~~~~~~~~~~~~~~~
build-VK_RA6M5/lvgl/lv_mpy.c:932:194: error: expected ';' before 'void'
  932 | #define MP_ARRAY_CONVERTOR(name, size, is_signed) GENMPY_UNUSED STATIC mp_obj_t mp_array_from_ ## name(void *lv_arr){    return mp_array_from_ptr(lv_arr, size, is_signed);}GENMPY_UNUSED STATIC void *mp_array_to_ ## name(mp_obj_t mp_arr){    return mp_array_to_ptr(mp_arr, size, is_signed);}
      |                                                                                                                                                                                                  ^~~~
build-VK_RA6M5/lvgl/lv_mpy.c:938:1: note: in expansion of macro 'MP_ARRAY_CONVERTOR'
  938 | MP_ARRAY_CONVERTOR(u32ptr, 4, false)
      | ^~~~~~~~~~~~~~~~~~
build-VK_RA6M5/lvgl/lv_mpy.c:932:65: error: unknown type name 'STATIC'
  932 | #define MP_ARRAY_CONVERTOR(name, size, is_signed) GENMPY_UNUSED STATIC mp_obj_t mp_array_from_ ## name(void *lv_arr){    return mp_array_from_ptr(lv_arr, size, is_signed);}GENMPY_UNUSED STATIC void *mp_array_to_ ## name(mp_obj_t mp_arr){    return mp_array_to_ptr(mp_arr, size, is_signed);}
      |                                                                 ^~~~~~
build-VK_RA6M5/lvgl/lv_mpy.c:939:1: note: in expansion of macro 'MP_ARRAY_CONVERTOR'
  939 | MP_ARRAY_CONVERTOR(i32ptr, 4, true)
      | ^~~~~~~~~~~~~~~~~~
build-VK_RA6M5/lvgl/lv_mpy.c:932:81: error: expected '=', ',', ';', 'asm' or '__attribute__' before 'mp_array_from_i32ptr'
  932 | #define MP_ARRAY_CONVERTOR(name, size, is_signed) GENMPY_UNUSED STATIC mp_obj_t mp_array_from_ ## name(void *lv_arr){    return mp_array_from_ptr(lv_arr, size, is_signed);}GENMPY_UNUSED STATIC void *mp_array_to_ ## name(mp_obj_t mp_arr){    return mp_array_to_ptr(mp_arr, size, is_signed);}
      |                                                                                 ^~~~~~~~~~~~~~
build-VK_RA6M5/lvgl/lv_mpy.c:939:1: note: in expansion of macro 'MP_ARRAY_CONVERTOR'
  939 | MP_ARRAY_CONVERTOR(i32ptr, 4, true)
      | ^~~~~~~~~~~~~~~~~~
build-VK_RA6M5/lvgl/lv_mpy.c:932:194: error: expected ';' before 'void'
  932 | #define MP_ARRAY_CONVERTOR(name, size, is_signed) GENMPY_UNUSED STATIC mp_obj_t mp_array_from_ ## name(void *lv_arr){    return mp_array_from_ptr(lv_arr, size, is_signed);}GENMPY_UNUSED STATIC void *mp_array_to_ ## name(mp_obj_t mp_arr){    return mp_array_to_ptr(mp_arr, size, is_signed);}
      |                                                                                                                                                                                                  ^~~~
build-VK_RA6M5/lvgl/lv_mpy.c:939:1: note: in expansion of macro 'MP_ARRAY_CONVERTOR'
  939 | MP_ARRAY_CONVERTOR(i32ptr, 4, true)
      | ^~~~~~~~~~~~~~~~~~
build-VK_RA6M5/lvgl/lv_mpy.c:932:65: error: unknown type name 'STATIC'
  932 | #define MP_ARRAY_CONVERTOR(name, size, is_signed) GENMPY_UNUSED STATIC mp_obj_t mp_array_from_ ## name(void *lv_arr){    return mp_array_from_ptr(lv_arr, size, is_signed);}GENMPY_UNUSED STATIC void *mp_array_to_ ## name(mp_obj_t mp_arr){    return mp_array_to_ptr(mp_arr, size, is_signed);}
      |                                                                 ^~~~~~
build-VK_RA6M5/lvgl/lv_mpy.c:940:1: note: in expansion of macro 'MP_ARRAY_CONVERTOR'
  940 | MP_ARRAY_CONVERTOR(u64ptr, 8, false)
      | ^~~~~~~~~~~~~~~~~~
build-VK_RA6M5/lvgl/lv_mpy.c:932:81: error: expected '=', ',', ';', 'asm' or '__attribute__' before 'mp_array_from_u64ptr'
  932 | #define MP_ARRAY_CONVERTOR(name, size, is_signed) GENMPY_UNUSED STATIC mp_obj_t mp_array_from_ ## name(void *lv_arr){    return mp_array_from_ptr(lv_arr, size, is_signed);}GENMPY_UNUSED STATIC void *mp_array_to_ ## name(mp_obj_t mp_arr){    return mp_array_to_ptr(mp_arr, size, is_signed);}
      |                                                                                 ^~~~~~~~~~~~~~
build-VK_RA6M5/lvgl/lv_mpy.c:940:1: note: in expansion of macro 'MP_ARRAY_CONVERTOR'
  940 | MP_ARRAY_CONVERTOR(u64ptr, 8, false)
      | ^~~~~~~~~~~~~~~~~~
build-VK_RA6M5/lvgl/lv_mpy.c:932:194: error: expected ';' before 'void'
  932 | #define MP_ARRAY_CONVERTOR(name, size, is_signed) GENMPY_UNUSED STATIC mp_obj_t mp_array_from_ ## name(void *lv_arr){    return mp_array_from_ptr(lv_arr, size, is_signed);}GENMPY_UNUSED STATIC void *mp_array_to_ ## name(mp_obj_t mp_arr){    return mp_array_to_ptr(mp_arr, size, is_signed);}
      |                                                                                                                                                                                                  ^~~~
build-VK_RA6M5/lvgl/lv_mpy.c:940:1: note: in expansion of macro 'MP_ARRAY_CONVERTOR'
  940 | MP_ARRAY_CONVERTOR(u64ptr, 8, false)
      | ^~~~~~~~~~~~~~~~~~
build-VK_RA6M5/lvgl/lv_mpy.c:932:65: error: unknown type name 'STATIC'
  932 | #define MP_ARRAY_CONVERTOR(name, size, is_signed) GENMPY_UNUSED STATIC mp_obj_t mp_array_from_ ## name(void *lv_arr){    return mp_array_from_ptr(lv_arr, size, is_signed);}GENMPY_UNUSED STATIC void *mp_array_to_ ## name(mp_obj_t mp_arr){    return mp_array_to_ptr(mp_arr, size, is_signed);}
      |                                                                 ^~~~~~
build-VK_RA6M5/lvgl/lv_mpy.c:941:1: note: in expansion of macro 'MP_ARRAY_CONVERTOR'
  941 | MP_ARRAY_CONVERTOR(i64ptr, 8, true)
      | ^~~~~~~~~~~~~~~~~~
build-VK_RA6M5/lvgl/lv_mpy.c:932:81: error: expected '=', ',', ';', 'asm' or '__attribute__' before 'mp_array_from_i64ptr'
  932 | #define MP_ARRAY_CONVERTOR(name, size, is_signed) GENMPY_UNUSED STATIC mp_obj_t mp_array_from_ ## name(void *lv_arr){    return mp_array_from_ptr(lv_arr, size, is_signed);}GENMPY_UNUSED STATIC void *mp_array_to_ ## name(mp_obj_t mp_arr){    return mp_array_to_ptr(mp_arr, size, is_signed);}
      |                                                                                 ^~~~~~~~~~~~~~
build-VK_RA6M5/lvgl/lv_mpy.c:941:1: note: in expansion of macro 'MP_ARRAY_CONVERTOR'
  941 | MP_ARRAY_CONVERTOR(i64ptr, 8, true)
      | ^~~~~~~~~~~~~~~~~~
build-VK_RA6M5/lvgl/lv_mpy.c:932:194: error: expected ';' before 'void'
  932 | #define MP_ARRAY_CONVERTOR(name, size, is_signed) GENMPY_UNUSED STATIC mp_obj_t mp_array_from_ ## name(void *lv_arr){    return mp_array_from_ptr(lv_arr, size, is_signed);}GENMPY_UNUSED STATIC void *mp_array_to_ ## name(mp_obj_t mp_arr){    return mp_array_to_ptr(mp_arr, size, is_signed);}
      |                                                                                                                                                                                                  ^~~~
build-VK_RA6M5/lvgl/lv_mpy.c:941:1: note: in expansion of macro 'MP_ARRAY_CONVERTOR'
  941 | MP_ARRAY_CONVERTOR(i64ptr, 8, true)
      | ^~~~~~~~~~~~~~~~~~
build-VK_RA6M5/lvgl/lv_mpy.c:1029:7: error: expected ';' before 'inline'
 1029 | STATIC inline const mp_obj_type_t *get_mp_C_Pointer_type();
      |       ^~~~~~~
      |       ;
build-VK_RA6M5/lvgl/lv_mpy.c:1031:7: error: expected ';' before 'inline'
 1031 | STATIC inline void* mp_write_ptr_C_Pointer(mp_obj_t self_in)
      |       ^~~~~~~
      |       ;
In file included from build-VK_RA6M5/lvgl/lv_mpy.c:20:
build-VK_RA6M5/lvgl/lv_mpy.c: In function 'mp_write_ptr_C_Pointer':
build-VK_RA6M5/lvgl/lv_mpy.c:1033:42: error: implicit declaration of function 'cast' [-Werror=implicit-function-declaration]
 1033 |     mp_lv_struct_t *self = MP_OBJ_TO_PTR(cast(self_in, get_mp_C_Pointer_type()));
      |                                          ^~~~
../../py/obj.h:316:36: note: in definition of macro 'MP_OBJ_TO_PTR'
  316 | #define MP_OBJ_TO_PTR(o) ((void *)(o))
      |                                    ^
build-VK_RA6M5/lvgl/lv_mpy.c: At top level:
build-VK_RA6M5/lvgl/lv_mpy.c:1039:7: error: expected ';' before 'inline'
 1039 | STATIC inline mp_obj_t mp_read_ptr_C_Pointer(void *field)
      |       ^~~~~~~
      |       ;
build-VK_RA6M5/lvgl/lv_mpy.c: In function 'mp_read_ptr_C_Pointer':
build-VK_RA6M5/lvgl/lv_mpy.c:1041:12: error: returning 'int' from a function with return type 'mp_obj_t' {aka 'void *'} makes pointer from integer without a cast [-Werror=int-conversion]
 1041 |     return lv_to_mp_struct(get_mp_C_Pointer_type(), field);
      |            ^~~~~~~~~~~~~~~~~~~~~~~~~~~~~~~~~~~~~~~~~~~~~~~
build-VK_RA6M5/lvgl/lv_mpy.c: At top level:
build-VK_RA6M5/lvgl/lv_mpy.c:1047:7: error: expected ';' before 'void'
 1047 | STATIC void mp_C_Pointer_attr(mp_obj_t self_in, qstr attr, mp_obj_t *dest)
      |       ^~~~~
      |       ;
build-VK_RA6M5/lvgl/lv_mpy.c:1080:7: error: expected ';' before 'void'
 1080 | STATIC void mp_C_Pointer_print(const mp_print_t *print,
      |       ^~~~~
      |       ;
build-VK_RA6M5/lvgl/lv_mpy.c:1087:7: error: expected ';' before 'const'
 1087 | STATIC const mp_obj_dict_t mp_C_Pointer_locals_dict;
      |       ^~~~~~
      |       ;
build-VK_RA6M5/lvgl/lv_mpy.c:1089:7: error: expected ';' before 'const'
 1089 | STATIC MP_DEFINE_CONST_OBJ_TYPE(
      |       ^
      |       ;
In file included from build-VK_RA6M5/lvgl/lv_mpy.c:20:
build-VK_RA6M5/lvgl/lv_mpy.c:1094:15: error: 'make_new_lv_struct' undeclared here (not in a function)
 1094 |     make_new, make_new_lv_struct,
      |               ^~~~~~~~~~~~~~~~~~
../../py/obj.h:788:44: note: in definition of macro 'MP_DEFINE_CONST_OBJ_TYPE_EXPAND'
  788 | #define MP_DEFINE_CONST_OBJ_TYPE_EXPAND(x) x
      |                                            ^
../../py/obj.h:792:179: note: in expansion of macro 'MP_DEFINE_CONST_OBJ_TYPE_NARGS_8'
  792 | #define MP_DEFINE_CONST_OBJ_TYPE_NARGS(_1, _2, _3, _4, _5, _6, _7, _8, _9, _10, _11, _12, _13, _14, _15, _16, _17, _18, _19, _20, _21, _22, _23, _24, _25, _26, _27, _28, N, ...) MP_DEFINE_CONST_OBJ_TYPE_NARGS_##N
      |                                                                                                                                                                                   ^~~~~~~~~~~~~~~~~~~~~~~~~~~~~~~
build-VK_RA6M5/lvgl/lv_mpy.c:1089:8: note: in expansion of macro 'MP_DEFINE_CONST_OBJ_TYPE'
 1089 | STATIC MP_DEFINE_CONST_OBJ_TYPE(
      |        ^~~~~~~~~~~~~~~~~~~~~~~~
build-VK_RA6M5/lvgl/lv_mpy.c:1103:7: error: expected ';' before 'inline'
 1103 | STATIC inline const mp_obj_type_t *get_mp_C_Pointer_type()
      |       ^~~~~~~
      |       ;
build-VK_RA6M5/lvgl/lv_mpy.c:1114:7: error: expected ';' before 'const'
 1114 | STATIC const mp_rom_map_elem_t LV_RES_locals_dict_table[] = {
      |       ^~~~~~
      |       ;
build-VK_RA6M5/lvgl/lv_mpy.c:1119:7: error: expected ';' before 'const'
 1119 | STATIC MP_DEFINE_CONST_DICT(LV_RES_locals_dict, LV_RES_locals_dict_table);
      |       ^
      |       ;
build-VK_RA6M5/lvgl/lv_mpy.c:1121:7: error: expected ';' before 'void'
 1121 | STATIC void LV_RES_print(const mp_print_t *print,
      |       ^~~~~
      |       ;
build-VK_RA6M5/lvgl/lv_mpy.c:1130:7: error: expected ';' before 'const'
 1130 | STATIC MP_DEFINE_CONST_OBJ_TYPE(
      |       ^
      |       ;
build-VK_RA6M5/lvgl/lv_mpy.c:1143:21: error: expected ';' before 'const'
 1143 | GENMPY_UNUSED STATIC const mp_lv_obj_type_t mp_lv_LV_RES_type = {
      |                     ^~~~~~
      |                     ;
build-VK_RA6M5/lvgl/lv_mpy.c:1156:7: error: expected ';' before 'const'
 1156 | STATIC const mp_rom_map_elem_t ENUM_LV_LOG_LEVEL_locals_dict_table[] = {
      |       ^~~~~~
      |       ;
build-VK_RA6M5/lvgl/lv_mpy.c:1165:7: error: expected ';' before 'const'
 1165 | STATIC MP_DEFINE_CONST_DICT(ENUM_LV_LOG_LEVEL_locals_dict, ENUM_LV_LOG_LEVEL_locals_dict_table);
      |       ^
      |       ;
build-VK_RA6M5/lvgl/lv_mpy.c:1167:7: error: expected ';' before 'void'
 1167 | STATIC void ENUM_LV_LOG_LEVEL_print(const mp_print_t *print,
      |       ^~~~~
      |       ;
build-VK_RA6M5/lvgl/lv_mpy.c:1176:7: error: expected ';' before 'const'
 1176 | STATIC MP_DEFINE_CONST_OBJ_TYPE(
      |       ^
      |       ;
build-VK_RA6M5/lvgl/lv_mpy.c:1189:21: error: expected ';' before 'const'
 1189 | GENMPY_UNUSED STATIC const mp_lv_obj_type_t mp_lv_ENUM_LV_LOG_LEVEL_type = {
      |                     ^~~~~~
      |                     ;
build-VK_RA6M5/lvgl/lv_mpy.c:1202:7: error: expected ';' before 'const'
 1202 | STATIC const mp_rom_map_elem_t LV_ALIGN_locals_dict_table[] = {
      |       ^~~~~~
      |       ;
build-VK_RA6M5/lvgl/lv_mpy.c:1227:7: error: expected ';' before 'const'
 1227 | STATIC MP_DEFINE_CONST_DICT(LV_ALIGN_locals_dict, LV_ALIGN_locals_dict_table);
      |       ^
      |       ;
build-VK_RA6M5/lvgl/lv_mpy.c:1229:7: error: expected ';' before 'void'
 1229 | STATIC void LV_ALIGN_print(const mp_print_t *print,
      |       ^~~~~
      |       ;
build-VK_RA6M5/lvgl/lv_mpy.c:1238:7: error: expected ';' before 'const'
 1238 | STATIC MP_DEFINE_CONST_OBJ_TYPE(
      |       ^
      |       ;
build-VK_RA6M5/lvgl/lv_mpy.c:1251:21: error: expected ';' before 'const'
 1251 | GENMPY_UNUSED STATIC const mp_lv_obj_type_t mp_lv_LV_ALIGN_type = {
      |                     ^~~~~~
      |                     ;
build-VK_RA6M5/lvgl/lv_mpy.c:1264:7: error: expected ';' before 'const'
 1264 | STATIC const mp_rom_map_elem_t LV_DIR_locals_dict_table[] = {
      |       ^~~~~~
      |       ;
build-VK_RA6M5/lvgl/lv_mpy.c:1275:7: error: expected ';' before 'const'
 1275 | STATIC MP_DEFINE_CONST_DICT(LV_DIR_locals_dict, LV_DIR_locals_dict_table);
      |       ^
      |       ;
build-VK_RA6M5/lvgl/lv_mpy.c:1277:7: error: expected ';' before 'void'
 1277 | STATIC void LV_DIR_print(const mp_print_t *print,
      |       ^~~~~
      |       ;
build-VK_RA6M5/lvgl/lv_mpy.c:1286:7: error: expected ';' before 'const'
 1286 | STATIC MP_DEFINE_CONST_OBJ_TYPE(
      |       ^
      |       ;
build-VK_RA6M5/lvgl/lv_mpy.c:1299:21: error: expected ';' before 'const'
 1299 | GENMPY_UNUSED STATIC const mp_lv_obj_type_t mp_lv_LV_DIR_type = {
      |                     ^~~~~~
      |                     ;
build-VK_RA6M5/lvgl/lv_mpy.c:1312:7: error: expected ';' before 'const'
 1312 | STATIC const mp_rom_map_elem_t ENUM_LV_COORD_locals_dict_table[] = {
      |       ^~~~~~
      |       ;
build-VK_RA6M5/lvgl/lv_mpy.c:1317:7: error: expected ';' before 'const'
 1317 | STATIC MP_DEFINE_CONST_DICT(ENUM_LV_COORD_locals_dict, ENUM_LV_COORD_locals_dict_table);
      |       ^
      |       ;
build-VK_RA6M5/lvgl/lv_mpy.c:1319:7: error: expected ';' before 'void'
 1319 | STATIC void ENUM_LV_COORD_print(const mp_print_t *print,
      |       ^~~~~
      |       ;
build-VK_RA6M5/lvgl/lv_mpy.c:1328:7: error: expected ';' before 'const'
 1328 | STATIC MP_DEFINE_CONST_OBJ_TYPE(
      |       ^
      |       ;
build-VK_RA6M5/lvgl/lv_mpy.c:1341:21: error: expected ';' before 'const'
 1341 | GENMPY_UNUSED STATIC const mp_lv_obj_type_t mp_lv_ENUM_LV_COORD_type = {
      |                     ^~~~~~
      |                     ;
build-VK_RA6M5/lvgl/lv_mpy.c:1354:7: error: expected ';' before 'const'
 1354 | STATIC const mp_rom_map_elem_t LV_FONT_SUBPX_locals_dict_table[] = {
      |       ^~~~~~
      |       ;
build-VK_RA6M5/lvgl/lv_mpy.c:1361:7: error: expected ';' before 'const'
 1361 | STATIC MP_DEFINE_CONST_DICT(LV_FONT_SUBPX_locals_dict, LV_FONT_SUBPX_locals_dict_table);
      |       ^
      |       ;
build-VK_RA6M5/lvgl/lv_mpy.c:1363:7: error: expected ';' before 'void'
 1363 | STATIC void LV_FONT_SUBPX_print(const mp_print_t *print,
      |       ^~~~~
      |       ;
build-VK_RA6M5/lvgl/lv_mpy.c:1372:7: error: expected ';' before 'const'
 1372 | STATIC MP_DEFINE_CONST_OBJ_TYPE(
      |       ^
      |       ;
CC ../../extmod/modwebrepl.c
build-VK_RA6M5/lvgl/lv_mpy.c:1385:21: error: expected ';' before 'const'
 1385 | GENMPY_UNUSED STATIC const mp_lv_obj_type_t mp_lv_LV_FONT_SUBPX_type = {
      |                     ^~~~~~
      |                     ;
build-VK_RA6M5/lvgl/lv_mpy.c:1398:7: error: expected ';' before 'const'
 1398 | STATIC const mp_rom_map_elem_t LV_OPA_locals_dict_table[] = {
      |       ^~~~~~
      |       ;
build-VK_RA6M5/lvgl/lv_mpy.c:1414:7: error: expected ';' before 'const'
 1414 | STATIC MP_DEFINE_CONST_DICT(LV_OPA_locals_dict, LV_OPA_locals_dict_table);
      |       ^
      |       ;
build-VK_RA6M5/lvgl/lv_mpy.c:1416:7: error: expected ';' before 'void'
 1416 | STATIC void LV_OPA_print(const mp_print_t *print,
      |       ^~~~~
      |       ;
build-VK_RA6M5/lvgl/lv_mpy.c:1425:7: error: expected ';' before 'const'
 1425 | STATIC MP_DEFINE_CONST_OBJ_TYPE(
      |       ^
      |       ;
build-VK_RA6M5/lvgl/lv_mpy.c:1438:21: error: expected ';' before 'const'
 1438 | GENMPY_UNUSED STATIC const mp_lv_obj_type_t mp_lv_LV_OPA_type = {
      |                     ^~~~~~
      |                     ;
build-VK_RA6M5/lvgl/lv_mpy.c:1451:7: error: expected ';' before 'const'
 1451 | STATIC const mp_rom_map_elem_t LV_TEXT_FLAG_locals_dict_table[] = {
      |       ^~~~~~
      |       ;
build-VK_RA6M5/lvgl/lv_mpy.c:1458:7: error: expected ';' before 'const'
 1458 | STATIC MP_DEFINE_CONST_DICT(LV_TEXT_FLAG_locals_dict, LV_TEXT_FLAG_locals_dict_table);
      |       ^
      |       ;
build-VK_RA6M5/lvgl/lv_mpy.c:1460:7: error: expected ';' before 'void'
 1460 | STATIC void LV_TEXT_FLAG_print(const mp_print_t *print,
      |       ^~~~~
      |       ;
build-VK_RA6M5/lvgl/lv_mpy.c:1469:7: error: expected ';' before 'const'
 1469 | STATIC MP_DEFINE_CONST_OBJ_TYPE(
      |       ^
      |       ;
build-VK_RA6M5/lvgl/lv_mpy.c:1482:21: error: expected ';' before 'const'
 1482 | GENMPY_UNUSED STATIC const mp_lv_obj_type_t mp_lv_LV_TEXT_FLAG_type = {
      |                     ^~~~~~
      |                     ;
build-VK_RA6M5/lvgl/lv_mpy.c:1495:7: error: expected ';' before 'const'
 1495 | STATIC const mp_rom_map_elem_t LV_TEXT_CMD_STATE_locals_dict_table[] = {
      |       ^~~~~~
      |       ;
build-VK_RA6M5/lvgl/lv_mpy.c:1501:7: error: expected ';' before 'const'
 1501 | STATIC MP_DEFINE_CONST_DICT(LV_TEXT_CMD_STATE_locals_dict, LV_TEXT_CMD_STATE_locals_dict_table);
      |       ^
      |       ;
build-VK_RA6M5/lvgl/lv_mpy.c:1503:7: error: expected ';' before 'void'
 1503 | STATIC void LV_TEXT_CMD_STATE_print(const mp_print_t *print,
      |       ^~~~~
      |       ;
build-VK_RA6M5/lvgl/lv_mpy.c:1512:7: error: expected ';' before 'const'
 1512 | STATIC MP_DEFINE_CONST_OBJ_TYPE(
      |       ^
      |       ;
build-VK_RA6M5/lvgl/lv_mpy.c:1525:21: error: expected ';' before 'const'
 1525 | GENMPY_UNUSED STATIC const mp_lv_obj_type_t mp_lv_LV_TEXT_CMD_STATE_type = {
      |                     ^~~~~~
      |                     ;
build-VK_RA6M5/lvgl/lv_mpy.c:1538:7: error: expected ';' before 'const'
 1538 | STATIC const mp_rom_map_elem_t LV_TEXT_ALIGN_locals_dict_table[] = {
      |       ^~~~~~
      |       ;
build-VK_RA6M5/lvgl/lv_mpy.c:1545:7: error: expected ';' before 'const'
 1545 | STATIC MP_DEFINE_CONST_DICT(LV_TEXT_ALIGN_locals_dict, LV_TEXT_ALIGN_locals_dict_table);
      |       ^
      |       ;
build-VK_RA6M5/lvgl/lv_mpy.c:1547:7: error: expected ';' before 'void'
 1547 | STATIC void LV_TEXT_ALIGN_print(const mp_print_t *print,
      |       ^~~~~
      |       ;
build-VK_RA6M5/lvgl/lv_mpy.c:1556:7: error: expected ';' before 'const'
 1556 | STATIC MP_DEFINE_CONST_OBJ_TYPE(
      |       ^
      |       ;
build-VK_RA6M5/lvgl/lv_mpy.c:1569:21: error: expected ';' before 'const'
 1569 | GENMPY_UNUSED STATIC const mp_lv_obj_type_t mp_lv_LV_TEXT_ALIGN_type = {
      |                     ^~~~~~
      |                     ;
build-VK_RA6M5/lvgl/lv_mpy.c:1582:7: error: expected ';' before 'const'
 1582 | STATIC const mp_rom_map_elem_t LV_BASE_DIR_locals_dict_table[] = {
      |       ^~~~~~
      |       ;
build-VK_RA6M5/lvgl/lv_mpy.c:1590:7: error: expected ';' before 'const'
 1590 | STATIC MP_DEFINE_CONST_DICT(LV_BASE_DIR_locals_dict, LV_BASE_DIR_locals_dict_table);
      |       ^
      |       ;
build-VK_RA6M5/lvgl/lv_mpy.c:1592:7: error: expected ';' before 'void'
 1592 | STATIC void LV_BASE_DIR_print(const mp_print_t *print,
      |       ^~~~~
      |       ;
build-VK_RA6M5/lvgl/lv_mpy.c:1601:7: error: expected ';' before 'const'
 1601 | STATIC MP_DEFINE_CONST_OBJ_TYPE(
      |       ^
      |       ;
build-VK_RA6M5/lvgl/lv_mpy.c:1614:21: error: expected ';' before 'const'
 1614 | GENMPY_UNUSED STATIC const mp_lv_obj_type_t mp_lv_LV_BASE_DIR_type = {
      |                     ^~~~~~
      |                     ;
build-VK_RA6M5/lvgl/lv_mpy.c:1627:7: error: expected ';' before 'const'
 1627 | STATIC const mp_rom_map_elem_t LV_BLEND_MODE_locals_dict_table[] = {
      |       ^~~~~~
      |       ;
build-VK_RA6M5/lvgl/lv_mpy.c:1635:7: error: expected ';' before 'const'
 1635 | STATIC MP_DEFINE_CONST_DICT(LV_BLEND_MODE_locals_dict, LV_BLEND_MODE_locals_dict_table);
      |       ^
      |       ;
build-VK_RA6M5/lvgl/lv_mpy.c:1637:7: error: expected ';' before 'void'
 1637 | STATIC void LV_BLEND_MODE_print(const mp_print_t *print,
      |       ^~~~~
      |       ;
build-VK_RA6M5/lvgl/lv_mpy.c:1646:7: error: expected ';' before 'const'
 1646 | STATIC MP_DEFINE_CONST_OBJ_TYPE(
      |       ^
      |       ;
build-VK_RA6M5/lvgl/lv_mpy.c:1659:21: error: expected ';' before 'const'
 1659 | GENMPY_UNUSED STATIC const mp_lv_obj_type_t mp_lv_LV_BLEND_MODE_type = {
      |                     ^~~~~~
      |                     ;
build-VK_RA6M5/lvgl/lv_mpy.c:1672:7: error: expected ';' before 'const'
 1672 | STATIC const mp_rom_map_elem_t LV_TEXT_DECOR_locals_dict_table[] = {
      |       ^~~~~~
      |       ;
build-VK_RA6M5/lvgl/lv_mpy.c:1678:7: error: expected ';' before 'const'
 1678 | STATIC MP_DEFINE_CONST_DICT(LV_TEXT_DECOR_locals_dict, LV_TEXT_DECOR_locals_dict_table);
      |       ^
      |       ;
build-VK_RA6M5/lvgl/lv_mpy.c:1680:7: error: expected ';' before 'void'
 1680 | STATIC void LV_TEXT_DECOR_print(const mp_print_t *print,
      |       ^~~~~
      |       ;
build-VK_RA6M5/lvgl/lv_mpy.c:1689:7: error: expected ';' before 'const'
 1689 | STATIC MP_DEFINE_CONST_OBJ_TYPE(
      |       ^
      |       ;
build-VK_RA6M5/lvgl/lv_mpy.c:1702:21: error: expected ';' before 'const'
 1702 | GENMPY_UNUSED STATIC const mp_lv_obj_type_t mp_lv_LV_TEXT_DECOR_type = {
      |                     ^~~~~~
      |                     ;
build-VK_RA6M5/lvgl/lv_mpy.c:1715:7: error: expected ';' before 'const'
 1715 | STATIC const mp_rom_map_elem_t LV_BORDER_SIDE_locals_dict_table[] = {
      |       ^~~~~~
      |       ;
build-VK_RA6M5/lvgl/lv_mpy.c:1725:7: error: expected ';' before 'const'
 1725 | STATIC MP_DEFINE_CONST_DICT(LV_BORDER_SIDE_locals_dict, LV_BORDER_SIDE_locals_dict_table);
      |       ^
      |       ;
build-VK_RA6M5/lvgl/lv_mpy.c:1727:7: error: expected ';' before 'void'
 1727 | STATIC void LV_BORDER_SIDE_print(const mp_print_t *print,
      |       ^~~~~
      |       ;
build-VK_RA6M5/lvgl/lv_mpy.c:1736:7: error: expected ';' before 'const'
 1736 | STATIC MP_DEFINE_CONST_OBJ_TYPE(
      |       ^
      |       ;
build-VK_RA6M5/lvgl/lv_mpy.c:1749:21: error: expected ';' before 'const'
 1749 | GENMPY_UNUSED STATIC const mp_lv_obj_type_t mp_lv_LV_BORDER_SIDE_type = {
      |                     ^~~~~~
      |                     ;
build-VK_RA6M5/lvgl/lv_mpy.c:1762:7: error: expected ';' before 'const'
 1762 | STATIC const mp_rom_map_elem_t LV_GRAD_DIR_locals_dict_table[] = {
      |       ^~~~~~
      |       ;
build-VK_RA6M5/lvgl/lv_mpy.c:1768:7: error: expected ';' before 'const'
 1768 | STATIC MP_DEFINE_CONST_DICT(LV_GRAD_DIR_locals_dict, LV_GRAD_DIR_locals_dict_table);
      |       ^
      |       ;
build-VK_RA6M5/lvgl/lv_mpy.c:1770:7: error: expected ';' before 'void'
 1770 | STATIC void LV_GRAD_DIR_print(const mp_print_t *print,
      |       ^~~~~
      |       ;
build-VK_RA6M5/lvgl/lv_mpy.c:1779:7: error: expected ';' before 'const'
 1779 | STATIC MP_DEFINE_CONST_OBJ_TYPE(
      |       ^
      |       ;
build-VK_RA6M5/lvgl/lv_mpy.c:1792:21: error: expected ';' before 'const'
 1792 | GENMPY_UNUSED STATIC const mp_lv_obj_type_t mp_lv_LV_GRAD_DIR_type = {
      |                     ^~~~~~
      |                     ;
build-VK_RA6M5/lvgl/lv_mpy.c:1805:7: error: expected ';' before 'const'
 1805 | STATIC const mp_rom_map_elem_t LV_DITHER_locals_dict_table[] = {
      |       ^~~~~~
      |       ;
build-VK_RA6M5/lvgl/lv_mpy.c:1811:7: error: expected ';' before 'const'
 1811 | STATIC MP_DEFINE_CONST_DICT(LV_DITHER_locals_dict, LV_DITHER_locals_dict_table);
      |       ^
      |       ;
build-VK_RA6M5/lvgl/lv_mpy.c:1813:7: error: expected ';' before 'void'
 1813 | STATIC void LV_DITHER_print(const mp_print_t *print,
      |       ^~~~~
      |       ;
build-VK_RA6M5/lvgl/lv_mpy.c:1822:7: error: expected ';' before 'const'
 1822 | STATIC MP_DEFINE_CONST_OBJ_TYPE(
      |       ^
      |       ;
build-VK_RA6M5/lvgl/lv_mpy.c:1835:21: error: expected ';' before 'const'
 1835 | GENMPY_UNUSED STATIC const mp_lv_obj_type_t mp_lv_LV_DITHER_type = {
      |                     ^~~~~~
      |                     ;
build-VK_RA6M5/lvgl/lv_mpy.c:1848:7: error: expected ';' before 'const'
 1848 | STATIC const mp_rom_map_elem_t LV_STYLE_locals_dict_table[] = {
      |       ^~~~~~
      |       ;
build-VK_RA6M5/lvgl/lv_mpy.c:1941:7: error: expected ';' before 'const'
 1941 | STATIC MP_DEFINE_CONST_DICT(LV_STYLE_locals_dict, LV_STYLE_locals_dict_table);
      |       ^
      |       ;
build-VK_RA6M5/lvgl/lv_mpy.c:1943:7: error: expected ';' before 'void'
 1943 | STATIC void LV_STYLE_print(const mp_print_t *print,
      |       ^~~~~
      |       ;
build-VK_RA6M5/lvgl/lv_mpy.c:1952:7: error: expected ';' before 'const'
 1952 | STATIC MP_DEFINE_CONST_OBJ_TYPE(
      |       ^
      |       ;
build-VK_RA6M5/lvgl/lv_mpy.c:1965:21: error: expected ';' before 'const'
 1965 | GENMPY_UNUSED STATIC const mp_lv_obj_type_t mp_lv_LV_STYLE_type = {
      |                     ^~~~~~
      |                     ;
build-VK_RA6M5/lvgl/lv_mpy.c:1978:7: error: expected ';' before 'const'
 1978 | STATIC const mp_rom_map_elem_t LV_STYLE_RES_locals_dict_table[] = {
      |       ^~~~~~
      |       ;
build-VK_RA6M5/lvgl/lv_mpy.c:1984:7: error: expected ';' before 'const'
 1984 | STATIC MP_DEFINE_CONST_DICT(LV_STYLE_RES_locals_dict, LV_STYLE_RES_locals_dict_table);
      |       ^
      |       ;
build-VK_RA6M5/lvgl/lv_mpy.c:1986:7: error: expected ';' before 'void'
 1986 | STATIC void LV_STYLE_RES_print(const mp_print_t *print,
      |       ^~~~~
      |       ;
build-VK_RA6M5/lvgl/lv_mpy.c:1995:7: error: expected ';' before 'const'
 1995 | STATIC MP_DEFINE_CONST_OBJ_TYPE(
      |       ^
      |       ;
build-VK_RA6M5/lvgl/lv_mpy.c:2008:21: error: expected ';' before 'const'
 2008 | GENMPY_UNUSED STATIC const mp_lv_obj_type_t mp_lv_LV_STYLE_RES_type = {
      |                     ^~~~~~
      |                     ;
build-VK_RA6M5/lvgl/lv_mpy.c:2021:7: error: expected ';' before 'const'
 2021 | STATIC const mp_rom_map_elem_t LV_STATE_locals_dict_table[] = {
      |       ^~~~~~
      |       ;
build-VK_RA6M5/lvgl/lv_mpy.c:2038:7: error: expected ';' before 'const'
 2038 | STATIC MP_DEFINE_CONST_DICT(LV_STATE_locals_dict, LV_STATE_locals_dict_table);
      |       ^
      |       ;
build-VK_RA6M5/lvgl/lv_mpy.c:2040:7: error: expected ';' before 'void'
 2040 | STATIC void LV_STATE_print(const mp_print_t *print,
      |       ^~~~~
      |       ;
build-VK_RA6M5/lvgl/lv_mpy.c:2049:7: error: expected ';' before 'const'
 2049 | STATIC MP_DEFINE_CONST_OBJ_TYPE(
      |       ^
      |       ;
build-VK_RA6M5/lvgl/lv_mpy.c:2062:21: error: expected ';' before 'const'
 2062 | GENMPY_UNUSED STATIC const mp_lv_obj_type_t mp_lv_LV_STATE_type = {
      |                     ^~~~~~
      |                     ;
build-VK_RA6M5/lvgl/lv_mpy.c:2075:7: error: expected ';' before 'const'
 2075 | STATIC const mp_rom_map_elem_t LV_PART_locals_dict_table[] = {
      |       ^~~~~~
      |       ;
build-VK_RA6M5/lvgl/lv_mpy.c:2088:7: error: expected ';' before 'const'
 2088 | STATIC MP_DEFINE_CONST_DICT(LV_PART_locals_dict, LV_PART_locals_dict_table);
      |       ^
      |       ;
build-VK_RA6M5/lvgl/lv_mpy.c:2090:7: error: expected ';' before 'void'
 2090 | STATIC void LV_PART_print(const mp_print_t *print,
      |       ^~~~~
      |       ;
build-VK_RA6M5/lvgl/lv_mpy.c:2099:7: error: expected ';' before 'const'
 2099 | STATIC MP_DEFINE_CONST_OBJ_TYPE(
      |       ^
      |       ;
build-VK_RA6M5/lvgl/lv_mpy.c:2112:21: error: expected ';' before 'const'
 2112 | GENMPY_UNUSED STATIC const mp_lv_obj_type_t mp_lv_LV_PART_type = {
      |                     ^~~~~~
      |                     ;
build-VK_RA6M5/lvgl/lv_mpy.c:2125:7: error: expected ';' before 'const'
 2125 | STATIC const mp_rom_map_elem_t LV_SCROLLBAR_MODE_locals_dict_table[] = {
      |       ^~~~~~
      |       ;
build-VK_RA6M5/lvgl/lv_mpy.c:2132:7: error: expected ';' before 'const'
 2132 | STATIC MP_DEFINE_CONST_DICT(LV_SCROLLBAR_MODE_locals_dict, LV_SCROLLBAR_MODE_locals_dict_table);
      |       ^
      |       ;
build-VK_RA6M5/lvgl/lv_mpy.c:2134:7: error: expected ';' before 'void'
 2134 | STATIC void LV_SCROLLBAR_MODE_print(const mp_print_t *print,
      |       ^~~~~
      |       ;
build-VK_RA6M5/lvgl/lv_mpy.c:2143:7: error: expected ';' before 'const'
 2143 | STATIC MP_DEFINE_CONST_OBJ_TYPE(
      |       ^
      |       ;
build-VK_RA6M5/lvgl/lv_mpy.c:2156:21: error: expected ';' before 'const'
 2156 | GENMPY_UNUSED STATIC const mp_lv_obj_type_t mp_lv_LV_SCROLLBAR_MODE_type = {
      |                     ^~~~~~
      |                     ;
build-VK_RA6M5/lvgl/lv_mpy.c:2169:7: error: expected ';' before 'const'
 2169 | STATIC const mp_rom_map_elem_t LV_SCROLL_SNAP_locals_dict_table[] = {
      |       ^~~~~~
      |       ;
build-VK_RA6M5/lvgl/lv_mpy.c:2176:7: error: expected ';' before 'const'
 2176 | STATIC MP_DEFINE_CONST_DICT(LV_SCROLL_SNAP_locals_dict, LV_SCROLL_SNAP_locals_dict_table);
      |       ^
      |       ;
build-VK_RA6M5/lvgl/lv_mpy.c:2178:7: error: expected ';' before 'void'
 2178 | STATIC void LV_SCROLL_SNAP_print(const mp_print_t *print,
      |       ^~~~~
      |       ;
build-VK_RA6M5/lvgl/lv_mpy.c:2187:7: error: expected ';' before 'const'
 2187 | STATIC MP_DEFINE_CONST_OBJ_TYPE(
      |       ^
      |       ;
build-VK_RA6M5/lvgl/lv_mpy.c:2200:21: error: expected ';' before 'const'
 2200 | GENMPY_UNUSED STATIC const mp_lv_obj_type_t mp_lv_LV_SCROLL_SNAP_type = {
      |                     ^~~~~~
      |                     ;
build-VK_RA6M5/lvgl/lv_mpy.c:2213:7: error: expected ';' before 'const'
 2213 | STATIC const mp_rom_map_elem_t LV_FS_RES_locals_dict_table[] = {
      |       ^~~~~~
      |       ;
build-VK_RA6M5/lvgl/lv_mpy.c:2229:7: error: expected ';' before 'const'
 2229 | STATIC MP_DEFINE_CONST_DICT(LV_FS_RES_locals_dict, LV_FS_RES_locals_dict_table);
      |       ^
      |       ;
build-VK_RA6M5/lvgl/lv_mpy.c:2231:7: error: expected ';' before 'void'
 2231 | STATIC void LV_FS_RES_print(const mp_print_t *print,
      |       ^~~~~
      |       ;
build-VK_RA6M5/lvgl/lv_mpy.c:2240:7: error: expected ';' before 'const'
 2240 | STATIC MP_DEFINE_CONST_OBJ_TYPE(
      |       ^
      |       ;
build-VK_RA6M5/lvgl/lv_mpy.c:2253:21: error: expected ';' before 'const'
 2253 | GENMPY_UNUSED STATIC const mp_lv_obj_type_t mp_lv_LV_FS_RES_type = {
      |                     ^~~~~~
      |                     ;
build-VK_RA6M5/lvgl/lv_mpy.c:2266:7: error: expected ';' before 'const'
 2266 | STATIC const mp_rom_map_elem_t LV_FS_MODE_locals_dict_table[] = {
      |       ^~~~~~
      |       ;
build-VK_RA6M5/lvgl/lv_mpy.c:2271:7: error: expected ';' before 'const'
 2271 | STATIC MP_DEFINE_CONST_DICT(LV_FS_MODE_locals_dict, LV_FS_MODE_locals_dict_table);
      |       ^
      |       ;
build-VK_RA6M5/lvgl/lv_mpy.c:2273:7: error: expected ';' before 'void'
 2273 | STATIC void LV_FS_MODE_print(const mp_print_t *print,
      |       ^~~~~
      |       ;
build-VK_RA6M5/lvgl/lv_mpy.c:2282:7: error: expected ';' before 'const'
 2282 | STATIC MP_DEFINE_CONST_OBJ_TYPE(
      |       ^
      |       ;
build-VK_RA6M5/lvgl/lv_mpy.c:2295:21: error: expected ';' before 'const'
 2295 | GENMPY_UNUSED STATIC const mp_lv_obj_type_t mp_lv_LV_FS_MODE_type = {
      |                     ^~~~~~
      |                     ;
build-VK_RA6M5/lvgl/lv_mpy.c:2308:7: error: expected ';' before 'const'
 2308 | STATIC const mp_rom_map_elem_t LV_IMG_SRC_locals_dict_table[] = {
      |       ^~~~~~
      |       ;
build-VK_RA6M5/lvgl/lv_mpy.c:2315:7: error: expected ';' before 'const'
 2315 | STATIC MP_DEFINE_CONST_DICT(LV_IMG_SRC_locals_dict, LV_IMG_SRC_locals_dict_table);
      |       ^
      |       ;
build-VK_RA6M5/lvgl/lv_mpy.c:2317:7: error: expected ';' before 'void'
 2317 | STATIC void LV_IMG_SRC_print(const mp_print_t *print,
      |       ^~~~~
      |       ;
build-VK_RA6M5/lvgl/lv_mpy.c:2326:7: error: expected ';' before 'const'
 2326 | STATIC MP_DEFINE_CONST_OBJ_TYPE(
      |       ^
      |       ;
build-VK_RA6M5/lvgl/lv_mpy.c:2339:21: error: expected ';' before 'const'
 2339 | GENMPY_UNUSED STATIC const mp_lv_obj_type_t mp_lv_LV_IMG_SRC_type = {
      |                     ^~~~~~
      |                     ;
build-VK_RA6M5/lvgl/lv_mpy.c:2352:7: error: expected ';' before 'const'
 2352 | STATIC const mp_rom_map_elem_t LV_DRAW_MASK_RES_locals_dict_table[] = {
      |       ^~~~~~
      |       ;
build-VK_RA6M5/lvgl/lv_mpy.c:2359:7: error: expected ';' before 'const'
 2359 | STATIC MP_DEFINE_CONST_DICT(LV_DRAW_MASK_RES_locals_dict, LV_DRAW_MASK_RES_locals_dict_table);
      |       ^
      |       ;
build-VK_RA6M5/lvgl/lv_mpy.c:2361:7: error: expected ';' before 'void'
 2361 | STATIC void LV_DRAW_MASK_RES_print(const mp_print_t *print,
      |       ^~~~~
      |       ;
build-VK_RA6M5/lvgl/lv_mpy.c:2370:7: error: expected ';' before 'const'
 2370 | STATIC MP_DEFINE_CONST_OBJ_TYPE(
      |       ^
      |       ;
build-VK_RA6M5/lvgl/lv_mpy.c:2383:21: error: expected ';' before 'const'
 2383 | GENMPY_UNUSED STATIC const mp_lv_obj_type_t mp_lv_LV_DRAW_MASK_RES_type = {
      |                     ^~~~~~
      |                     ;
build-VK_RA6M5/lvgl/lv_mpy.c:2396:7: error: expected ';' before 'const'
 2396 | STATIC const mp_rom_map_elem_t LV_DRAW_MASK_TYPE_locals_dict_table[] = {
      |       ^~~~~~
      |       ;
build-VK_RA6M5/lvgl/lv_mpy.c:2405:7: error: expected ';' before 'const'
 2405 | STATIC MP_DEFINE_CONST_DICT(LV_DRAW_MASK_TYPE_locals_dict, LV_DRAW_MASK_TYPE_locals_dict_table);
      |       ^
      |       ;
build-VK_RA6M5/lvgl/lv_mpy.c:2407:7: error: expected ';' before 'void'
 2407 | STATIC void LV_DRAW_MASK_TYPE_print(const mp_print_t *print,
      |       ^~~~~
      |       ;
build-VK_RA6M5/lvgl/lv_mpy.c:2416:7: error: expected ';' before 'const'
 2416 | STATIC MP_DEFINE_CONST_OBJ_TYPE(
      |       ^
      |       ;
build-VK_RA6M5/lvgl/lv_mpy.c:2429:21: error: expected ';' before 'const'
 2429 | GENMPY_UNUSED STATIC const mp_lv_obj_type_t mp_lv_LV_DRAW_MASK_TYPE_type = {
      |                     ^~~~~~
      |                     ;
build-VK_RA6M5/lvgl/lv_mpy.c:2442:7: error: expected ';' before 'const'
 2442 | STATIC const mp_rom_map_elem_t LV_DRAW_MASK_LINE_SIDE_locals_dict_table[] = {
      |       ^~~~~~
      |       ;
build-VK_RA6M5/lvgl/lv_mpy.c:2449:7: error: expected ';' before 'const'
 2449 | STATIC MP_DEFINE_CONST_DICT(LV_DRAW_MASK_LINE_SIDE_locals_dict, LV_DRAW_MASK_LINE_SIDE_locals_dict_table);
      |       ^
      |       ;
build-VK_RA6M5/lvgl/lv_mpy.c:2451:7: error: expected ';' before 'void'
 2451 | STATIC void LV_DRAW_MASK_LINE_SIDE_print(const mp_print_t *print,
      |       ^~~~~
      |       ;
build-VK_RA6M5/lvgl/lv_mpy.c:2460:7: error: expected ';' before 'const'
 2460 | STATIC MP_DEFINE_CONST_OBJ_TYPE(
      |       ^
      |       ;
build-VK_RA6M5/lvgl/lv_mpy.c:2473:21: error: expected ';' before 'const'
 2473 | GENMPY_UNUSED STATIC const mp_lv_obj_type_t mp_lv_LV_DRAW_MASK_LINE_SIDE_type = {
      |                     ^~~~~~
      |                     ;
build-VK_RA6M5/lvgl/lv_mpy.c:2486:7: error: expected ';' before 'const'
 2486 | STATIC const mp_rom_map_elem_t LV_KEY_locals_dict_table[] = {
      |       ^~~~~~
      |       ;
build-VK_RA6M5/lvgl/lv_mpy.c:2501:7: error: expected ';' before 'const'
 2501 | STATIC MP_DEFINE_CONST_DICT(LV_KEY_locals_dict, LV_KEY_locals_dict_table);
      |       ^
      |       ;
build-VK_RA6M5/lvgl/lv_mpy.c:2503:7: error: expected ';' before 'void'
 2503 | STATIC void LV_KEY_print(const mp_print_t *print,
      |       ^~~~~
      |       ;
build-VK_RA6M5/lvgl/lv_mpy.c:2512:7: error: expected ';' before 'const'
 2512 | STATIC MP_DEFINE_CONST_OBJ_TYPE(
      |       ^
      |       ;
build-VK_RA6M5/lvgl/lv_mpy.c:2525:21: error: expected ';' before 'const'
 2525 | GENMPY_UNUSED STATIC const mp_lv_obj_type_t mp_lv_LV_KEY_type = {
      |                     ^~~~~~
      |                     ;
build-VK_RA6M5/lvgl/lv_mpy.c:2538:7: error: expected ';' before 'const'
 2538 | STATIC const mp_rom_map_elem_t LV_FONT_FMT_TXT_CMAP_locals_dict_table[] = {
      |       ^~~~~~
      |       ;
build-VK_RA6M5/lvgl/lv_mpy.c:2545:7: error: expected ';' before 'const'
 2545 | STATIC MP_DEFINE_CONST_DICT(LV_FONT_FMT_TXT_CMAP_locals_dict, LV_FONT_FMT_TXT_CMAP_locals_dict_table);
      |       ^
      |       ;
build-VK_RA6M5/lvgl/lv_mpy.c:2547:7: error: expected ';' before 'void'
 2547 | STATIC void LV_FONT_FMT_TXT_CMAP_print(const mp_print_t *print,
      |       ^~~~~
      |       ;
build-VK_RA6M5/lvgl/lv_mpy.c:2556:7: error: expected ';' before 'const'
 2556 | STATIC MP_DEFINE_CONST_OBJ_TYPE(
      |       ^
      |       ;
build-VK_RA6M5/lvgl/lv_mpy.c:2569:21: error: expected ';' before 'const'
 2569 | GENMPY_UNUSED STATIC const mp_lv_obj_type_t mp_lv_LV_FONT_FMT_TXT_CMAP_type = {
      |                     ^~~~~~
      |                     ;
build-VK_RA6M5/lvgl/lv_mpy.c:2582:7: error: expected ';' before 'const'
 2582 | STATIC const mp_rom_map_elem_t LV_IMG_SIZE_MODE_locals_dict_table[] = {
      |       ^~~~~~
      |       ;
build-VK_RA6M5/lvgl/lv_mpy.c:2587:7: error: expected ';' before 'const'
 2587 | STATIC MP_DEFINE_CONST_DICT(LV_IMG_SIZE_MODE_locals_dict, LV_IMG_SIZE_MODE_locals_dict_table);
      |       ^
      |       ;
build-VK_RA6M5/lvgl/lv_mpy.c:2589:7: error: expected ';' before 'void'
 2589 | STATIC void LV_IMG_SIZE_MODE_print(const mp_print_t *print,
      |       ^~~~~
      |       ;
build-VK_RA6M5/lvgl/lv_mpy.c:2598:7: error: expected ';' before 'const'
 2598 | STATIC MP_DEFINE_CONST_OBJ_TYPE(
      |       ^
      |       ;
build-VK_RA6M5/lvgl/lv_mpy.c:2611:21: error: expected ';' before 'const'
 2611 | GENMPY_UNUSED STATIC const mp_lv_obj_type_t mp_lv_LV_IMG_SIZE_MODE_type = {
      |                     ^~~~~~
      |                     ;
build-VK_RA6M5/lvgl/lv_mpy.c:2624:7: error: expected ';' before 'const'
 2624 | STATIC const mp_rom_map_elem_t LV_ANIM_IMG_PART_locals_dict_table[] = {
      |       ^~~~~~
      |       ;
build-VK_RA6M5/lvgl/lv_mpy.c:2628:7: error: expected ';' before 'const'
 2628 | STATIC MP_DEFINE_CONST_DICT(LV_ANIM_IMG_PART_locals_dict, LV_ANIM_IMG_PART_locals_dict_table);
      |       ^
      |       ;
build-VK_RA6M5/lvgl/lv_mpy.c:2630:7: error: expected ';' before 'void'
 2630 | STATIC void LV_ANIM_IMG_PART_print(const mp_print_t *print,
      |       ^~~~~
      |       ;
build-VK_RA6M5/lvgl/lv_mpy.c:2639:7: error: expected ';' before 'const'
 2639 | STATIC MP_DEFINE_CONST_OBJ_TYPE(
      |       ^
      |       ;
build-VK_RA6M5/lvgl/lv_mpy.c:2652:21: error: expected ';' before 'const'
 2652 | GENMPY_UNUSED STATIC const mp_lv_obj_type_t mp_lv_LV_ANIM_IMG_PART_type = {
      |                     ^~~~~~
      |                     ;
build-VK_RA6M5/lvgl/lv_mpy.c:2665:7: error: expected ';' before 'const'
 2665 | STATIC const mp_rom_map_elem_t LV_ARC_MODE_locals_dict_table[] = {
      |       ^~~~~~
      |       ;
build-VK_RA6M5/lvgl/lv_mpy.c:2671:7: error: expected ';' before 'const'
 2671 | STATIC MP_DEFINE_CONST_DICT(LV_ARC_MODE_locals_dict, LV_ARC_MODE_locals_dict_table);
      |       ^
      |       ;
build-VK_RA6M5/lvgl/lv_mpy.c:2673:7: error: expected ';' before 'void'
 2673 | STATIC void LV_ARC_MODE_print(const mp_print_t *print,
      |       ^~~~~
      |       ;
build-VK_RA6M5/lvgl/lv_mpy.c:2682:7: error: expected ';' before 'const'
 2682 | STATIC MP_DEFINE_CONST_OBJ_TYPE(
      |       ^
      |       ;
build-VK_RA6M5/lvgl/lv_mpy.c:2695:21: error: expected ';' before 'const'
 2695 | GENMPY_UNUSED STATIC const mp_lv_obj_type_t mp_lv_LV_ARC_MODE_type = {
      |                     ^~~~~~
      |                     ;
build-VK_RA6M5/lvgl/lv_mpy.c:2708:7: error: expected ';' before 'const'
 2708 | STATIC const mp_rom_map_elem_t LV_LABEL_LONG_locals_dict_table[] = {
      |       ^~~~~~
      |       ;
build-VK_RA6M5/lvgl/lv_mpy.c:2716:7: error: expected ';' before 'const'
 2716 | STATIC MP_DEFINE_CONST_DICT(LV_LABEL_LONG_locals_dict, LV_LABEL_LONG_locals_dict_table);
      |       ^
      |       ;
build-VK_RA6M5/lvgl/lv_mpy.c:2718:7: error: expected ';' before 'void'
 2718 | STATIC void LV_LABEL_LONG_print(const mp_print_t *print,
      |       ^~~~~
      |       ;
build-VK_RA6M5/lvgl/lv_mpy.c:2727:7: error: expected ';' before 'const'
 2727 | STATIC MP_DEFINE_CONST_OBJ_TYPE(
      |       ^
      |       ;
build-VK_RA6M5/lvgl/lv_mpy.c:2740:21: error: expected ';' before 'const'
 2740 | GENMPY_UNUSED STATIC const mp_lv_obj_type_t mp_lv_LV_LABEL_LONG_type = {
      |                     ^~~~~~
      |                     ;
build-VK_RA6M5/lvgl/lv_mpy.c:2753:7: error: expected ';' before 'const'
 2753 | STATIC const mp_rom_map_elem_t LV_BAR_MODE_locals_dict_table[] = {
      |       ^~~~~~
      |       ;
build-VK_RA6M5/lvgl/lv_mpy.c:2759:7: error: expected ';' before 'const'
 2759 | STATIC MP_DEFINE_CONST_DICT(LV_BAR_MODE_locals_dict, LV_BAR_MODE_locals_dict_table);
      |       ^
      |       ;
build-VK_RA6M5/lvgl/lv_mpy.c:2761:7: error: expected ';' before 'void'
 2761 | STATIC void LV_BAR_MODE_print(const mp_print_t *print,
      |       ^~~~~
      |       ;
build-VK_RA6M5/lvgl/lv_mpy.c:2770:7: error: expected ';' before 'const'
 2770 | STATIC MP_DEFINE_CONST_OBJ_TYPE(
      |       ^
      |       ;
build-VK_RA6M5/lvgl/lv_mpy.c:2783:21: error: expected ';' before 'const'
 2783 | GENMPY_UNUSED STATIC const mp_lv_obj_type_t mp_lv_LV_BAR_MODE_type = {
      |                     ^~~~~~
      |                     ;
build-VK_RA6M5/lvgl/lv_mpy.c:2796:7: error: expected ';' before 'const'
 2796 | STATIC const mp_rom_map_elem_t LV_BTNMATRIX_CTRL_locals_dict_table[] = {
      |       ^~~~~~
      |       ;
build-VK_RA6M5/lvgl/lv_mpy.c:2809:7: error: expected ';' before 'const'
 2809 | STATIC MP_DEFINE_CONST_DICT(LV_BTNMATRIX_CTRL_locals_dict, LV_BTNMATRIX_CTRL_locals_dict_table);
      |       ^
      |       ;
build-VK_RA6M5/lvgl/lv_mpy.c:2811:7: error: expected ';' before 'void'
 2811 | STATIC void LV_BTNMATRIX_CTRL_print(const mp_print_t *print,
      |       ^~~~~
      |       ;
build-VK_RA6M5/lvgl/lv_mpy.c:2820:7: error: expected ';' before 'const'
 2820 | STATIC MP_DEFINE_CONST_OBJ_TYPE(
      |       ^
      |       ;
build-VK_RA6M5/lvgl/lv_mpy.c:2833:21: error: expected ';' before 'const'
 2833 | GENMPY_UNUSED STATIC const mp_lv_obj_type_t mp_lv_LV_BTNMATRIX_CTRL_type = {
      |                     ^~~~~~
      |                     ;
build-VK_RA6M5/lvgl/lv_mpy.c:2846:7: error: expected ';' before 'const'
 2846 | STATIC const mp_rom_map_elem_t LV_CHART_TYPE_locals_dict_table[] = {
      |       ^~~~~~
      |       ;
build-VK_RA6M5/lvgl/lv_mpy.c:2853:7: error: expected ';' before 'const'
 2853 | STATIC MP_DEFINE_CONST_DICT(LV_CHART_TYPE_locals_dict, LV_CHART_TYPE_locals_dict_table);
      |       ^
      |       ;
build-VK_RA6M5/lvgl/lv_mpy.c:2855:7: error: expected ';' before 'void'
 2855 | STATIC void LV_CHART_TYPE_print(const mp_print_t *print,
      |       ^~~~~
      |       ;
build-VK_RA6M5/lvgl/lv_mpy.c:2864:7: error: expected ';' before 'const'
 2864 | STATIC MP_DEFINE_CONST_OBJ_TYPE(
      |       ^
      |       ;
build-VK_RA6M5/lvgl/lv_mpy.c:2877:21: error: expected ';' before 'const'
 2877 | GENMPY_UNUSED STATIC const mp_lv_obj_type_t mp_lv_LV_CHART_TYPE_type = {
      |                     ^~~~~~
      |                     ;
build-VK_RA6M5/lvgl/lv_mpy.c:2890:7: error: expected ';' before 'const'
 2890 | STATIC const mp_rom_map_elem_t LV_CHART_UPDATE_MODE_locals_dict_table[] = {
      |       ^~~~~~
      |       ;
build-VK_RA6M5/lvgl/lv_mpy.c:2895:7: error: expected ';' before 'const'
 2895 | STATIC MP_DEFINE_CONST_DICT(LV_CHART_UPDATE_MODE_locals_dict, LV_CHART_UPDATE_MODE_locals_dict_table);
      |       ^
      |       ;
build-VK_RA6M5/lvgl/lv_mpy.c:2897:7: error: expected ';' before 'void'
 2897 | STATIC void LV_CHART_UPDATE_MODE_print(const mp_print_t *print,
      |       ^~~~~
      |       ;
build-VK_RA6M5/lvgl/lv_mpy.c:2906:7: error: expected ';' before 'const'
 2906 | STATIC MP_DEFINE_CONST_OBJ_TYPE(
      |       ^
      |       ;
build-VK_RA6M5/lvgl/lv_mpy.c:2919:21: error: expected ';' before 'const'
 2919 | GENMPY_UNUSED STATIC const mp_lv_obj_type_t mp_lv_LV_CHART_UPDATE_MODE_type = {
      |                     ^~~~~~
      |                     ;
build-VK_RA6M5/lvgl/lv_mpy.c:2932:7: error: expected ';' before 'const'
 2932 | STATIC const mp_rom_map_elem_t LV_CHART_AXIS_locals_dict_table[] = {
      |       ^~~~~~
      |       ;
build-VK_RA6M5/lvgl/lv_mpy.c:2939:7: error: expected ';' before 'const'
 2939 | STATIC MP_DEFINE_CONST_DICT(LV_CHART_AXIS_locals_dict, LV_CHART_AXIS_locals_dict_table);
      |       ^
      |       ;
build-VK_RA6M5/lvgl/lv_mpy.c:2941:7: error: expected ';' before 'void'
 2941 | STATIC void LV_CHART_AXIS_print(const mp_print_t *print,
      |       ^~~~~
      |       ;
build-VK_RA6M5/lvgl/lv_mpy.c:2950:7: error: expected ';' before 'const'
 2950 | STATIC MP_DEFINE_CONST_OBJ_TYPE(
      |       ^
      |       ;
build-VK_RA6M5/lvgl/lv_mpy.c:2963:21: error: expected ';' before 'const'
 2963 | GENMPY_UNUSED STATIC const mp_lv_obj_type_t mp_lv_LV_CHART_AXIS_type = {
      |                     ^~~~~~
      |                     ;
build-VK_RA6M5/lvgl/lv_mpy.c:2976:7: error: expected ';' before 'const'
 2976 | STATIC const mp_rom_map_elem_t LV_COLORWHEEL_MODE_locals_dict_table[] = {
      |       ^~~~~~
      |       ;
build-VK_RA6M5/lvgl/lv_mpy.c:2982:7: error: expected ';' before 'const'
 2982 | STATIC MP_DEFINE_CONST_DICT(LV_COLORWHEEL_MODE_locals_dict, LV_COLORWHEEL_MODE_locals_dict_table);
      |       ^
      |       ;
build-VK_RA6M5/lvgl/lv_mpy.c:2984:7: error: expected ';' before 'void'
 2984 | STATIC void LV_COLORWHEEL_MODE_print(const mp_print_t *print,
      |       ^~~~~
      |       ;
build-VK_RA6M5/lvgl/lv_mpy.c:2993:7: error: expected ';' before 'const'
 2993 | STATIC MP_DEFINE_CONST_OBJ_TYPE(
      |       ^
      |       ;
build-VK_RA6M5/lvgl/lv_mpy.c:3006:21: error: expected ';' before 'const'
 3006 | GENMPY_UNUSED STATIC const mp_lv_obj_type_t mp_lv_LV_COLORWHEEL_MODE_type = {
      |                     ^~~~~~
      |                     ;
build-VK_RA6M5/lvgl/lv_mpy.c:3019:7: error: expected ';' before 'const'
 3019 | STATIC const mp_rom_map_elem_t LV_KEYBOARD_MODE_locals_dict_table[] = {
      |       ^~~~~~
      |       ;
build-VK_RA6M5/lvgl/lv_mpy.c:3031:7: error: expected ';' before 'const'
 3031 | STATIC MP_DEFINE_CONST_DICT(LV_KEYBOARD_MODE_locals_dict, LV_KEYBOARD_MODE_locals_dict_table);
      |       ^
      |       ;
build-VK_RA6M5/lvgl/lv_mpy.c:3033:7: error: expected ';' before 'void'
 3033 | STATIC void LV_KEYBOARD_MODE_print(const mp_print_t *print,
      |       ^~~~~
      |       ;
build-VK_RA6M5/lvgl/lv_mpy.c:3042:7: error: expected ';' before 'const'
 3042 | STATIC MP_DEFINE_CONST_OBJ_TYPE(
      |       ^
      |       ;
build-VK_RA6M5/lvgl/lv_mpy.c:3055:21: error: expected ';' before 'const'
 3055 | GENMPY_UNUSED STATIC const mp_lv_obj_type_t mp_lv_LV_KEYBOARD_MODE_type = {
      |                     ^~~~~~
      |                     ;
build-VK_RA6M5/lvgl/lv_mpy.c:3068:7: error: expected ';' before 'const'
 3068 | STATIC const mp_rom_map_elem_t LV_MENU_HEADER_locals_dict_table[] = {
      |       ^~~~~~
      |       ;
build-VK_RA6M5/lvgl/lv_mpy.c:3074:7: error: expected ';' before 'const'
 3074 | STATIC MP_DEFINE_CONST_DICT(LV_MENU_HEADER_locals_dict, LV_MENU_HEADER_locals_dict_table);
      |       ^
      |       ;
build-VK_RA6M5/lvgl/lv_mpy.c:3076:7: error: expected ';' before 'void'
 3076 | STATIC void LV_MENU_HEADER_print(const mp_print_t *print,
      |       ^~~~~
      |       ;
build-VK_RA6M5/lvgl/lv_mpy.c:3085:7: error: expected ';' before 'const'
 3085 | STATIC MP_DEFINE_CONST_OBJ_TYPE(
      |       ^
      |       ;
build-VK_RA6M5/lvgl/lv_mpy.c:3098:21: error: expected ';' before 'const'
 3098 | GENMPY_UNUSED STATIC const mp_lv_obj_type_t mp_lv_LV_MENU_HEADER_type = {
      |                     ^~~~~~
      |                     ;
build-VK_RA6M5/lvgl/lv_mpy.c:3111:7: error: expected ';' before 'const'
 3111 | STATIC const mp_rom_map_elem_t LV_MENU_ROOT_BACK_BTN_locals_dict_table[] = {
      |       ^~~~~~
      |       ;
build-VK_RA6M5/lvgl/lv_mpy.c:3116:7: error: expected ';' before 'const'
 3116 | STATIC MP_DEFINE_CONST_DICT(LV_MENU_ROOT_BACK_BTN_locals_dict, LV_MENU_ROOT_BACK_BTN_locals_dict_table);
      |       ^
      |       ;
build-VK_RA6M5/lvgl/lv_mpy.c:3118:7: error: expected ';' before 'void'
 3118 | STATIC void LV_MENU_ROOT_BACK_BTN_print(const mp_print_t *print,
      |       ^~~~~
      |       ;
build-VK_RA6M5/lvgl/lv_mpy.c:3127:7: error: expected ';' before 'const'
 3127 | STATIC MP_DEFINE_CONST_OBJ_TYPE(
      |       ^
      |       ;
build-VK_RA6M5/lvgl/lv_mpy.c:3140:21: error: expected ';' before 'const'
 3140 | GENMPY_UNUSED STATIC const mp_lv_obj_type_t mp_lv_LV_MENU_ROOT_BACK_BTN_type = {
      |                     ^~~~~~
      |                     ;
build-VK_RA6M5/lvgl/lv_mpy.c:3153:7: error: expected ';' before 'const'
 3153 | STATIC const mp_rom_map_elem_t LV_METER_INDICATOR_TYPE_locals_dict_table[] = {
      |       ^~~~~~
      |       ;
build-VK_RA6M5/lvgl/lv_mpy.c:3160:7: error: expected ';' before 'const'
 3160 | STATIC MP_DEFINE_CONST_DICT(LV_METER_INDICATOR_TYPE_locals_dict, LV_METER_INDICATOR_TYPE_locals_dict_table);
      |       ^
      |       ;
build-VK_RA6M5/lvgl/lv_mpy.c:3162:7: error: expected ';' before 'void'
 3162 | STATIC void LV_METER_INDICATOR_TYPE_print(const mp_print_t *print,
      |       ^~~~~
      |       ;
build-VK_RA6M5/lvgl/lv_mpy.c:3171:7: error: expected ';' before 'const'
 3171 | STATIC MP_DEFINE_CONST_OBJ_TYPE(
      |       ^
      |       ;
build-VK_RA6M5/lvgl/lv_mpy.c:3184:21: error: expected ';' before 'const'
 3184 | GENMPY_UNUSED STATIC const mp_lv_obj_type_t mp_lv_LV_METER_INDICATOR_TYPE_type = {
      |                     ^~~~~~
      |                     ;
build-VK_RA6M5/lvgl/lv_mpy.c:3197:7: error: expected ';' before 'const'
 3197 | STATIC const mp_rom_map_elem_t LV_ROLLER_MODE_locals_dict_table[] = {
      |       ^~~~~~
      |       ;
build-VK_RA6M5/lvgl/lv_mpy.c:3202:7: error: expected ';' before 'const'
 3202 | STATIC MP_DEFINE_CONST_DICT(LV_ROLLER_MODE_locals_dict, LV_ROLLER_MODE_locals_dict_table);
      |       ^
      |       ;
build-VK_RA6M5/lvgl/lv_mpy.c:3204:7: error: expected ';' before 'void'
 3204 | STATIC void LV_ROLLER_MODE_print(const mp_print_t *print,
      |       ^~~~~
      |       ;
build-VK_RA6M5/lvgl/lv_mpy.c:3213:7: error: expected ';' before 'const'
 3213 | STATIC MP_DEFINE_CONST_OBJ_TYPE(
      |       ^
      |       ;
build-VK_RA6M5/lvgl/lv_mpy.c:3226:21: error: expected ';' before 'const'
 3226 | GENMPY_UNUSED STATIC const mp_lv_obj_type_t mp_lv_LV_ROLLER_MODE_type = {
      |                     ^~~~~~
      |                     ;
build-VK_RA6M5/lvgl/lv_mpy.c:3239:7: error: expected ';' before 'const'
 3239 | STATIC const mp_rom_map_elem_t LV_SLIDER_MODE_locals_dict_table[] = {
      |       ^~~~~~
      |       ;
build-VK_RA6M5/lvgl/lv_mpy.c:3245:7: error: expected ';' before 'const'
 3245 | STATIC MP_DEFINE_CONST_DICT(LV_SLIDER_MODE_locals_dict, LV_SLIDER_MODE_locals_dict_table);
      |       ^
      |       ;
build-VK_RA6M5/lvgl/lv_mpy.c:3247:7: error: expected ';' before 'void'
 3247 | STATIC void LV_SLIDER_MODE_print(const mp_print_t *print,
      |       ^~~~~
      |       ;
build-VK_RA6M5/lvgl/lv_mpy.c:3256:7: error: expected ';' before 'const'
 3256 | STATIC MP_DEFINE_CONST_OBJ_TYPE(
      |       ^
      |       ;
build-VK_RA6M5/lvgl/lv_mpy.c:3269:21: error: expected ';' before 'const'
 3269 | GENMPY_UNUSED STATIC const mp_lv_obj_type_t mp_lv_LV_SLIDER_MODE_type = {
      |                     ^~~~~~
      |                     ;
build-VK_RA6M5/lvgl/lv_mpy.c:3282:7: error: expected ';' before 'const'
 3282 | STATIC const mp_rom_map_elem_t LV_SPAN_OVERFLOW_locals_dict_table[] = {
      |       ^~~~~~
      |       ;
build-VK_RA6M5/lvgl/lv_mpy.c:3287:7: error: expected ';' before 'const'
 3287 | STATIC MP_DEFINE_CONST_DICT(LV_SPAN_OVERFLOW_locals_dict, LV_SPAN_OVERFLOW_locals_dict_table);
      |       ^
      |       ;
build-VK_RA6M5/lvgl/lv_mpy.c:3289:7: error: expected ';' before 'void'
 3289 | STATIC void LV_SPAN_OVERFLOW_print(const mp_print_t *print,
      |       ^~~~~
      |       ;
build-VK_RA6M5/lvgl/lv_mpy.c:3298:7: error: expected ';' before 'const'
 3298 | STATIC MP_DEFINE_CONST_OBJ_TYPE(
      |       ^
      |       ;
build-VK_RA6M5/lvgl/lv_mpy.c:3311:21: error: expected ';' before 'const'
 3311 | GENMPY_UNUSED STATIC const mp_lv_obj_type_t mp_lv_LV_SPAN_OVERFLOW_type = {
      |                     ^~~~~~
      |                     ;
build-VK_RA6M5/lvgl/lv_mpy.c:3324:7: error: expected ';' before 'const'
 3324 | STATIC const mp_rom_map_elem_t LV_SPAN_MODE_locals_dict_table[] = {
      |       ^~~~~~
      |       ;
build-VK_RA6M5/lvgl/lv_mpy.c:3330:7: error: expected ';' before 'const'
 3330 | STATIC MP_DEFINE_CONST_DICT(LV_SPAN_MODE_locals_dict, LV_SPAN_MODE_locals_dict_table);
      |       ^
      |       ;
build-VK_RA6M5/lvgl/lv_mpy.c:3332:7: error: expected ';' before 'void'
 3332 | STATIC void LV_SPAN_MODE_print(const mp_print_t *print,
      |       ^~~~~
      |       ;
build-VK_RA6M5/lvgl/lv_mpy.c:3341:7: error: expected ';' before 'const'
 3341 | STATIC MP_DEFINE_CONST_OBJ_TYPE(
      |       ^
      |       ;
build-VK_RA6M5/lvgl/lv_mpy.c:3354:21: error: expected ';' before 'const'
 3354 | GENMPY_UNUSED STATIC const mp_lv_obj_type_t mp_lv_LV_SPAN_MODE_type = {
      |                     ^~~~~~
      |                     ;
build-VK_RA6M5/lvgl/lv_mpy.c:3367:7: error: expected ';' before 'const'
 3367 | STATIC const mp_rom_map_elem_t LV_PART_TEXTAREA_locals_dict_table[] = {
      |       ^~~~~~
      |       ;
build-VK_RA6M5/lvgl/lv_mpy.c:3371:7: error: expected ';' before 'const'
 3371 | STATIC MP_DEFINE_CONST_DICT(LV_PART_TEXTAREA_locals_dict, LV_PART_TEXTAREA_locals_dict_table);
      |       ^
      |       ;
build-VK_RA6M5/lvgl/lv_mpy.c:3373:7: error: expected ';' before 'void'
 3373 | STATIC void LV_PART_TEXTAREA_print(const mp_print_t *print,
      |       ^~~~~
      |       ;
build-VK_RA6M5/lvgl/lv_mpy.c:3382:7: error: expected ';' before 'const'
 3382 | STATIC MP_DEFINE_CONST_OBJ_TYPE(
      |       ^
      |       ;
build-VK_RA6M5/lvgl/lv_mpy.c:3395:21: error: expected ';' before 'const'
 3395 | GENMPY_UNUSED STATIC const mp_lv_obj_type_t mp_lv_LV_PART_TEXTAREA_type = {
      |                     ^~~~~~
      |                     ;
build-VK_RA6M5/lvgl/lv_mpy.c:3408:7: error: expected ';' before 'const'
 3408 | STATIC const mp_rom_map_elem_t LV_TABLE_CELL_CTRL_locals_dict_table[] = {
      |       ^~~~~~
      |       ;
build-VK_RA6M5/lvgl/lv_mpy.c:3417:7: error: expected ';' before 'const'
 3417 | STATIC MP_DEFINE_CONST_DICT(LV_TABLE_CELL_CTRL_locals_dict, LV_TABLE_CELL_CTRL_locals_dict_table);
      |       ^
      |       ;
build-VK_RA6M5/lvgl/lv_mpy.c:3419:7: error: expected ';' before 'void'
 3419 | STATIC void LV_TABLE_CELL_CTRL_print(const mp_print_t *print,
      |       ^~~~~
      |       ;
build-VK_RA6M5/lvgl/lv_mpy.c:3428:7: error: expected ';' before 'const'
 3428 | STATIC MP_DEFINE_CONST_OBJ_TYPE(
      |       ^
      |       ;
build-VK_RA6M5/lvgl/lv_mpy.c:3441:21: error: expected ';' before 'const'
 3441 | GENMPY_UNUSED STATIC const mp_lv_obj_type_t mp_lv_LV_TABLE_CELL_CTRL_type = {
      |                     ^~~~~~
      |                     ;
build-VK_RA6M5/lvgl/lv_mpy.c:3454:7: error: expected ';' before 'const'
 3454 | STATIC const mp_rom_map_elem_t LV_ANIM_locals_dict_table[] = {
      |       ^~~~~~
      |       ;
build-VK_RA6M5/lvgl/lv_mpy.c:3459:7: error: expected ';' before 'const'
 3459 | STATIC MP_DEFINE_CONST_DICT(LV_ANIM_locals_dict, LV_ANIM_locals_dict_table);
      |       ^
      |       ;
build-VK_RA6M5/lvgl/lv_mpy.c:3461:7: error: expected ';' before 'void'
 3461 | STATIC void LV_ANIM_print(const mp_print_t *print,
      |       ^~~~~
      |       ;
build-VK_RA6M5/lvgl/lv_mpy.c:3470:7: error: expected ';' before 'const'
 3470 | STATIC MP_DEFINE_CONST_OBJ_TYPE(
      |       ^
      |       ;
build-VK_RA6M5/lvgl/lv_mpy.c:3483:21: error: expected ';' before 'const'
 3483 | GENMPY_UNUSED STATIC const mp_lv_obj_type_t mp_lv_LV_ANIM_type = {
      |                     ^~~~~~
      |                     ;
build-VK_RA6M5/lvgl/lv_mpy.c:3496:7: error: expected ';' before 'const'
 3496 | STATIC const mp_rom_map_elem_t LV_COLOR_FORMAT_locals_dict_table[] = {
      |       ^~~~~~
      |       ;
build-VK_RA6M5/lvgl/lv_mpy.c:3526:7: error: expected ';' before 'const'
 3526 | STATIC MP_DEFINE_CONST_DICT(LV_COLOR_FORMAT_locals_dict, LV_COLOR_FORMAT_locals_dict_table);
      |       ^
      |       ;
build-VK_RA6M5/lvgl/lv_mpy.c:3528:7: error: expected ';' before 'void'
 3528 | STATIC void LV_COLOR_FORMAT_print(const mp_print_t *print,
      |       ^~~~~
      |       ;
build-VK_RA6M5/lvgl/lv_mpy.c:3537:7: error: expected ';' before 'const'
 3537 | STATIC MP_DEFINE_CONST_OBJ_TYPE(
      |       ^
      |       ;
build-VK_RA6M5/lvgl/lv_mpy.c:3550:21: error: expected ';' before 'const'
 3550 | GENMPY_UNUSED STATIC const mp_lv_obj_type_t mp_lv_LV_COLOR_FORMAT_type = {
      |                     ^~~~~~
      |                     ;
build-VK_RA6M5/lvgl/lv_mpy.c:3563:7: error: expected ';' before 'const'
 3563 | STATIC const mp_rom_map_elem_t LV_PALETTE_locals_dict_table[] = {
      |       ^~~~~~
      |       ;
build-VK_RA6M5/lvgl/lv_mpy.c:3586:7: error: expected ';' before 'const'
 3586 | STATIC MP_DEFINE_CONST_DICT(LV_PALETTE_locals_dict, LV_PALETTE_locals_dict_table);
      |       ^
      |       ;
build-VK_RA6M5/lvgl/lv_mpy.c:3588:7: error: expected ';' before 'void'
 3588 | STATIC void LV_PALETTE_print(const mp_print_t *print,
      |       ^~~~~
      |       ;
build-VK_RA6M5/lvgl/lv_mpy.c:3597:7: error: expected ';' before 'const'
 3597 | STATIC MP_DEFINE_CONST_OBJ_TYPE(
      |       ^
      |       ;
build-VK_RA6M5/lvgl/lv_mpy.c:3610:21: error: expected ';' before 'const'
 3610 | GENMPY_UNUSED STATIC const mp_lv_obj_type_t mp_lv_LV_PALETTE_type = {
      |                     ^~~~~~
      |                     ;
build-VK_RA6M5/lvgl/lv_mpy.c:3623:7: error: expected ';' before 'const'
 3623 | STATIC const mp_rom_map_elem_t LV_OBJ_FLAG_locals_dict_table[] = {
      |       ^~~~~~
      |       ;
build-VK_RA6M5/lvgl/lv_mpy.c:3655:7: error: expected ';' before 'const'
 3655 | STATIC MP_DEFINE_CONST_DICT(LV_OBJ_FLAG_locals_dict, LV_OBJ_FLAG_locals_dict_table);
      |       ^
      |       ;
build-VK_RA6M5/lvgl/lv_mpy.c:3657:7: error: expected ';' before 'void'
 3657 | STATIC void LV_OBJ_FLAG_print(const mp_print_t *print,
      |       ^~~~~
      |       ;
build-VK_RA6M5/lvgl/lv_mpy.c:3666:7: error: expected ';' before 'const'
 3666 | STATIC MP_DEFINE_CONST_OBJ_TYPE(
      |       ^
      |       ;
build-VK_RA6M5/lvgl/lv_mpy.c:3679:21: error: expected ';' before 'const'
 3679 | GENMPY_UNUSED STATIC const mp_lv_obj_type_t mp_lv_LV_OBJ_FLAG_type = {
      |                     ^~~~~~
      |                     ;
build-VK_RA6M5/lvgl/lv_mpy.c:3692:7: error: expected ';' before 'const'
 3692 | STATIC const mp_rom_map_elem_t LV_OBJ_DRAW_PART_locals_dict_table[] = {
      |       ^~~~~~
      |       ;
build-VK_RA6M5/lvgl/lv_mpy.c:3698:7: error: expected ';' before 'const'
 3698 | STATIC MP_DEFINE_CONST_DICT(LV_OBJ_DRAW_PART_locals_dict, LV_OBJ_DRAW_PART_locals_dict_table);
      |       ^
      |       ;
build-VK_RA6M5/lvgl/lv_mpy.c:3700:7: error: expected ';' before 'void'
 3700 | STATIC void LV_OBJ_DRAW_PART_print(const mp_print_t *print,
      |       ^~~~~
      |       ;
build-VK_RA6M5/lvgl/lv_mpy.c:3709:7: error: expected ';' before 'const'
 3709 | STATIC MP_DEFINE_CONST_OBJ_TYPE(
      |       ^
      |       ;
build-VK_RA6M5/lvgl/lv_mpy.c:3722:21: error: expected ';' before 'const'
 3722 | GENMPY_UNUSED STATIC const mp_lv_obj_type_t mp_lv_LV_OBJ_DRAW_PART_type = {
      |                     ^~~~~~
      |                     ;
build-VK_RA6M5/lvgl/lv_mpy.c:3735:7: error: expected ';' before 'const'
 3735 | STATIC const mp_rom_map_elem_t LV_EVENT_locals_dict_table[] = {
      |       ^~~~~~
      |       ;
build-VK_RA6M5/lvgl/lv_mpy.c:3794:7: error: expected ';' before 'const'
 3794 | STATIC MP_DEFINE_CONST_DICT(LV_EVENT_locals_dict, LV_EVENT_locals_dict_table);
      |       ^
      |       ;
build-VK_RA6M5/lvgl/lv_mpy.c:3796:7: error: expected ';' before 'void'
 3796 | STATIC void LV_EVENT_print(const mp_print_t *print,
      |       ^~~~~
      |       ;
build-VK_RA6M5/lvgl/lv_mpy.c:3805:7: error: expected ';' before 'const'
 3805 | STATIC MP_DEFINE_CONST_OBJ_TYPE(
      |       ^
      |       ;
build-VK_RA6M5/lvgl/lv_mpy.c:3818:21: error: expected ';' before 'const'
 3818 | GENMPY_UNUSED STATIC const mp_lv_obj_type_t mp_lv_LV_EVENT_type = {
      |                     ^~~~~~
      |                     ;
build-VK_RA6M5/lvgl/lv_mpy.c:3831:7: error: expected ';' before 'const'
 3831 | STATIC const mp_rom_map_elem_t LV_DISP_ROTATION_locals_dict_table[] = {
      |       ^~~~~~
      |       ;
build-VK_RA6M5/lvgl/lv_mpy.c:3838:7: error: expected ';' before 'const'
 3838 | STATIC MP_DEFINE_CONST_DICT(LV_DISP_ROTATION_locals_dict, LV_DISP_ROTATION_locals_dict_table);
      |       ^
      |       ;
build-VK_RA6M5/lvgl/lv_mpy.c:3840:7: error: expected ';' before 'void'
 3840 | STATIC void LV_DISP_ROTATION_print(const mp_print_t *print,
      |       ^~~~~
      |       ;
build-VK_RA6M5/lvgl/lv_mpy.c:3849:7: error: expected ';' before 'const'
 3849 | STATIC MP_DEFINE_CONST_OBJ_TYPE(
      |       ^
      |       ;
build-VK_RA6M5/lvgl/lv_mpy.c:3862:21: error: expected ';' before 'const'
 3862 | GENMPY_UNUSED STATIC const mp_lv_obj_type_t mp_lv_LV_DISP_ROTATION_type = {
      |                     ^~~~~~
      |                     ;
build-VK_RA6M5/lvgl/lv_mpy.c:3875:7: error: expected ';' before 'const'
 3875 | STATIC const mp_rom_map_elem_t LV_DISP_RENDER_MODE_locals_dict_table[] = {
      |       ^~~~~~
      |       ;
build-VK_RA6M5/lvgl/lv_mpy.c:3881:7: error: expected ';' before 'const'
 3881 | STATIC MP_DEFINE_CONST_DICT(LV_DISP_RENDER_MODE_locals_dict, LV_DISP_RENDER_MODE_locals_dict_table);
      |       ^
      |       ;
build-VK_RA6M5/lvgl/lv_mpy.c:3883:7: error: expected ';' before 'void'
 3883 | STATIC void LV_DISP_RENDER_MODE_print(const mp_print_t *print,
      |       ^~~~~
      |       ;
build-VK_RA6M5/lvgl/lv_mpy.c:3892:7: error: expected ';' before 'const'
 3892 | STATIC MP_DEFINE_CONST_OBJ_TYPE(
      |       ^
      |       ;
build-VK_RA6M5/lvgl/lv_mpy.c:3905:21: error: expected ';' before 'const'
 3905 | GENMPY_UNUSED STATIC const mp_lv_obj_type_t mp_lv_LV_DISP_RENDER_MODE_type = {
      |                     ^~~~~~
      |                     ;
build-VK_RA6M5/lvgl/lv_mpy.c:3918:7: error: expected ';' before 'const'
 3918 | STATIC const mp_rom_map_elem_t LV_SCR_LOAD_ANIM_locals_dict_table[] = {
      |       ^~~~~~
      |       ;
build-VK_RA6M5/lvgl/lv_mpy.c:3937:7: error: expected ';' before 'const'
 3937 | STATIC MP_DEFINE_CONST_DICT(LV_SCR_LOAD_ANIM_locals_dict, LV_SCR_LOAD_ANIM_locals_dict_table);
      |       ^
      |       ;
build-VK_RA6M5/lvgl/lv_mpy.c:3939:7: error: expected ';' before 'void'
 3939 | STATIC void LV_SCR_LOAD_ANIM_print(const mp_print_t *print,
      |       ^~~~~
      |       ;
build-VK_RA6M5/lvgl/lv_mpy.c:3948:7: error: expected ';' before 'const'
 3948 | STATIC MP_DEFINE_CONST_OBJ_TYPE(
      |       ^
      |       ;
build-VK_RA6M5/lvgl/lv_mpy.c:3961:21: error: expected ';' before 'const'
 3961 | GENMPY_UNUSED STATIC const mp_lv_obj_type_t mp_lv_LV_SCR_LOAD_ANIM_type = {
      |                     ^~~~~~
      |                     ;
build-VK_RA6M5/lvgl/lv_mpy.c:3974:7: error: expected ';' before 'const'
 3974 | STATIC const mp_rom_map_elem_t LV_OBJ_TREE_WALK_locals_dict_table[] = {
      |       ^~~~~~
      |       ;
build-VK_RA6M5/lvgl/lv_mpy.c:3980:7: error: expected ';' before 'const'
 3980 | STATIC MP_DEFINE_CONST_DICT(LV_OBJ_TREE_WALK_locals_dict, LV_OBJ_TREE_WALK_locals_dict_table);
      |       ^
      |       ;
build-VK_RA6M5/lvgl/lv_mpy.c:3982:7: error: expected ';' before 'void'
 3982 | STATIC void LV_OBJ_TREE_WALK_print(const mp_print_t *print,
      |       ^~~~~
      |       ;
build-VK_RA6M5/lvgl/lv_mpy.c:3991:7: error: expected ';' before 'const'
 3991 | STATIC MP_DEFINE_CONST_OBJ_TYPE(
      |       ^
      |       ;
build-VK_RA6M5/lvgl/lv_mpy.c:4004:21: error: expected ';' before 'const'
 4004 | GENMPY_UNUSED STATIC const mp_lv_obj_type_t mp_lv_LV_OBJ_TREE_WALK_type = {
      |                     ^~~~~~
      |                     ;
build-VK_RA6M5/lvgl/lv_mpy.c:4017:7: error: expected ';' before 'const'
 4017 | STATIC const mp_rom_map_elem_t LV_FS_SEEK_locals_dict_table[] = {
      |       ^~~~~~
      |       ;
build-VK_RA6M5/lvgl/lv_mpy.c:4023:7: error: expected ';' before 'const'
 4023 | STATIC MP_DEFINE_CONST_DICT(LV_FS_SEEK_locals_dict, LV_FS_SEEK_locals_dict_table);
      |       ^
      |       ;
build-VK_RA6M5/lvgl/lv_mpy.c:4025:7: error: expected ';' before 'void'
 4025 | STATIC void LV_FS_SEEK_print(const mp_print_t *print,
      |       ^~~~~
      |       ;
build-VK_RA6M5/lvgl/lv_mpy.c:4034:7: error: expected ';' before 'const'
 4034 | STATIC MP_DEFINE_CONST_OBJ_TYPE(
      |       ^
      |       ;
build-VK_RA6M5/lvgl/lv_mpy.c:4047:21: error: expected ';' before 'const'
 4047 | GENMPY_UNUSED STATIC const mp_lv_obj_type_t mp_lv_LV_FS_SEEK_type = {
      |                     ^~~~~~
      |                     ;
build-VK_RA6M5/lvgl/lv_mpy.c:4060:7: error: expected ';' before 'const'
 4060 | STATIC const mp_rom_map_elem_t LV_DRAW_LAYER_FLAG_locals_dict_table[] = {
      |       ^~~~~~
      |       ;
build-VK_RA6M5/lvgl/lv_mpy.c:4066:7: error: expected ';' before 'const'
 4066 | STATIC MP_DEFINE_CONST_DICT(LV_DRAW_LAYER_FLAG_locals_dict, LV_DRAW_LAYER_FLAG_locals_dict_table);
      |       ^
      |       ;
build-VK_RA6M5/lvgl/lv_mpy.c:4068:7: error: expected ';' before 'void'
 4068 | STATIC void LV_DRAW_LAYER_FLAG_print(const mp_print_t *print,
      |       ^~~~~
      |       ;
build-VK_RA6M5/lvgl/lv_mpy.c:4077:7: error: expected ';' before 'const'
 4077 | STATIC MP_DEFINE_CONST_OBJ_TYPE(
      |       ^
      |       ;
build-VK_RA6M5/lvgl/lv_mpy.c:4090:21: error: expected ';' before 'const'
 4090 | GENMPY_UNUSED STATIC const mp_lv_obj_type_t mp_lv_LV_DRAW_LAYER_FLAG_type = {
      |                     ^~~~~~
      |                     ;
build-VK_RA6M5/lvgl/lv_mpy.c:4103:7: error: expected ';' before 'const'
 4103 | STATIC const mp_rom_map_elem_t LV_COVER_RES_locals_dict_table[] = {
      |       ^~~~~~
      |       ;
build-VK_RA6M5/lvgl/lv_mpy.c:4109:7: error: expected ';' before 'const'
 4109 | STATIC MP_DEFINE_CONST_DICT(LV_COVER_RES_locals_dict, LV_COVER_RES_locals_dict_table);
      |       ^
      |       ;
build-VK_RA6M5/lvgl/lv_mpy.c:4111:7: error: expected ';' before 'void'
 4111 | STATIC void LV_COVER_RES_print(const mp_print_t *print,
      |       ^~~~~
      |       ;
build-VK_RA6M5/lvgl/lv_mpy.c:4120:7: error: expected ';' before 'const'
 4120 | STATIC MP_DEFINE_CONST_OBJ_TYPE(
      |       ^
      |       ;
build-VK_RA6M5/lvgl/lv_mpy.c:4133:21: error: expected ';' before 'const'
 4133 | GENMPY_UNUSED STATIC const mp_lv_obj_type_t mp_lv_LV_COVER_RES_type = {
      |                     ^~~~~~
      |                     ;
build-VK_RA6M5/lvgl/lv_mpy.c:4146:7: error: expected ';' before 'const'
 4146 | STATIC const mp_rom_map_elem_t LV_LAYER_TYPE_locals_dict_table[] = {
      |       ^~~~~~
      |       ;
build-VK_RA6M5/lvgl/lv_mpy.c:4152:7: error: expected ';' before 'const'
 4152 | STATIC MP_DEFINE_CONST_DICT(LV_LAYER_TYPE_locals_dict, LV_LAYER_TYPE_locals_dict_table);
      |       ^
      |       ;
build-VK_RA6M5/lvgl/lv_mpy.c:4154:7: error: expected ';' before 'void'
 4154 | STATIC void LV_LAYER_TYPE_print(const mp_print_t *print,
      |       ^~~~~
      |       ;
build-VK_RA6M5/lvgl/lv_mpy.c:4163:7: error: expected ';' before 'const'
 4163 | STATIC MP_DEFINE_CONST_OBJ_TYPE(
      |       ^
      |       ;
build-VK_RA6M5/lvgl/lv_mpy.c:4176:21: error: expected ';' before 'const'
 4176 | GENMPY_UNUSED STATIC const mp_lv_obj_type_t mp_lv_LV_LAYER_TYPE_type = {
      |                     ^~~~~~
      |                     ;
build-VK_RA6M5/lvgl/lv_mpy.c:4189:7: error: expected ';' before 'const'
 4189 | STATIC const mp_rom_map_elem_t LV_OBJ_CLASS_EDITABLE_locals_dict_table[] = {
      |       ^~~~~~
      |       ;
build-VK_RA6M5/lvgl/lv_mpy.c:4195:7: error: expected ';' before 'const'
 4195 | STATIC MP_DEFINE_CONST_DICT(LV_OBJ_CLASS_EDITABLE_locals_dict, LV_OBJ_CLASS_EDITABLE_locals_dict_table);
      |       ^
      |       ;
build-VK_RA6M5/lvgl/lv_mpy.c:4197:7: error: expected ';' before 'void'
 4197 | STATIC void LV_OBJ_CLASS_EDITABLE_print(const mp_print_t *print,
      |       ^~~~~
      |       ;
build-VK_RA6M5/lvgl/lv_mpy.c:4206:7: error: expected ';' before 'const'
 4206 | STATIC MP_DEFINE_CONST_OBJ_TYPE(
      |       ^
      |       ;
build-VK_RA6M5/lvgl/lv_mpy.c:4219:21: error: expected ';' before 'const'
 4219 | GENMPY_UNUSED STATIC const mp_lv_obj_type_t mp_lv_LV_OBJ_CLASS_EDITABLE_type = {
      |                     ^~~~~~
      |                     ;
build-VK_RA6M5/lvgl/lv_mpy.c:4232:7: error: expected ';' before 'const'
 4232 | STATIC const mp_rom_map_elem_t LV_OBJ_CLASS_GROUP_DEF_locals_dict_table[] = {
      |       ^~~~~~
      |       ;
build-VK_RA6M5/lvgl/lv_mpy.c:4238:7: error: expected ';' before 'const'
 4238 | STATIC MP_DEFINE_CONST_DICT(LV_OBJ_CLASS_GROUP_DEF_locals_dict, LV_OBJ_CLASS_GROUP_DEF_locals_dict_table);
      |       ^
      |       ;
build-VK_RA6M5/lvgl/lv_mpy.c:4240:7: error: expected ';' before 'void'
 4240 | STATIC void LV_OBJ_CLASS_GROUP_DEF_print(const mp_print_t *print,
      |       ^~~~~
      |       ;
build-VK_RA6M5/lvgl/lv_mpy.c:4249:7: error: expected ';' before 'const'
 4249 | STATIC MP_DEFINE_CONST_OBJ_TYPE(
      |       ^
      |       ;
build-VK_RA6M5/lvgl/lv_mpy.c:4262:21: error: expected ';' before 'const'
 4262 | GENMPY_UNUSED STATIC const mp_lv_obj_type_t mp_lv_LV_OBJ_CLASS_GROUP_DEF_type = {
      |                     ^~~~~~
      |                     ;
build-VK_RA6M5/lvgl/lv_mpy.c:4275:7: error: expected ';' before 'const'
 4275 | STATIC const mp_rom_map_elem_t LV_OBJ_CLASS_THEME_INHERITABLE_locals_dict_table[] = {
      |       ^~~~~~
      |       ;
build-VK_RA6M5/lvgl/lv_mpy.c:4280:7: error: expected ';' before 'const'
 4280 | STATIC MP_DEFINE_CONST_DICT(LV_OBJ_CLASS_THEME_INHERITABLE_locals_dict, LV_OBJ_CLASS_THEME_INHERITABLE_locals_dict_table);
      |       ^
      |       ;
build-VK_RA6M5/lvgl/lv_mpy.c:4282:7: error: expected ';' before 'void'
 4282 | STATIC void LV_OBJ_CLASS_THEME_INHERITABLE_print(const mp_print_t *print,
      |       ^~~~~
      |       ;
build-VK_RA6M5/lvgl/lv_mpy.c:4291:7: error: expected ';' before 'const'
 4291 | STATIC MP_DEFINE_CONST_OBJ_TYPE(
      |       ^
      |       ;
build-VK_RA6M5/lvgl/lv_mpy.c:4304:21: error: expected ';' before 'const'
 4304 | GENMPY_UNUSED STATIC const mp_lv_obj_type_t mp_lv_LV_OBJ_CLASS_THEME_INHERITABLE_type = {
      |                     ^~~~~~
      |                     ;
build-VK_RA6M5/lvgl/lv_mpy.c:4317:7: error: expected ';' before 'const'
 4317 | STATIC const mp_rom_map_elem_t LV_GROUP_REFOCUS_POLICY_locals_dict_table[] = {
      |       ^~~~~~
      |       ;
build-VK_RA6M5/lvgl/lv_mpy.c:4322:7: error: expected ';' before 'const'
 4322 | STATIC MP_DEFINE_CONST_DICT(LV_GROUP_REFOCUS_POLICY_locals_dict, LV_GROUP_REFOCUS_POLICY_locals_dict_table);
      |       ^
      |       ;
build-VK_RA6M5/lvgl/lv_mpy.c:4324:7: error: expected ';' before 'void'
 4324 | STATIC void LV_GROUP_REFOCUS_POLICY_print(const mp_print_t *print,
      |       ^~~~~
      |       ;
build-VK_RA6M5/lvgl/lv_mpy.c:4333:7: error: expected ';' before 'const'
 4333 | STATIC MP_DEFINE_CONST_OBJ_TYPE(
      |       ^
      |       ;
build-VK_RA6M5/lvgl/lv_mpy.c:4346:21: error: expected ';' before 'const'
 4346 | GENMPY_UNUSED STATIC const mp_lv_obj_type_t mp_lv_LV_GROUP_REFOCUS_POLICY_type = {
      |                     ^~~~~~
      |                     ;
build-VK_RA6M5/lvgl/lv_mpy.c:4359:7: error: expected ';' before 'const'
 4359 | STATIC const mp_rom_map_elem_t LV_INDEV_TYPE_locals_dict_table[] = {
      |       ^~~~~~
      |       ;
build-VK_RA6M5/lvgl/lv_mpy.c:4367:7: error: expected ';' before 'const'
 4367 | STATIC MP_DEFINE_CONST_DICT(LV_INDEV_TYPE_locals_dict, LV_INDEV_TYPE_locals_dict_table);
      |       ^
      |       ;
build-VK_RA6M5/lvgl/lv_mpy.c:4369:7: error: expected ';' before 'void'
 4369 | STATIC void LV_INDEV_TYPE_print(const mp_print_t *print,
      |       ^~~~~
      |       ;
build-VK_RA6M5/lvgl/lv_mpy.c:4378:7: error: expected ';' before 'const'
 4378 | STATIC MP_DEFINE_CONST_OBJ_TYPE(
      |       ^
      |       ;
build-VK_RA6M5/lvgl/lv_mpy.c:4391:21: error: expected ';' before 'const'
 4391 | GENMPY_UNUSED STATIC const mp_lv_obj_type_t mp_lv_LV_INDEV_TYPE_type = {
      |                     ^~~~~~
      |                     ;
build-VK_RA6M5/lvgl/lv_mpy.c:4404:7: error: expected ';' before 'const'
 4404 | STATIC const mp_rom_map_elem_t LV_INDEV_STATE_locals_dict_table[] = {
      |       ^~~~~~
      |       ;
build-VK_RA6M5/lvgl/lv_mpy.c:4409:7: error: expected ';' before 'const'
 4409 | STATIC MP_DEFINE_CONST_DICT(LV_INDEV_STATE_locals_dict, LV_INDEV_STATE_locals_dict_table);
      |       ^
      |       ;
build-VK_RA6M5/lvgl/lv_mpy.c:4411:7: error: expected ';' before 'void'
 4411 | STATIC void LV_INDEV_STATE_print(const mp_print_t *print,
      |       ^~~~~
      |       ;
build-VK_RA6M5/lvgl/lv_mpy.c:4420:7: error: expected ';' before 'const'
 4420 | STATIC MP_DEFINE_CONST_OBJ_TYPE(
      |       ^
      |       ;
build-VK_RA6M5/lvgl/lv_mpy.c:4433:21: error: expected ';' before 'const'
 4433 | GENMPY_UNUSED STATIC const mp_lv_obj_type_t mp_lv_LV_INDEV_STATE_type = {
      |                     ^~~~~~
      |                     ;
build-VK_RA6M5/lvgl/lv_mpy.c:4446:7: error: expected ';' before 'const'
 4446 | STATIC const mp_rom_map_elem_t LV_FONT_FMT_TXT_locals_dict_table[] = {
      |       ^~~~~~
      |       ;
build-VK_RA6M5/lvgl/lv_mpy.c:4452:7: error: expected ';' before 'const'
 4452 | STATIC MP_DEFINE_CONST_DICT(LV_FONT_FMT_TXT_locals_dict, LV_FONT_FMT_TXT_locals_dict_table);
      |       ^
      |       ;
build-VK_RA6M5/lvgl/lv_mpy.c:4454:7: error: expected ';' before 'void'
 4454 | STATIC void LV_FONT_FMT_TXT_print(const mp_print_t *print,
      |       ^~~~~
      |       ;
build-VK_RA6M5/lvgl/lv_mpy.c:4463:7: error: expected ';' before 'const'
 4463 | STATIC MP_DEFINE_CONST_OBJ_TYPE(
      |       ^
      |       ;
build-VK_RA6M5/lvgl/lv_mpy.c:4476:21: error: expected ';' before 'const'
 4476 | GENMPY_UNUSED STATIC const mp_lv_obj_type_t mp_lv_LV_FONT_FMT_TXT_type = {
      |                     ^~~~~~
      |                     ;
build-VK_RA6M5/lvgl/lv_mpy.c:4489:7: error: expected ';' before 'const'
 4489 | STATIC const mp_rom_map_elem_t LV_ARC_DRAW_PART_locals_dict_table[] = {
      |       ^~~~~~
      |       ;
build-VK_RA6M5/lvgl/lv_mpy.c:4495:7: error: expected ';' before 'const'
 4495 | STATIC MP_DEFINE_CONST_DICT(LV_ARC_DRAW_PART_locals_dict, LV_ARC_DRAW_PART_locals_dict_table);
      |       ^
      |       ;
build-VK_RA6M5/lvgl/lv_mpy.c:4497:7: error: expected ';' before 'void'
 4497 | STATIC void LV_ARC_DRAW_PART_print(const mp_print_t *print,
      |       ^~~~~
      |       ;
build-VK_RA6M5/lvgl/lv_mpy.c:4506:7: error: expected ';' before 'const'
 4506 | STATIC MP_DEFINE_CONST_OBJ_TYPE(
      |       ^
      |       ;
build-VK_RA6M5/lvgl/lv_mpy.c:4519:21: error: expected ';' before 'const'
 4519 | GENMPY_UNUSED STATIC const mp_lv_obj_type_t mp_lv_LV_ARC_DRAW_PART_type = {
      |                     ^~~~~~
      |                     ;
build-VK_RA6M5/lvgl/lv_mpy.c:4532:7: error: expected ';' before 'const'
 4532 | STATIC const mp_rom_map_elem_t LV_BAR_DRAW_PART_locals_dict_table[] = {
      |       ^~~~~~
      |       ;
build-VK_RA6M5/lvgl/lv_mpy.c:4536:7: error: expected ';' before 'const'
 4536 | STATIC MP_DEFINE_CONST_DICT(LV_BAR_DRAW_PART_locals_dict, LV_BAR_DRAW_PART_locals_dict_table);
      |       ^
      |       ;
build-VK_RA6M5/lvgl/lv_mpy.c:4538:7: error: expected ';' before 'void'
 4538 | STATIC void LV_BAR_DRAW_PART_print(const mp_print_t *print,
      |       ^~~~~
      |       ;
build-VK_RA6M5/lvgl/lv_mpy.c:4547:7: error: expected ';' before 'const'
 4547 | STATIC MP_DEFINE_CONST_OBJ_TYPE(
      |       ^
      |       ;
build-VK_RA6M5/lvgl/lv_mpy.c:4560:21: error: expected ';' before 'const'
 4560 | GENMPY_UNUSED STATIC const mp_lv_obj_type_t mp_lv_LV_BAR_DRAW_PART_type = {
      |                     ^~~~~~
      |                     ;
build-VK_RA6M5/lvgl/lv_mpy.c:4573:7: error: expected ';' before 'const'
 4573 | STATIC const mp_rom_map_elem_t LV_BTNMATRIX_DRAW_PART_locals_dict_table[] = {
      |       ^~~~~~
      |       ;
build-VK_RA6M5/lvgl/lv_mpy.c:4577:7: error: expected ';' before 'const'
 4577 | STATIC MP_DEFINE_CONST_DICT(LV_BTNMATRIX_DRAW_PART_locals_dict, LV_BTNMATRIX_DRAW_PART_locals_dict_table);
      |       ^
      |       ;
build-VK_RA6M5/lvgl/lv_mpy.c:4579:7: error: expected ';' before 'void'
 4579 | STATIC void LV_BTNMATRIX_DRAW_PART_print(const mp_print_t *print,
      |       ^~~~~
      |       ;
build-VK_RA6M5/lvgl/lv_mpy.c:4588:7: error: expected ';' before 'const'
 4588 | STATIC MP_DEFINE_CONST_OBJ_TYPE(
      |       ^
      |       ;
build-VK_RA6M5/lvgl/lv_mpy.c:4601:21: error: expected ';' before 'const'
 4601 | GENMPY_UNUSED STATIC const mp_lv_obj_type_t mp_lv_LV_BTNMATRIX_DRAW_PART_type = {
      |                     ^~~~~~
      |                     ;
build-VK_RA6M5/lvgl/lv_mpy.c:4614:7: error: expected ';' before 'const'
 4614 | STATIC const mp_rom_map_elem_t LV_CHART_DRAW_PART_locals_dict_table[] = {
      |       ^~~~~~
      |       ;
build-VK_RA6M5/lvgl/lv_mpy.c:4624:7: error: expected ';' before 'const'
 4624 | STATIC MP_DEFINE_CONST_DICT(LV_CHART_DRAW_PART_locals_dict, LV_CHART_DRAW_PART_locals_dict_table);
      |       ^
      |       ;
build-VK_RA6M5/lvgl/lv_mpy.c:4626:7: error: expected ';' before 'void'
 4626 | STATIC void LV_CHART_DRAW_PART_print(const mp_print_t *print,
      |       ^~~~~
      |       ;
build-VK_RA6M5/lvgl/lv_mpy.c:4635:7: error: expected ';' before 'const'
 4635 | STATIC MP_DEFINE_CONST_OBJ_TYPE(
      |       ^
      |       ;
build-VK_RA6M5/lvgl/lv_mpy.c:4648:21: error: expected ';' before 'const'
 4648 | GENMPY_UNUSED STATIC const mp_lv_obj_type_t mp_lv_LV_CHART_DRAW_PART_type = {
      |                     ^~~~~~
      |                     ;
build-VK_RA6M5/lvgl/lv_mpy.c:4661:7: error: expected ';' before 'const'
 4661 | STATIC const mp_rom_map_elem_t LV_CHECKBOX_DRAW_PART_locals_dict_table[] = {
      |       ^~~~~~
      |       ;
build-VK_RA6M5/lvgl/lv_mpy.c:4665:7: error: expected ';' before 'const'
 4665 | STATIC MP_DEFINE_CONST_DICT(LV_CHECKBOX_DRAW_PART_locals_dict, LV_CHECKBOX_DRAW_PART_locals_dict_table);
      |       ^
      |       ;
build-VK_RA6M5/lvgl/lv_mpy.c:4667:7: error: expected ';' before 'void'
 4667 | STATIC void LV_CHECKBOX_DRAW_PART_print(const mp_print_t *print,
      |       ^~~~~
      |       ;
build-VK_RA6M5/lvgl/lv_mpy.c:4676:7: error: expected ';' before 'const'
 4676 | STATIC MP_DEFINE_CONST_OBJ_TYPE(
      |       ^
      |       ;
build-VK_RA6M5/lvgl/lv_mpy.c:4689:21: error: expected ';' before 'const'
 4689 | GENMPY_UNUSED STATIC const mp_lv_obj_type_t mp_lv_LV_CHECKBOX_DRAW_PART_type = {
      |                     ^~~~~~
      |                     ;
build-VK_RA6M5/lvgl/lv_mpy.c:4702:7: error: expected ';' before 'const'
 4702 | STATIC const mp_rom_map_elem_t LV_IMGBTN_STATE_locals_dict_table[] = {
      |       ^~~~~~
      |       ;
build-VK_RA6M5/lvgl/lv_mpy.c:4711:7: error: expected ';' before 'const'
 4711 | STATIC MP_DEFINE_CONST_DICT(LV_IMGBTN_STATE_locals_dict, LV_IMGBTN_STATE_locals_dict_table);
      |       ^
      |       ;
build-VK_RA6M5/lvgl/lv_mpy.c:4713:7: error: expected ';' before 'void'
 4713 | STATIC void LV_IMGBTN_STATE_print(const mp_print_t *print,
      |       ^~~~~
      |       ;
build-VK_RA6M5/lvgl/lv_mpy.c:4722:7: error: expected ';' before 'const'
 4722 | STATIC MP_DEFINE_CONST_OBJ_TYPE(
      |       ^
      |       ;
build-VK_RA6M5/lvgl/lv_mpy.c:4735:21: error: expected ';' before 'const'
 4735 | GENMPY_UNUSED STATIC const mp_lv_obj_type_t mp_lv_LV_IMGBTN_STATE_type = {
      |                     ^~~~~~
      |                     ;
build-VK_RA6M5/lvgl/lv_mpy.c:4748:7: error: expected ';' before 'const'
 4748 | STATIC const mp_rom_map_elem_t LV_LED_DRAW_PART_locals_dict_table[] = {
      |       ^~~~~~
      |       ;
build-VK_RA6M5/lvgl/lv_mpy.c:4752:7: error: expected ';' before 'const'
 4752 | STATIC MP_DEFINE_CONST_DICT(LV_LED_DRAW_PART_locals_dict, LV_LED_DRAW_PART_locals_dict_table);
      |       ^
      |       ;
build-VK_RA6M5/lvgl/lv_mpy.c:4754:7: error: expected ';' before 'void'
 4754 | STATIC void LV_LED_DRAW_PART_print(const mp_print_t *print,
      |       ^~~~~
      |       ;
build-VK_RA6M5/lvgl/lv_mpy.c:4763:7: error: expected ';' before 'const'
 4763 | STATIC MP_DEFINE_CONST_OBJ_TYPE(
      |       ^
      |       ;
build-VK_RA6M5/lvgl/lv_mpy.c:4776:21: error: expected ';' before 'const'
 4776 | GENMPY_UNUSED STATIC const mp_lv_obj_type_t mp_lv_LV_LED_DRAW_PART_type = {
      |                     ^~~~~~
      |                     ;
build-VK_RA6M5/lvgl/lv_mpy.c:4789:7: error: expected ';' before 'const'
 4789 | STATIC const mp_rom_map_elem_t LV_METER_DRAW_PART_locals_dict_table[] = {
      |       ^~~~~~
      |       ;
build-VK_RA6M5/lvgl/lv_mpy.c:4796:7: error: expected ';' before 'const'
 4796 | STATIC MP_DEFINE_CONST_DICT(LV_METER_DRAW_PART_locals_dict, LV_METER_DRAW_PART_locals_dict_table);
      |       ^
      |       ;
build-VK_RA6M5/lvgl/lv_mpy.c:4798:7: error: expected ';' before 'void'
 4798 | STATIC void LV_METER_DRAW_PART_print(const mp_print_t *print,
      |       ^~~~~
      |       ;
build-VK_RA6M5/lvgl/lv_mpy.c:4807:7: error: expected ';' before 'const'
 4807 | STATIC MP_DEFINE_CONST_OBJ_TYPE(
      |       ^
      |       ;
build-VK_RA6M5/lvgl/lv_mpy.c:4820:21: error: expected ';' before 'const'
 4820 | GENMPY_UNUSED STATIC const mp_lv_obj_type_t mp_lv_LV_METER_DRAW_PART_type = {
      |                     ^~~~~~
      |                     ;
build-VK_RA6M5/lvgl/lv_mpy.c:4833:7: error: expected ';' before 'const'
 4833 | STATIC const mp_rom_map_elem_t LV_SLIDER_DRAW_PART_locals_dict_table[] = {
      |       ^~~~~~
      |       ;
build-VK_RA6M5/lvgl/lv_mpy.c:4838:7: error: expected ';' before 'const'
 4838 | STATIC MP_DEFINE_CONST_DICT(LV_SLIDER_DRAW_PART_locals_dict, LV_SLIDER_DRAW_PART_locals_dict_table);
      |       ^
      |       ;
build-VK_RA6M5/lvgl/lv_mpy.c:4840:7: error: expected ';' before 'void'
 4840 | STATIC void LV_SLIDER_DRAW_PART_print(const mp_print_t *print,
      |       ^~~~~
      |       ;
build-VK_RA6M5/lvgl/lv_mpy.c:4849:7: error: expected ';' before 'const'
 4849 | STATIC MP_DEFINE_CONST_OBJ_TYPE(
      |       ^
      |       ;
build-VK_RA6M5/lvgl/lv_mpy.c:4862:21: error: expected ';' before 'const'
 4862 | GENMPY_UNUSED STATIC const mp_lv_obj_type_t mp_lv_LV_SLIDER_DRAW_PART_type = {
      |                     ^~~~~~
      |                     ;
build-VK_RA6M5/lvgl/lv_mpy.c:4875:7: error: expected ';' before 'const'
 4875 | STATIC const mp_rom_map_elem_t LV_TABLE_DRAW_PART_locals_dict_table[] = {
      |       ^~~~~~
      |       ;
build-VK_RA6M5/lvgl/lv_mpy.c:4879:7: error: expected ';' before 'const'
 4879 | STATIC MP_DEFINE_CONST_DICT(LV_TABLE_DRAW_PART_locals_dict, LV_TABLE_DRAW_PART_locals_dict_table);
      |       ^
      |       ;
build-VK_RA6M5/lvgl/lv_mpy.c:4881:7: error: expected ';' before 'void'
 4881 | STATIC void LV_TABLE_DRAW_PART_print(const mp_print_t *print,
      |       ^~~~~
      |       ;
build-VK_RA6M5/lvgl/lv_mpy.c:4890:7: error: expected ';' before 'const'
 4890 | STATIC MP_DEFINE_CONST_OBJ_TYPE(
      |       ^
      |       ;
build-VK_RA6M5/lvgl/lv_mpy.c:4903:21: error: expected ';' before 'const'
 4903 | GENMPY_UNUSED STATIC const mp_lv_obj_type_t mp_lv_LV_TABLE_DRAW_PART_type = {
      |                     ^~~~~~
      |                     ;
build-VK_RA6M5/lvgl/lv_mpy.c:4916:7: error: expected ';' before 'const'
 4916 | STATIC const mp_rom_map_elem_t LV_GRIDNAV_CTRL_locals_dict_table[] = {
      |       ^~~~~~
      |       ;
build-VK_RA6M5/lvgl/lv_mpy.c:4922:7: error: expected ';' before 'const'
 4922 | STATIC MP_DEFINE_CONST_DICT(LV_GRIDNAV_CTRL_locals_dict, LV_GRIDNAV_CTRL_locals_dict_table);
      |       ^
      |       ;
build-VK_RA6M5/lvgl/lv_mpy.c:4924:7: error: expected ';' before 'void'
 4924 | STATIC void LV_GRIDNAV_CTRL_print(const mp_print_t *print,
      |       ^~~~~
      |       ;
build-VK_RA6M5/lvgl/lv_mpy.c:4933:7: error: expected ';' before 'const'
 4933 | STATIC MP_DEFINE_CONST_OBJ_TYPE(
      |       ^
      |       ;
build-VK_RA6M5/lvgl/lv_mpy.c:4946:21: error: expected ';' before 'const'
 4946 | GENMPY_UNUSED STATIC const mp_lv_obj_type_t mp_lv_LV_GRIDNAV_CTRL_type = {
      |                     ^~~~~~
      |                     ;
build-VK_RA6M5/lvgl/lv_mpy.c:4959:7: error: expected ';' before 'const'
 4959 | STATIC const mp_rom_map_elem_t LV_IME_PINYIN_MODE_locals_dict_table[] = {
      |       ^~~~~~
      |       ;
build-VK_RA6M5/lvgl/lv_mpy.c:4965:7: error: expected ';' before 'const'
 4965 | STATIC MP_DEFINE_CONST_DICT(LV_IME_PINYIN_MODE_locals_dict, LV_IME_PINYIN_MODE_locals_dict_table);
      |       ^
      |       ;
build-VK_RA6M5/lvgl/lv_mpy.c:4967:7: error: expected ';' before 'void'
 4967 | STATIC void LV_IME_PINYIN_MODE_print(const mp_print_t *print,
      |       ^~~~~
      |       ;
build-VK_RA6M5/lvgl/lv_mpy.c:4976:7: error: expected ';' before 'const'
 4976 | STATIC MP_DEFINE_CONST_OBJ_TYPE(
      |       ^
      |       ;
build-VK_RA6M5/lvgl/lv_mpy.c:4989:21: error: expected ';' before 'const'
 4989 | GENMPY_UNUSED STATIC const mp_lv_obj_type_t mp_lv_LV_IME_PINYIN_MODE_type = {
      |                     ^~~~~~
      |                     ;
build-VK_RA6M5/lvgl/lv_mpy.c:5002:7: error: expected ';' before 'const'
 5002 | STATIC const mp_rom_map_elem_t LV_EXPLORER_SORT_locals_dict_table[] = {
      |       ^~~~~~
      |       ;
build-VK_RA6M5/lvgl/lv_mpy.c:5007:7: error: expected ';' before 'const'
 5007 | STATIC MP_DEFINE_CONST_DICT(LV_EXPLORER_SORT_locals_dict, LV_EXPLORER_SORT_locals_dict_table);
      |       ^
      |       ;
build-VK_RA6M5/lvgl/lv_mpy.c:5009:7: error: expected ';' before 'void'
 5009 | STATIC void LV_EXPLORER_SORT_print(const mp_print_t *print,
      |       ^~~~~
      |       ;
build-VK_RA6M5/lvgl/lv_mpy.c:5018:7: error: expected ';' before 'const'
 5018 | STATIC MP_DEFINE_CONST_OBJ_TYPE(
      |       ^
      |       ;
build-VK_RA6M5/lvgl/lv_mpy.c:5031:21: error: expected ';' before 'const'
 5031 | GENMPY_UNUSED STATIC const mp_lv_obj_type_t mp_lv_LV_EXPLORER_SORT_type = {
      |                     ^~~~~~
      |                     ;
build-VK_RA6M5/lvgl/lv_mpy.c:5044:7: error: expected ';' before 'const'
 5044 | STATIC const mp_rom_map_elem_t LV_EXPLORER_locals_dict_table[] = {
      |       ^~~~~~
      |       ;
build-VK_RA6M5/lvgl/lv_mpy.c:5053:7: error: expected ';' before 'const'
 5053 | STATIC MP_DEFINE_CONST_DICT(LV_EXPLORER_locals_dict, LV_EXPLORER_locals_dict_table);
      |       ^
      |       ;
build-VK_RA6M5/lvgl/lv_mpy.c:5055:7: error: expected ';' before 'void'
 5055 | STATIC void LV_EXPLORER_print(const mp_print_t *print,
      |       ^~~~~
      |       ;
build-VK_RA6M5/lvgl/lv_mpy.c:5064:7: error: expected ';' before 'const'
 5064 | STATIC MP_DEFINE_CONST_OBJ_TYPE(
      |       ^
      |       ;
build-VK_RA6M5/lvgl/lv_mpy.c:5077:21: error: expected ';' before 'const'
 5077 | GENMPY_UNUSED STATIC const mp_lv_obj_type_t mp_lv_LV_EXPLORER_type = {
      |                     ^~~~~~
      |                     ;
build-VK_RA6M5/lvgl/lv_mpy.c:5090:7: error: expected ';' before 'const'
 5090 | STATIC const mp_rom_map_elem_t LV_FLEX_ALIGN_locals_dict_table[] = {
      |       ^~~~~~
      |       ;
build-VK_RA6M5/lvgl/lv_mpy.c:5099:7: error: expected ';' before 'const'
 5099 | STATIC MP_DEFINE_CONST_DICT(LV_FLEX_ALIGN_locals_dict, LV_FLEX_ALIGN_locals_dict_table);
      |       ^
      |       ;
build-VK_RA6M5/lvgl/lv_mpy.c:5101:7: error: expected ';' before 'void'
 5101 | STATIC void LV_FLEX_ALIGN_print(const mp_print_t *print,
      |       ^~~~~
      |       ;
build-VK_RA6M5/lvgl/lv_mpy.c:5110:7: error: expected ';' before 'const'
 5110 | STATIC MP_DEFINE_CONST_OBJ_TYPE(
      |       ^
      |       ;
build-VK_RA6M5/lvgl/lv_mpy.c:5123:21: error: expected ';' before 'const'
 5123 | GENMPY_UNUSED STATIC const mp_lv_obj_type_t mp_lv_LV_FLEX_ALIGN_type = {
      |                     ^~~~~~
      |                     ;
build-VK_RA6M5/lvgl/lv_mpy.c:5136:7: error: expected ';' before 'const'
 5136 | STATIC const mp_rom_map_elem_t LV_FLEX_FLOW_locals_dict_table[] = {
      |       ^~~~~~
      |       ;
build-VK_RA6M5/lvgl/lv_mpy.c:5147:7: error: expected ';' before 'const'
 5147 | STATIC MP_DEFINE_CONST_DICT(LV_FLEX_FLOW_locals_dict, LV_FLEX_FLOW_locals_dict_table);
      |       ^
      |       ;
build-VK_RA6M5/lvgl/lv_mpy.c:5149:7: error: expected ';' before 'void'
 5149 | STATIC void LV_FLEX_FLOW_print(const mp_print_t *print,
      |       ^~~~~
      |       ;
build-VK_RA6M5/lvgl/lv_mpy.c:5158:7: error: expected ';' before 'const'
 5158 | STATIC MP_DEFINE_CONST_OBJ_TYPE(
      |       ^
      |       ;
build-VK_RA6M5/lvgl/lv_mpy.c:5171:21: error: expected ';' before 'const'
 5171 | GENMPY_UNUSED STATIC const mp_lv_obj_type_t mp_lv_LV_FLEX_FLOW_type = {
      |                     ^~~~~~
      |                     ;
build-VK_RA6M5/lvgl/lv_mpy.c:5184:7: error: expected ';' before 'const'
 5184 | STATIC const mp_rom_map_elem_t LV_GRID_ALIGN_locals_dict_table[] = {
      |       ^~~~~~
      |       ;
build-VK_RA6M5/lvgl/lv_mpy.c:5194:7: error: expected ';' before 'const'
 5194 | STATIC MP_DEFINE_CONST_DICT(LV_GRID_ALIGN_locals_dict, LV_GRID_ALIGN_locals_dict_table);
      |       ^
      |       ;
build-VK_RA6M5/lvgl/lv_mpy.c:5196:7: error: expected ';' before 'void'
 5196 | STATIC void LV_GRID_ALIGN_print(const mp_print_t *print,
      |       ^~~~~
      |       ;
build-VK_RA6M5/lvgl/lv_mpy.c:5205:7: error: expected ';' before 'const'
 5205 | STATIC MP_DEFINE_CONST_OBJ_TYPE(
      |       ^
      |       ;
build-VK_RA6M5/lvgl/lv_mpy.c:5218:21: error: expected ';' before 'const'
 5218 | GENMPY_UNUSED STATIC const mp_lv_obj_type_t mp_lv_LV_GRID_ALIGN_type = {
      |                     ^~~~~~
      |                     ;
build-VK_RA6M5/lvgl/lv_mpy.c:5231:7: error: expected ';' before 'const'
 5231 | STATIC const mp_rom_map_elem_t LV_SYMBOL_locals_dict_table[] = {
      |       ^~~~~~
      |       ;
build-VK_RA6M5/lvgl/lv_mpy.c:5296:7: error: expected ';' before 'const'
 5296 | STATIC MP_DEFINE_CONST_DICT(LV_SYMBOL_locals_dict, LV_SYMBOL_locals_dict_table);
      |       ^
      |       ;
build-VK_RA6M5/lvgl/lv_mpy.c:5298:7: error: expected ';' before 'void'
 5298 | STATIC void LV_SYMBOL_print(const mp_print_t *print,
      |       ^~~~~
      |       ;
build-VK_RA6M5/lvgl/lv_mpy.c:5307:7: error: expected ';' before 'const'
 5307 | STATIC MP_DEFINE_CONST_OBJ_TYPE(
      |       ^
      |       ;
build-VK_RA6M5/lvgl/lv_mpy.c:5320:21: error: expected ';' before 'const'
 5320 | GENMPY_UNUSED STATIC const mp_lv_obj_type_t mp_lv_LV_SYMBOL_type = {
      |                     ^~~~~~
      |                     ;
build-VK_RA6M5/lvgl/lv_mpy.c:5333:1: error: unknown type name 'STATIC'
 5333 | STATIC mp_obj_t mp_lv_obj_center(size_t mp_n_args, const mp_obj_t *mp_args, void *lv_func_ptr)
      | ^~~~~~
build-VK_RA6M5/lvgl/lv_mpy.c:5333:17: error: expected '=', ',', ';', 'asm' or '__attribute__' before 'mp_lv_obj_center'
 5333 | STATIC mp_obj_t mp_lv_obj_center(size_t mp_n_args, const mp_obj_t *mp_args, void *lv_func_ptr)
      |                 ^~~~~~~~~~~~~~~~
build-VK_RA6M5/lvgl/lv_mpy.c:5342:7: error: expected ';' before 'const'
 5342 | STATIC MP_DEFINE_CONST_LV_FUN_OBJ_VAR(mp_lv_obj_center_mpobj, 1, mp_lv_obj_center, lv_obj_center);
      |       ^
      |       ;
build-VK_RA6M5/lvgl/lv_mpy.c:5342:66: error: 'mp_lv_obj_center' undeclared here (not in a function); did you mean 'lv_obj_center'?
 5342 | STATIC MP_DEFINE_CONST_LV_FUN_OBJ_VAR(mp_lv_obj_center_mpobj, 1, mp_lv_obj_center, lv_obj_center);
      |                                                                  ^~~~~~~~~~~~~~~~
build-VK_RA6M5/lvgl/lv_mpy.c:120:49: note: in definition of macro 'MP_DEFINE_CONST_LV_FUN_OBJ_VAR'
  120 |         {{&mp_lv_type_fun_builtin_var}, n_args, mp_fun, lv_fun}
      |                                                 ^~~~~~
build-VK_RA6M5/lvgl/lv_mpy.c:5350:1: error: unknown type name 'STATIC'
 5350 | STATIC mp_obj_t mp_lv_obj_get_style_width(size_t mp_n_args, const mp_obj_t *mp_args, void *lv_func_ptr)
      | ^~~~~~
build-VK_RA6M5/lvgl/lv_mpy.c:5350:17: error: expected '=', ',', ';', 'asm' or '__attribute__' before 'mp_lv_obj_get_style_width'
 5350 | STATIC mp_obj_t mp_lv_obj_get_style_width(size_t mp_n_args, const mp_obj_t *mp_args, void *lv_func_ptr)
      |                 ^~~~~~~~~~~~~~~~~~~~~~~~~
build-VK_RA6M5/lvgl/lv_mpy.c:5360:7: error: expected ';' before 'const'
 5360 | STATIC MP_DEFINE_CONST_LV_FUN_OBJ_VAR(mp_lv_obj_get_style_width_mpobj, 2, mp_lv_obj_get_style_width, lv_obj_get_style_width);
      |       ^
      |       ;
build-VK_RA6M5/lvgl/lv_mpy.c:5360:75: error: 'mp_lv_obj_get_style_width' undeclared here (not in a function); did you mean 'lv_obj_get_style_width'?
 5360 | STATIC MP_DEFINE_CONST_LV_FUN_OBJ_VAR(mp_lv_obj_get_style_width_mpobj, 2, mp_lv_obj_get_style_width, lv_obj_get_style_width);
      |                                                                           ^~~~~~~~~~~~~~~~~~~~~~~~~
build-VK_RA6M5/lvgl/lv_mpy.c:120:49: note: in definition of macro 'MP_DEFINE_CONST_LV_FUN_OBJ_VAR'
  120 |         {{&mp_lv_type_fun_builtin_var}, n_args, mp_fun, lv_fun}
      |                                                 ^~~~~~
build-VK_RA6M5/lvgl/lv_mpy.c:5364:7: error: expected ';' before 'const'
 5364 | STATIC MP_DEFINE_CONST_LV_FUN_OBJ_VAR(mp_lv_obj_get_style_min_width_mpobj, 2, mp_lv_obj_get_style_width, lv_obj_get_style_min_width);
      |       ^
      |       ;
build-VK_RA6M5/lvgl/lv_mpy.c:5368:7: error: expected ';' before 'const'
 5368 | STATIC MP_DEFINE_CONST_LV_FUN_OBJ_VAR(mp_lv_obj_get_style_max_width_mpobj, 2, mp_lv_obj_get_style_width, lv_obj_get_style_max_width);
      |       ^
      |       ;
build-VK_RA6M5/lvgl/lv_mpy.c:5372:7: error: expected ';' before 'const'
 5372 | STATIC MP_DEFINE_CONST_LV_FUN_OBJ_VAR(mp_lv_obj_get_style_height_mpobj, 2, mp_lv_obj_get_style_width, lv_obj_get_style_height);
      |       ^
      |       ;
build-VK_RA6M5/lvgl/lv_mpy.c:5376:7: error: expected ';' before 'const'
 5376 | STATIC MP_DEFINE_CONST_LV_FUN_OBJ_VAR(mp_lv_obj_get_style_min_height_mpobj, 2, mp_lv_obj_get_style_width, lv_obj_get_style_min_height);
      |       ^
      |       ;
build-VK_RA6M5/lvgl/lv_mpy.c:5380:7: error: expected ';' before 'const'
 5380 | STATIC MP_DEFINE_CONST_LV_FUN_OBJ_VAR(mp_lv_obj_get_style_max_height_mpobj, 2, mp_lv_obj_get_style_width, lv_obj_get_style_max_height);
      |       ^
      |       ;
build-VK_RA6M5/lvgl/lv_mpy.c:5384:7: error: expected ';' before 'const'
 5384 | STATIC MP_DEFINE_CONST_LV_FUN_OBJ_VAR(mp_lv_obj_get_style_x_mpobj, 2, mp_lv_obj_get_style_width, lv_obj_get_style_x);
      |       ^
      |       ;
build-VK_RA6M5/lvgl/lv_mpy.c:5388:7: error: expected ';' before 'const'
 5388 | STATIC MP_DEFINE_CONST_LV_FUN_OBJ_VAR(mp_lv_obj_get_style_y_mpobj, 2, mp_lv_obj_get_style_width, lv_obj_get_style_y);
      |       ^
      |       ;
build-VK_RA6M5/lvgl/lv_mpy.c:5396:1: error: unknown type name 'STATIC'
 5396 | STATIC mp_obj_t mp_lv_obj_get_style_align(size_t mp_n_args, const mp_obj_t *mp_args, void *lv_func_ptr)
      | ^~~~~~
build-VK_RA6M5/lvgl/lv_mpy.c:5396:17: error: expected '=', ',', ';', 'asm' or '__attribute__' before 'mp_lv_obj_get_style_align'
 5396 | STATIC mp_obj_t mp_lv_obj_get_style_align(size_t mp_n_args, const mp_obj_t *mp_args, void *lv_func_ptr)
      |                 ^~~~~~~~~~~~~~~~~~~~~~~~~
build-VK_RA6M5/lvgl/lv_mpy.c:5406:7: error: expected ';' before 'const'
 5406 | STATIC MP_DEFINE_CONST_LV_FUN_OBJ_VAR(mp_lv_obj_get_style_align_mpobj, 2, mp_lv_obj_get_style_align, lv_obj_get_style_align);
      |       ^
      |       ;
build-VK_RA6M5/lvgl/lv_mpy.c:5406:75: error: 'mp_lv_obj_get_style_align' undeclared here (not in a function); did you mean 'lv_obj_get_style_align'?
 5406 | STATIC MP_DEFINE_CONST_LV_FUN_OBJ_VAR(mp_lv_obj_get_style_align_mpobj, 2, mp_lv_obj_get_style_align, lv_obj_get_style_align);
      |                                                                           ^~~~~~~~~~~~~~~~~~~~~~~~~
build-VK_RA6M5/lvgl/lv_mpy.c:120:49: note: in definition of macro 'MP_DEFINE_CONST_LV_FUN_OBJ_VAR'
  120 |         {{&mp_lv_type_fun_builtin_var}, n_args, mp_fun, lv_fun}
      |                                                 ^~~~~~
build-VK_RA6M5/lvgl/lv_mpy.c:5410:7: error: expected ';' before 'const'
 5410 | STATIC MP_DEFINE_CONST_LV_FUN_OBJ_VAR(mp_lv_obj_get_style_transform_width_mpobj, 2, mp_lv_obj_get_style_width, lv_obj_get_style_transform_width);
      |       ^
      |       ;
build-VK_RA6M5/lvgl/lv_mpy.c:5414:7: error: expected ';' before 'const'
 5414 | STATIC MP_DEFINE_CONST_LV_FUN_OBJ_VAR(mp_lv_obj_get_style_transform_height_mpobj, 2, mp_lv_obj_get_style_width, lv_obj_get_style_transform_height);
      |       ^
      |       ;
build-VK_RA6M5/lvgl/lv_mpy.c:5418:7: error: expected ';' before 'const'
 5418 | STATIC MP_DEFINE_CONST_LV_FUN_OBJ_VAR(mp_lv_obj_get_style_translate_x_mpobj, 2, mp_lv_obj_get_style_width, lv_obj_get_style_translate_x);
      |       ^
      |       ;
build-VK_RA6M5/lvgl/lv_mpy.c:5422:7: error: expected ';' before 'const'
 5422 | STATIC MP_DEFINE_CONST_LV_FUN_OBJ_VAR(mp_lv_obj_get_style_translate_y_mpobj, 2, mp_lv_obj_get_style_width, lv_obj_get_style_translate_y);
      |       ^
      |       ;
build-VK_RA6M5/lvgl/lv_mpy.c:5426:7: error: expected ';' before 'const'
 5426 | STATIC MP_DEFINE_CONST_LV_FUN_OBJ_VAR(mp_lv_obj_get_style_transform_zoom_mpobj, 2, mp_lv_obj_get_style_width, lv_obj_get_style_transform_zoom);
      |       ^
      |       ;
build-VK_RA6M5/lvgl/lv_mpy.c:5430:7: error: expected ';' before 'const'
 5430 | STATIC MP_DEFINE_CONST_LV_FUN_OBJ_VAR(mp_lv_obj_get_style_transform_angle_mpobj, 2, mp_lv_obj_get_style_width, lv_obj_get_style_transform_angle);
      |       ^
      |       ;
build-VK_RA6M5/lvgl/lv_mpy.c:5434:7: error: expected ';' before 'const'
 5434 | STATIC MP_DEFINE_CONST_LV_FUN_OBJ_VAR(mp_lv_obj_get_style_transform_pivot_x_mpobj, 2, mp_lv_obj_get_style_width, lv_obj_get_style_transform_pivot_x);
      |       ^
      |       ;
build-VK_RA6M5/lvgl/lv_mpy.c:5438:7: error: expected ';' before 'const'
 5438 | STATIC MP_DEFINE_CONST_LV_FUN_OBJ_VAR(mp_lv_obj_get_style_transform_pivot_y_mpobj, 2, mp_lv_obj_get_style_width, lv_obj_get_style_transform_pivot_y);
      |       ^
      |       ;
build-VK_RA6M5/lvgl/lv_mpy.c:5442:7: error: expected ';' before 'const'
 5442 | STATIC MP_DEFINE_CONST_LV_FUN_OBJ_VAR(mp_lv_obj_get_style_pad_top_mpobj, 2, mp_lv_obj_get_style_width, lv_obj_get_style_pad_top);
      |       ^
      |       ;
build-VK_RA6M5/lvgl/lv_mpy.c:5446:7: error: expected ';' before 'const'
 5446 | STATIC MP_DEFINE_CONST_LV_FUN_OBJ_VAR(mp_lv_obj_get_style_pad_bottom_mpobj, 2, mp_lv_obj_get_style_width, lv_obj_get_style_pad_bottom);
      |       ^
      |       ;
build-VK_RA6M5/lvgl/lv_mpy.c:5450:7: error: expected ';' before 'const'
 5450 | STATIC MP_DEFINE_CONST_LV_FUN_OBJ_VAR(mp_lv_obj_get_style_pad_left_mpobj, 2, mp_lv_obj_get_style_width, lv_obj_get_style_pad_left);
      |       ^
      |       ;
build-VK_RA6M5/lvgl/lv_mpy.c:5454:7: error: expected ';' before 'const'
 5454 | STATIC MP_DEFINE_CONST_LV_FUN_OBJ_VAR(mp_lv_obj_get_style_pad_right_mpobj, 2, mp_lv_obj_get_style_width, lv_obj_get_style_pad_right);
      |       ^
      |       ;
build-VK_RA6M5/lvgl/lv_mpy.c:5458:7: error: expected ';' before 'const'
 5458 | STATIC MP_DEFINE_CONST_LV_FUN_OBJ_VAR(mp_lv_obj_get_style_pad_row_mpobj, 2, mp_lv_obj_get_style_width, lv_obj_get_style_pad_row);
      |       ^
      |       ;
build-VK_RA6M5/lvgl/lv_mpy.c:5462:7: error: expected ';' before 'const'
 5462 | STATIC MP_DEFINE_CONST_LV_FUN_OBJ_VAR(mp_lv_obj_get_style_pad_column_mpobj, 2, mp_lv_obj_get_style_width, lv_obj_get_style_pad_column);
      |       ^
      |       ;
build-VK_RA6M5/lvgl/lv_mpy.c:5466:7: error: expected ';' before 'const'
 5466 | STATIC MP_DEFINE_CONST_LV_FUN_OBJ_VAR(mp_lv_obj_get_style_margin_top_mpobj, 2, mp_lv_obj_get_style_width, lv_obj_get_style_margin_top);
      |       ^
      |       ;
build-VK_RA6M5/lvgl/lv_mpy.c:5470:7: error: expected ';' before 'const'
 5470 | STATIC MP_DEFINE_CONST_LV_FUN_OBJ_VAR(mp_lv_obj_get_style_margin_bottom_mpobj, 2, mp_lv_obj_get_style_width, lv_obj_get_style_margin_bottom);
      |       ^
      |       ;
build-VK_RA6M5/lvgl/lv_mpy.c:5474:7: error: expected ';' before 'const'
 5474 | STATIC MP_DEFINE_CONST_LV_FUN_OBJ_VAR(mp_lv_obj_get_style_margin_left_mpobj, 2, mp_lv_obj_get_style_width, lv_obj_get_style_margin_left);
      |       ^
      |       ;
build-VK_RA6M5/lvgl/lv_mpy.c:5478:7: error: expected ';' before 'const'
 5478 | STATIC MP_DEFINE_CONST_LV_FUN_OBJ_VAR(mp_lv_obj_get_style_margin_right_mpobj, 2, mp_lv_obj_get_style_width, lv_obj_get_style_margin_right);
      |       ^
      |       ;
build-VK_RA6M5/lvgl/lv_mpy.c:5485:7: error: expected ';' before 'inline'
 5485 | STATIC inline const mp_obj_type_t *get_mp_lv_color16_t_type();
      |       ^~~~~~~
      |       ;
build-VK_RA6M5/lvgl/lv_mpy.c:5487:7: error: expected ';' before 'inline'
 5487 | STATIC inline void* mp_write_ptr_lv_color16_t(mp_obj_t self_in)
      |       ^~~~~~~
      |       ;
build-VK_RA6M5/lvgl/lv_mpy.c:5495:7: error: expected ';' before 'inline'
 5495 | STATIC inline mp_obj_t mp_read_ptr_lv_color16_t(void *field)
      |       ^~~~~~~
      |       ;
build-VK_RA6M5/lvgl/lv_mpy.c: In function 'mp_read_ptr_lv_color16_t':
build-VK_RA6M5/lvgl/lv_mpy.c:5497:12: error: returning 'int' from a function with return type 'mp_obj_t' {aka 'void *'} makes pointer from integer without a cast [-Werror=int-conversion]
 5497 |     return lv_to_mp_struct(get_mp_lv_color16_t_type(), field);
      |            ^~~~~~~~~~~~~~~~~~~~~~~~~~~~~~~~~~~~~~~~~~~~~~~~~~
build-VK_RA6M5/lvgl/lv_mpy.c: At top level:
build-VK_RA6M5/lvgl/lv_mpy.c:5503:7: error: expected ';' before 'void'
 5503 | STATIC void mp_lv_color16_t_attr(mp_obj_t self_in, qstr attr, mp_obj_t *dest)
      |       ^~~~~
      |       ;
build-VK_RA6M5/lvgl/lv_mpy.c:5534:7: error: expected ';' before 'void'
 5534 | STATIC void mp_lv_color16_t_print(const mp_print_t *print,
      |       ^~~~~
      |       ;
build-VK_RA6M5/lvgl/lv_mpy.c:5541:7: error: expected ';' before 'const'
 5541 | STATIC const mp_obj_dict_t mp_lv_color16_t_locals_dict;
      |       ^~~~~~
      |       ;
build-VK_RA6M5/lvgl/lv_mpy.c:5543:7: error: expected ';' before 'const'
 5543 | STATIC MP_DEFINE_CONST_OBJ_TYPE(
      |       ^
      |       ;
build-VK_RA6M5/lvgl/lv_mpy.c:5557:7: error: expected ';' before 'inline'
 5557 | STATIC inline const mp_obj_type_t *get_mp_lv_color16_t_type()
      |       ^~~~~~~
      |       ;
build-VK_RA6M5/lvgl/lv_mpy.c:5568:1: error: unknown type name 'STATIC'
 5568 | STATIC mp_obj_t mp_lv_obj_get_style_bg_color(size_t mp_n_args, const mp_obj_t *mp_args, void *lv_func_ptr)
      | ^~~~~~
build-VK_RA6M5/lvgl/lv_mpy.c:5568:17: error: expected '=', ',', ';', 'asm' or '__attribute__' before 'mp_lv_obj_get_style_bg_color'
 5568 | STATIC mp_obj_t mp_lv_obj_get_style_bg_color(size_t mp_n_args, const mp_obj_t *mp_args, void *lv_func_ptr)
      |                 ^~~~~~~~~~~~~~~~~~~~~~~~~~~~
build-VK_RA6M5/lvgl/lv_mpy.c:5578:7: error: expected ';' before 'const'
 5578 | STATIC MP_DEFINE_CONST_LV_FUN_OBJ_VAR(mp_lv_obj_get_style_bg_color_mpobj, 2, mp_lv_obj_get_style_bg_color, lv_obj_get_style_bg_color);
      |       ^
      |       ;
CC ../../extmod/modwebsocket.c
build-VK_RA6M5/lvgl/lv_mpy.c:5578:78: error: 'mp_lv_obj_get_style_bg_color' undeclared here (not in a function); did you mean 'lv_obj_get_style_bg_color'?
 5578 | STATIC MP_DEFINE_CONST_LV_FUN_OBJ_VAR(mp_lv_obj_get_style_bg_color_mpobj, 2, mp_lv_obj_get_style_bg_color, lv_obj_get_style_bg_color);
      |                                                                              ^~~~~~~~~~~~~~~~~~~~~~~~~~~~
build-VK_RA6M5/lvgl/lv_mpy.c:120:49: note: in definition of macro 'MP_DEFINE_CONST_LV_FUN_OBJ_VAR'
  120 |         {{&mp_lv_type_fun_builtin_var}, n_args, mp_fun, lv_fun}
      |                                                 ^~~~~~
build-VK_RA6M5/lvgl/lv_mpy.c:5582:7: error: expected ';' before 'const'
 5582 | STATIC MP_DEFINE_CONST_LV_FUN_OBJ_VAR(mp_lv_obj_get_style_bg_color_filtered_mpobj, 2, mp_lv_obj_get_style_bg_color, lv_obj_get_style_bg_color_filtered);
      |       ^
      |       ;
build-VK_RA6M5/lvgl/lv_mpy.c:5590:1: error: unknown type name 'STATIC'
 5590 | STATIC mp_obj_t mp_lv_obj_get_style_bg_opa(size_t mp_n_args, const mp_obj_t *mp_args, void *lv_func_ptr)
      | ^~~~~~
build-VK_RA6M5/lvgl/lv_mpy.c:5590:17: error: expected '=', ',', ';', 'asm' or '__attribute__' before 'mp_lv_obj_get_style_bg_opa'
 5590 | STATIC mp_obj_t mp_lv_obj_get_style_bg_opa(size_t mp_n_args, const mp_obj_t *mp_args, void *lv_func_ptr)
      |                 ^~~~~~~~~~~~~~~~~~~~~~~~~~
build-VK_RA6M5/lvgl/lv_mpy.c:5600:7: error: expected ';' before 'const'
 5600 | STATIC MP_DEFINE_CONST_LV_FUN_OBJ_VAR(mp_lv_obj_get_style_bg_opa_mpobj, 2, mp_lv_obj_get_style_bg_opa, lv_obj_get_style_bg_opa);
      |       ^
      |       ;
build-VK_RA6M5/lvgl/lv_mpy.c:5600:76: error: 'mp_lv_obj_get_style_bg_opa' undeclared here (not in a function); did you mean 'lv_obj_get_style_bg_opa'?
 5600 | STATIC MP_DEFINE_CONST_LV_FUN_OBJ_VAR(mp_lv_obj_get_style_bg_opa_mpobj, 2, mp_lv_obj_get_style_bg_opa, lv_obj_get_style_bg_opa);
      |                                                                            ^~~~~~~~~~~~~~~~~~~~~~~~~~
build-VK_RA6M5/lvgl/lv_mpy.c:120:49: note: in definition of macro 'MP_DEFINE_CONST_LV_FUN_OBJ_VAR'
  120 |         {{&mp_lv_type_fun_builtin_var}, n_args, mp_fun, lv_fun}
      |                                                 ^~~~~~
build-VK_RA6M5/lvgl/lv_mpy.c:5604:7: error: expected ';' before 'const'
 5604 | STATIC MP_DEFINE_CONST_LV_FUN_OBJ_VAR(mp_lv_obj_get_style_bg_grad_color_mpobj, 2, mp_lv_obj_get_style_bg_color, lv_obj_get_style_bg_grad_color);
      |       ^
      |       ;
build-VK_RA6M5/lvgl/lv_mpy.c:5608:7: error: expected ';' before 'const'
 5608 | STATIC MP_DEFINE_CONST_LV_FUN_OBJ_VAR(mp_lv_obj_get_style_bg_grad_color_filtered_mpobj, 2, mp_lv_obj_get_style_bg_color, lv_obj_get_style_bg_grad_color_filtered);
      |       ^
      |       ;
build-VK_RA6M5/lvgl/lv_mpy.c:5616:1: error: unknown type name 'STATIC'
 5616 | STATIC mp_obj_t mp_lv_obj_get_style_bg_grad_dir(size_t mp_n_args, const mp_obj_t *mp_args, void *lv_func_ptr)
      | ^~~~~~
build-VK_RA6M5/lvgl/lv_mpy.c:5616:17: error: expected '=', ',', ';', 'asm' or '__attribute__' before 'mp_lv_obj_get_style_bg_grad_dir'
 5616 | STATIC mp_obj_t mp_lv_obj_get_style_bg_grad_dir(size_t mp_n_args, const mp_obj_t *mp_args, void *lv_func_ptr)
      |                 ^~~~~~~~~~~~~~~~~~~~~~~~~~~~~~~
build-VK_RA6M5/lvgl/lv_mpy.c:5626:7: error: expected ';' before 'const'
 5626 | STATIC MP_DEFINE_CONST_LV_FUN_OBJ_VAR(mp_lv_obj_get_style_bg_grad_dir_mpobj, 2, mp_lv_obj_get_style_bg_grad_dir, lv_obj_get_style_bg_grad_dir);
      |       ^
      |       ;
build-VK_RA6M5/lvgl/lv_mpy.c:5626:81: error: 'mp_lv_obj_get_style_bg_grad_dir' undeclared here (not in a function); did you mean 'lv_obj_get_style_bg_grad_dir'?
 5626 | STATIC MP_DEFINE_CONST_LV_FUN_OBJ_VAR(mp_lv_obj_get_style_bg_grad_dir_mpobj, 2, mp_lv_obj_get_style_bg_grad_dir, lv_obj_get_style_bg_grad_dir);
      |                                                                                 ^~~~~~~~~~~~~~~~~~~~~~~~~~~~~~~
build-VK_RA6M5/lvgl/lv_mpy.c:120:49: note: in definition of macro 'MP_DEFINE_CONST_LV_FUN_OBJ_VAR'
  120 |         {{&mp_lv_type_fun_builtin_var}, n_args, mp_fun, lv_fun}
      |                                                 ^~~~~~
build-VK_RA6M5/lvgl/lv_mpy.c:5630:7: error: expected ';' before 'const'
 5630 | STATIC MP_DEFINE_CONST_LV_FUN_OBJ_VAR(mp_lv_obj_get_style_bg_main_stop_mpobj, 2, mp_lv_obj_get_style_width, lv_obj_get_style_bg_main_stop);
      |       ^
      |       ;
build-VK_RA6M5/lvgl/lv_mpy.c:5634:7: error: expected ';' before 'const'
 5634 | STATIC MP_DEFINE_CONST_LV_FUN_OBJ_VAR(mp_lv_obj_get_style_bg_grad_stop_mpobj, 2, mp_lv_obj_get_style_width, lv_obj_get_style_bg_grad_stop);
      |       ^
      |       ;
build-VK_RA6M5/lvgl/lv_mpy.c:5641:7: error: expected ';' before 'inline'
 5641 | STATIC inline const mp_obj_type_t *get_mp_lv_gradient_stop_t_type();
      |       ^~~~~~~
      |       ;
build-VK_RA6M5/lvgl/lv_mpy.c:5643:7: error: expected ';' before 'inline'
 5643 | STATIC inline void* mp_write_ptr_lv_gradient_stop_t(mp_obj_t self_in)
      |       ^~~~~~~
      |       ;
build-VK_RA6M5/lvgl/lv_mpy.c:5651:7: error: expected ';' before 'inline'
 5651 | STATIC inline mp_obj_t mp_read_ptr_lv_gradient_stop_t(void *field)
      |       ^~~~~~~
      |       ;
build-VK_RA6M5/lvgl/lv_mpy.c: In function 'mp_read_ptr_lv_gradient_stop_t':
build-VK_RA6M5/lvgl/lv_mpy.c:5653:12: error: returning 'int' from a function with return type 'mp_obj_t' {aka 'void *'} makes pointer from integer without a cast [-Werror=int-conversion]
 5653 |     return lv_to_mp_struct(get_mp_lv_gradient_stop_t_type(), field);
      |            ^~~~~~~~~~~~~~~~~~~~~~~~~~~~~~~~~~~~~~~~~~~~~~~~~~~~~~~~
build-VK_RA6M5/lvgl/lv_mpy.c: At top level:
build-VK_RA6M5/lvgl/lv_mpy.c:5659:7: error: expected ';' before 'void'
 5659 | STATIC void mp_lv_gradient_stop_t_attr(mp_obj_t self_in, qstr attr, mp_obj_t *dest)
      |       ^~~~~
      |       ;
build-VK_RA6M5/lvgl/lv_mpy.c:5688:7: error: expected ';' before 'void'
 5688 | STATIC void mp_lv_gradient_stop_t_print(const mp_print_t *print,
      |       ^~~~~
      |       ;
build-VK_RA6M5/lvgl/lv_mpy.c:5695:7: error: expected ';' before 'const'
 5695 | STATIC const mp_obj_dict_t mp_lv_gradient_stop_t_locals_dict;
      |       ^~~~~~
      |       ;
build-VK_RA6M5/lvgl/lv_mpy.c:5697:7: error: expected ';' before 'const'
 5697 | STATIC MP_DEFINE_CONST_OBJ_TYPE(
      |       ^
      |       ;
build-VK_RA6M5/lvgl/lv_mpy.c:5711:7: error: expected ';' before 'inline'
 5711 | STATIC inline const mp_obj_type_t *get_mp_lv_gradient_stop_t_type()
      |       ^~~~~~~
      |       ;
build-VK_RA6M5/lvgl/lv_mpy.c:5721:15: error: unknown type name 'STATIC'
 5721 | GENMPY_UNUSED STATIC lv_gradient_stop_t *mp_arr_to_lv_gradient_stop_t___2__(mp_obj_t mp_arr)
      |               ^~~~~~
build-VK_RA6M5/lvgl/lv_mpy.c:5721:41: error: expected '=', ',', ';', 'asm' or '__attribute__' before '*' token
 5721 | GENMPY_UNUSED STATIC lv_gradient_stop_t *mp_arr_to_lv_gradient_stop_t___2__(mp_obj_t mp_arr)
      |                                         ^
build-VK_RA6M5/lvgl/lv_mpy.c:5737:15: error: unknown type name 'STATIC'
 5737 | GENMPY_UNUSED STATIC mp_obj_t mp_arr_from_lv_gradient_stop_t___2__(lv_gradient_stop_t *arr)
      |               ^~~~~~
build-VK_RA6M5/lvgl/lv_mpy.c:5737:31: error: expected '=', ',', ';', 'asm' or '__attribute__' before 'mp_arr_from_lv_gradient_stop_t___2__'
 5737 | GENMPY_UNUSED STATIC mp_obj_t mp_arr_from_lv_gradient_stop_t___2__(lv_gradient_stop_t *arr)
      |                               ^~~~~~~~~~~~~~~~~~~~~~~~~~~~~~~~~~~~
build-VK_RA6M5/lvgl/lv_mpy.c:5751:7: error: expected ';' before 'inline'
 5751 | STATIC inline const mp_obj_type_t *get_mp_lv_grad_dsc_t_type();
      |       ^~~~~~~
      |       ;
build-VK_RA6M5/lvgl/lv_mpy.c:5753:7: error: expected ';' before 'inline'
 5753 | STATIC inline void* mp_write_ptr_lv_grad_dsc_t(mp_obj_t self_in)
      |       ^~~~~~~
      |       ;
build-VK_RA6M5/lvgl/lv_mpy.c:5761:7: error: expected ';' before 'inline'
 5761 | STATIC inline mp_obj_t mp_read_ptr_lv_grad_dsc_t(void *field)
      |       ^~~~~~~
      |       ;
build-VK_RA6M5/lvgl/lv_mpy.c: In function 'mp_read_ptr_lv_grad_dsc_t':
build-VK_RA6M5/lvgl/lv_mpy.c:5763:12: error: returning 'int' from a function with return type 'mp_obj_t' {aka 'void *'} makes pointer from integer without a cast [-Werror=int-conversion]
 5763 |     return lv_to_mp_struct(get_mp_lv_grad_dsc_t_type(), field);
      |            ^~~~~~~~~~~~~~~~~~~~~~~~~~~~~~~~~~~~~~~~~~~~~~~~~~~
build-VK_RA6M5/lvgl/lv_mpy.c: At top level:
build-VK_RA6M5/lvgl/lv_mpy.c:5769:7: error: expected ';' before 'void'
 5769 | STATIC void mp_lv_grad_dsc_t_attr(mp_obj_t self_in, qstr attr, mp_obj_t *dest)
      |       ^~~~~
      |       ;
build-VK_RA6M5/lvgl/lv_mpy.c: In function 'mp_lv_grad_dsc_t_attr':
build-VK_RA6M5/lvgl/lv_mpy.c:5778:43: error: implicit declaration of function 'mp_arr_from_lv_gradient_stop_t___2__' [-Werror=implicit-function-declaration]
 5778 |             case MP_QSTR_stops: dest[0] = mp_arr_from_lv_gradient_stop_t___2__(data->stops); break; // converting from lv_gradient_stop_t [2];
      |                                           ^~~~~~~~~~~~~~~~~~~~~~~~~~~~~~~~~~~~
build-VK_RA6M5/lvgl/lv_mpy.c:5778:41: error: assignment to 'mp_obj_t' {aka 'void *'} from 'int' makes pointer from integer without a cast [-Werror=int-conversion]
 5778 |             case MP_QSTR_stops: dest[0] = mp_arr_from_lv_gradient_stop_t___2__(data->stops); break; // converting from lv_gradient_stop_t [2];
      |                                         ^
build-VK_RA6M5/lvgl/lv_mpy.c:5790:65: error: implicit declaration of function 'mp_arr_to_lv_gradient_stop_t___2__'; did you mean 'mp_write_lv_gradient_stop_t'? [-Werror=implicit-function-declaration]
 5790 |                 case MP_QSTR_stops: memcpy((void*)&data->stops, mp_arr_to_lv_gradient_stop_t___2__(dest[1]), sizeof(lv_gradient_stop_t)*2); break; // converting to lv_gradient_stop_t [2];
      |                                                                 ^~~~~~~~~~~~~~~~~~~~~~~~~~~~~~~~~~
      |                                                                 mp_write_lv_gradient_stop_t
build-VK_RA6M5/lvgl/lv_mpy.c:5790:65: error: passing argument 2 of 'memcpy' makes pointer from integer without a cast [-Werror=int-conversion]
 5790 |                 case MP_QSTR_stops: memcpy((void*)&data->stops, mp_arr_to_lv_gradient_stop_t___2__(dest[1]), sizeof(lv_gradient_stop_t)*2); break; // converting to lv_gradient_stop_t [2];
      |                                                                 ^~~~~~~~~~~~~~~~~~~~~~~~~~~~~~~~~~~~~~~~~~~
      |                                                                 |
      |                                                                 int
In file included from build-VK_RA6M5/lvgl/lv_mpy.c:19:
c:\program files (x86)\gnu tools arm embedded\9 2019-q4-major\arm-none-eabi\include\string.h:31:9: note: expected 'const void * restrict' but argument is of type 'int'
   31 | void *  memcpy (void *__restrict, const void *__restrict, size_t);
      |         ^~~~~~
build-VK_RA6M5/lvgl/lv_mpy.c: At top level:
build-VK_RA6M5/lvgl/lv_mpy.c:5802:7: error: expected ';' before 'void'
 5802 | STATIC void mp_lv_grad_dsc_t_print(const mp_print_t *print,
      |       ^~~~~
      |       ;
build-VK_RA6M5/lvgl/lv_mpy.c:5809:7: error: expected ';' before 'const'
 5809 | STATIC const mp_obj_dict_t mp_lv_grad_dsc_t_locals_dict;
      |       ^~~~~~
      |       ;
build-VK_RA6M5/lvgl/lv_mpy.c:5811:7: error: expected ';' before 'const'
 5811 | STATIC MP_DEFINE_CONST_OBJ_TYPE(
      |       ^
      |       ;
build-VK_RA6M5/lvgl/lv_mpy.c:5825:7: error: expected ';' before 'inline'
 5825 | STATIC inline const mp_obj_type_t *get_mp_lv_grad_dsc_t_type()
      |       ^~~~~~~
      |       ;
build-VK_RA6M5/lvgl/lv_mpy.c:5836:1: error: unknown type name 'STATIC'
 5836 | STATIC mp_obj_t mp_lv_obj_get_style_bg_grad(size_t mp_n_args, const mp_obj_t *mp_args, void *lv_func_ptr)
      | ^~~~~~
build-VK_RA6M5/lvgl/lv_mpy.c:5836:17: error: expected '=', ',', ';', 'asm' or '__attribute__' before 'mp_lv_obj_get_style_bg_grad'
 5836 | STATIC mp_obj_t mp_lv_obj_get_style_bg_grad(size_t mp_n_args, const mp_obj_t *mp_args, void *lv_func_ptr)
      |                 ^~~~~~~~~~~~~~~~~~~~~~~~~~~
build-VK_RA6M5/lvgl/lv_mpy.c:5846:7: error: expected ';' before 'const'
 5846 | STATIC MP_DEFINE_CONST_LV_FUN_OBJ_VAR(mp_lv_obj_get_style_bg_grad_mpobj, 2, mp_lv_obj_get_style_bg_grad, lv_obj_get_style_bg_grad);
      |       ^
      |       ;
build-VK_RA6M5/lvgl/lv_mpy.c:5846:77: error: 'mp_lv_obj_get_style_bg_grad' undeclared here (not in a function); did you mean 'lv_obj_get_style_bg_grad'?
 5846 | STATIC MP_DEFINE_CONST_LV_FUN_OBJ_VAR(mp_lv_obj_get_style_bg_grad_mpobj, 2, mp_lv_obj_get_style_bg_grad, lv_obj_get_style_bg_grad);
      |                                                                             ^~~~~~~~~~~~~~~~~~~~~~~~~~~
build-VK_RA6M5/lvgl/lv_mpy.c:120:49: note: in definition of macro 'MP_DEFINE_CONST_LV_FUN_OBJ_VAR'
  120 |         {{&mp_lv_type_fun_builtin_var}, n_args, mp_fun, lv_fun}
      |                                                 ^~~~~~
build-VK_RA6M5/lvgl/lv_mpy.c:5854:1: error: unknown type name 'STATIC'
 5854 | STATIC mp_obj_t mp_lv_obj_get_style_bg_dither_mode(size_t mp_n_args, const mp_obj_t *mp_args, void *lv_func_ptr)
      | ^~~~~~
build-VK_RA6M5/lvgl/lv_mpy.c:5854:17: error: expected '=', ',', ';', 'asm' or '__attribute__' before 'mp_lv_obj_get_style_bg_dither_mode'
 5854 | STATIC mp_obj_t mp_lv_obj_get_style_bg_dither_mode(size_t mp_n_args, const mp_obj_t *mp_args, void *lv_func_ptr)
      |                 ^~~~~~~~~~~~~~~~~~~~~~~~~~~~~~~~~~
build-VK_RA6M5/lvgl/lv_mpy.c:5864:7: error: expected ';' before 'const'
 5864 | STATIC MP_DEFINE_CONST_LV_FUN_OBJ_VAR(mp_lv_obj_get_style_bg_dither_mode_mpobj, 2, mp_lv_obj_get_style_bg_dither_mode, lv_obj_get_style_bg_dither_mode);
      |       ^
      |       ;
build-VK_RA6M5/lvgl/lv_mpy.c:5864:84: error: 'mp_lv_obj_get_style_bg_dither_mode' undeclared here (not in a function); did you mean 'lv_obj_get_style_bg_dither_mode'?
 5864 | STATIC MP_DEFINE_CONST_LV_FUN_OBJ_VAR(mp_lv_obj_get_style_bg_dither_mode_mpobj, 2, mp_lv_obj_get_style_bg_dither_mode, lv_obj_get_style_bg_dither_mode);
      |                                                                                    ^~~~~~~~~~~~~~~~~~~~~~~~~~~~~~~~~~
build-VK_RA6M5/lvgl/lv_mpy.c:120:49: note: in definition of macro 'MP_DEFINE_CONST_LV_FUN_OBJ_VAR'
  120 |         {{&mp_lv_type_fun_builtin_var}, n_args, mp_fun, lv_fun}
      |                                                 ^~~~~~
build-VK_RA6M5/lvgl/lv_mpy.c:5872:1: error: unknown type name 'STATIC'
 5872 | STATIC mp_obj_t mp_lv_obj_get_style_bg_img_src(size_t mp_n_args, const mp_obj_t *mp_args, void *lv_func_ptr)
      | ^~~~~~
build-VK_RA6M5/lvgl/lv_mpy.c:5872:17: error: expected '=', ',', ';', 'asm' or '__attribute__' before 'mp_lv_obj_get_style_bg_img_src'
 5872 | STATIC mp_obj_t mp_lv_obj_get_style_bg_img_src(size_t mp_n_args, const mp_obj_t *mp_args, void *lv_func_ptr)
      |                 ^~~~~~~~~~~~~~~~~~~~~~~~~~~~~~
build-VK_RA6M5/lvgl/lv_mpy.c:5882:7: error: expected ';' before 'const'
 5882 | STATIC MP_DEFINE_CONST_LV_FUN_OBJ_VAR(mp_lv_obj_get_style_bg_img_src_mpobj, 2, mp_lv_obj_get_style_bg_img_src, lv_obj_get_style_bg_img_src);
      |       ^
      |       ;
build-VK_RA6M5/lvgl/lv_mpy.c:5882:80: error: 'mp_lv_obj_get_style_bg_img_src' undeclared here (not in a function); did you mean 'lv_obj_get_style_bg_img_src'?
 5882 | STATIC MP_DEFINE_CONST_LV_FUN_OBJ_VAR(mp_lv_obj_get_style_bg_img_src_mpobj, 2, mp_lv_obj_get_style_bg_img_src, lv_obj_get_style_bg_img_src);
      |                                                                                ^~~~~~~~~~~~~~~~~~~~~~~~~~~~~~
build-VK_RA6M5/lvgl/lv_mpy.c:120:49: note: in definition of macro 'MP_DEFINE_CONST_LV_FUN_OBJ_VAR'
  120 |         {{&mp_lv_type_fun_builtin_var}, n_args, mp_fun, lv_fun}
      |                                                 ^~~~~~
build-VK_RA6M5/lvgl/lv_mpy.c:5886:7: error: expected ';' before 'const'
 5886 | STATIC MP_DEFINE_CONST_LV_FUN_OBJ_VAR(mp_lv_obj_get_style_bg_img_opa_mpobj, 2, mp_lv_obj_get_style_bg_opa, lv_obj_get_style_bg_img_opa);
      |       ^
      |       ;
build-VK_RA6M5/lvgl/lv_mpy.c:5890:7: error: expected ';' before 'const'
 5890 | STATIC MP_DEFINE_CONST_LV_FUN_OBJ_VAR(mp_lv_obj_get_style_bg_img_recolor_mpobj, 2, mp_lv_obj_get_style_bg_color, lv_obj_get_style_bg_img_recolor);
      |       ^
      |       ;
build-VK_RA6M5/lvgl/lv_mpy.c:5894:7: error: expected ';' before 'const'
 5894 | STATIC MP_DEFINE_CONST_LV_FUN_OBJ_VAR(mp_lv_obj_get_style_bg_img_recolor_filtered_mpobj, 2, mp_lv_obj_get_style_bg_color, lv_obj_get_style_bg_img_recolor_filtered);
      |       ^
      |       ;
build-VK_RA6M5/lvgl/lv_mpy.c:5898:7: error: expected ';' before 'const'
 5898 | STATIC MP_DEFINE_CONST_LV_FUN_OBJ_VAR(mp_lv_obj_get_style_bg_img_recolor_opa_mpobj, 2, mp_lv_obj_get_style_bg_opa, lv_obj_get_style_bg_img_recolor_opa);
      |       ^
      |       ;
build-VK_RA6M5/lvgl/lv_mpy.c:5906:1: error: unknown type name 'STATIC'
 5906 | STATIC mp_obj_t mp_lv_obj_get_style_bg_img_tiled(size_t mp_n_args, const mp_obj_t *mp_args, void *lv_func_ptr)
      | ^~~~~~
build-VK_RA6M5/lvgl/lv_mpy.c:5906:17: error: expected '=', ',', ';', 'asm' or '__attribute__' before 'mp_lv_obj_get_style_bg_img_tiled'
 5906 | STATIC mp_obj_t mp_lv_obj_get_style_bg_img_tiled(size_t mp_n_args, const mp_obj_t *mp_args, void *lv_func_ptr)
      |                 ^~~~~~~~~~~~~~~~~~~~~~~~~~~~~~~~
build-VK_RA6M5/lvgl/lv_mpy.c:5916:7: error: expected ';' before 'const'
 5916 | STATIC MP_DEFINE_CONST_LV_FUN_OBJ_VAR(mp_lv_obj_get_style_bg_img_tiled_mpobj, 2, mp_lv_obj_get_style_bg_img_tiled, lv_obj_get_style_bg_img_tiled);
      |       ^
      |       ;
build-VK_RA6M5/lvgl/lv_mpy.c:5916:82: error: 'mp_lv_obj_get_style_bg_img_tiled' undeclared here (not in a function); did you mean 'lv_obj_get_style_bg_img_tiled'?
 5916 | STATIC MP_DEFINE_CONST_LV_FUN_OBJ_VAR(mp_lv_obj_get_style_bg_img_tiled_mpobj, 2, mp_lv_obj_get_style_bg_img_tiled, lv_obj_get_style_bg_img_tiled);
      |                                                                                  ^~~~~~~~~~~~~~~~~~~~~~~~~~~~~~~~
build-VK_RA6M5/lvgl/lv_mpy.c:120:49: note: in definition of macro 'MP_DEFINE_CONST_LV_FUN_OBJ_VAR'
  120 |         {{&mp_lv_type_fun_builtin_var}, n_args, mp_fun, lv_fun}
      |                                                 ^~~~~~
build-VK_RA6M5/lvgl/lv_mpy.c:5920:7: error: expected ';' before 'const'
 5920 | STATIC MP_DEFINE_CONST_LV_FUN_OBJ_VAR(mp_lv_obj_get_style_border_color_mpobj, 2, mp_lv_obj_get_style_bg_color, lv_obj_get_style_border_color);
      |       ^
      |       ;
build-VK_RA6M5/lvgl/lv_mpy.c:5924:7: error: expected ';' before 'const'
 5924 | STATIC MP_DEFINE_CONST_LV_FUN_OBJ_VAR(mp_lv_obj_get_style_border_color_filtered_mpobj, 2, mp_lv_obj_get_style_bg_color, lv_obj_get_style_border_color_filtered);
      |       ^
      |       ;
build-VK_RA6M5/lvgl/lv_mpy.c:5928:7: error: expected ';' before 'const'
 5928 | STATIC MP_DEFINE_CONST_LV_FUN_OBJ_VAR(mp_lv_obj_get_style_border_opa_mpobj, 2, mp_lv_obj_get_style_bg_opa, lv_obj_get_style_border_opa);
      |       ^
      |       ;
build-VK_RA6M5/lvgl/lv_mpy.c:5932:7: error: expected ';' before 'const'
 5932 | STATIC MP_DEFINE_CONST_LV_FUN_OBJ_VAR(mp_lv_obj_get_style_border_width_mpobj, 2, mp_lv_obj_get_style_width, lv_obj_get_style_border_width);
      |       ^
      |       ;
build-VK_RA6M5/lvgl/lv_mpy.c:5940:1: error: unknown type name 'STATIC'
 5940 | STATIC mp_obj_t mp_lv_obj_get_style_border_side(size_t mp_n_args, const mp_obj_t *mp_args, void *lv_func_ptr)
      | ^~~~~~
build-VK_RA6M5/lvgl/lv_mpy.c:5940:17: error: expected '=', ',', ';', 'asm' or '__attribute__' before 'mp_lv_obj_get_style_border_side'
 5940 | STATIC mp_obj_t mp_lv_obj_get_style_border_side(size_t mp_n_args, const mp_obj_t *mp_args, void *lv_func_ptr)
      |                 ^~~~~~~~~~~~~~~~~~~~~~~~~~~~~~~
build-VK_RA6M5/lvgl/lv_mpy.c:5950:7: error: expected ';' before 'const'
 5950 | STATIC MP_DEFINE_CONST_LV_FUN_OBJ_VAR(mp_lv_obj_get_style_border_side_mpobj, 2, mp_lv_obj_get_style_border_side, lv_obj_get_style_border_side);
      |       ^
      |       ;
CC ../../extmod/network_cyw43.c
build-VK_RA6M5/lvgl/lv_mpy.c:5950:81: error: 'mp_lv_obj_get_style_border_side' undeclared here (not in a function); did you mean 'lv_obj_get_style_border_side'?
 5950 | STATIC MP_DEFINE_CONST_LV_FUN_OBJ_VAR(mp_lv_obj_get_style_border_side_mpobj, 2, mp_lv_obj_get_style_border_side, lv_obj_get_style_border_side);
      |                                                                                 ^~~~~~~~~~~~~~~~~~~~~~~~~~~~~~~
build-VK_RA6M5/lvgl/lv_mpy.c:120:49: note: in definition of macro 'MP_DEFINE_CONST_LV_FUN_OBJ_VAR'
  120 |         {{&mp_lv_type_fun_builtin_var}, n_args, mp_fun, lv_fun}
      |                                                 ^~~~~~
build-VK_RA6M5/lvgl/lv_mpy.c:5954:7: error: expected ';' before 'const'
 5954 | STATIC MP_DEFINE_CONST_LV_FUN_OBJ_VAR(mp_lv_obj_get_style_border_post_mpobj, 2, mp_lv_obj_get_style_bg_img_tiled, lv_obj_get_style_border_post);
      |       ^
      |       ;
build-VK_RA6M5/lvgl/lv_mpy.c:5958:7: error: expected ';' before 'const'
 5958 | STATIC MP_DEFINE_CONST_LV_FUN_OBJ_VAR(mp_lv_obj_get_style_outline_width_mpobj, 2, mp_lv_obj_get_style_width, lv_obj_get_style_outline_width);
      |       ^
      |       ;
build-VK_RA6M5/lvgl/lv_mpy.c:5962:7: error: expected ';' before 'const'
 5962 | STATIC MP_DEFINE_CONST_LV_FUN_OBJ_VAR(mp_lv_obj_get_style_outline_color_mpobj, 2, mp_lv_obj_get_style_bg_color, lv_obj_get_style_outline_color);
      |       ^
      |       ;
build-VK_RA6M5/lvgl/lv_mpy.c:5966:7: error: expected ';' before 'const'
 5966 | STATIC MP_DEFINE_CONST_LV_FUN_OBJ_VAR(mp_lv_obj_get_style_outline_color_filtered_mpobj, 2, mp_lv_obj_get_style_bg_color, lv_obj_get_style_outline_color_filtered);
      |       ^
      |       ;
build-VK_RA6M5/lvgl/lv_mpy.c:5970:7: error: expected ';' before 'const'
 5970 | STATIC MP_DEFINE_CONST_LV_FUN_OBJ_VAR(mp_lv_obj_get_style_outline_opa_mpobj, 2, mp_lv_obj_get_style_bg_opa, lv_obj_get_style_outline_opa);
      |       ^
      |       ;
build-VK_RA6M5/lvgl/lv_mpy.c:5974:7: error: expected ';' before 'const'
 5974 | STATIC MP_DEFINE_CONST_LV_FUN_OBJ_VAR(mp_lv_obj_get_style_outline_pad_mpobj, 2, mp_lv_obj_get_style_width, lv_obj_get_style_outline_pad);
      |       ^
      |       ;
build-VK_RA6M5/lvgl/lv_mpy.c:5978:7: error: expected ';' before 'const'
 5978 | STATIC MP_DEFINE_CONST_LV_FUN_OBJ_VAR(mp_lv_obj_get_style_shadow_width_mpobj, 2, mp_lv_obj_get_style_width, lv_obj_get_style_shadow_width);
      |       ^
      |       ;
build-VK_RA6M5/lvgl/lv_mpy.c:5982:7: error: expected ';' before 'const'
 5982 | STATIC MP_DEFINE_CONST_LV_FUN_OBJ_VAR(mp_lv_obj_get_style_shadow_ofs_x_mpobj, 2, mp_lv_obj_get_style_width, lv_obj_get_style_shadow_ofs_x);
      |       ^
      |       ;
build-VK_RA6M5/lvgl/lv_mpy.c:5986:7: error: expected ';' before 'const'
 5986 | STATIC MP_DEFINE_CONST_LV_FUN_OBJ_VAR(mp_lv_obj_get_style_shadow_ofs_y_mpobj, 2, mp_lv_obj_get_style_width, lv_obj_get_style_shadow_ofs_y);
      |       ^
      |       ;
build-VK_RA6M5/lvgl/lv_mpy.c:5990:7: error: expected ';' before 'const'
 5990 | STATIC MP_DEFINE_CONST_LV_FUN_OBJ_VAR(mp_lv_obj_get_style_shadow_spread_mpobj, 2, mp_lv_obj_get_style_width, lv_obj_get_style_shadow_spread);
      |       ^
      |       ;
build-VK_RA6M5/lvgl/lv_mpy.c:5994:7: error: expected ';' before 'const'
 5994 | STATIC MP_DEFINE_CONST_LV_FUN_OBJ_VAR(mp_lv_obj_get_style_shadow_color_mpobj, 2, mp_lv_obj_get_style_bg_color, lv_obj_get_style_shadow_color);
      |       ^
      |       ;
build-VK_RA6M5/lvgl/lv_mpy.c:5998:7: error: expected ';' before 'const'
 5998 | STATIC MP_DEFINE_CONST_LV_FUN_OBJ_VAR(mp_lv_obj_get_style_shadow_color_filtered_mpobj, 2, mp_lv_obj_get_style_bg_color, lv_obj_get_style_shadow_color_filtered);
      |       ^
      |       ;
build-VK_RA6M5/lvgl/lv_mpy.c:6002:7: error: expected ';' before 'const'
 6002 | STATIC MP_DEFINE_CONST_LV_FUN_OBJ_VAR(mp_lv_obj_get_style_shadow_opa_mpobj, 2, mp_lv_obj_get_style_bg_opa, lv_obj_get_style_shadow_opa);
      |       ^
      |       ;
build-VK_RA6M5/lvgl/lv_mpy.c:6006:7: error: expected ';' before 'const'
 6006 | STATIC MP_DEFINE_CONST_LV_FUN_OBJ_VAR(mp_lv_obj_get_style_img_opa_mpobj, 2, mp_lv_obj_get_style_bg_opa, lv_obj_get_style_img_opa);
      |       ^
      |       ;
build-VK_RA6M5/lvgl/lv_mpy.c:6010:7: error: expected ';' before 'const'
 6010 | STATIC MP_DEFINE_CONST_LV_FUN_OBJ_VAR(mp_lv_obj_get_style_img_recolor_mpobj, 2, mp_lv_obj_get_style_bg_color, lv_obj_get_style_img_recolor);
      |       ^
      |       ;
build-VK_RA6M5/lvgl/lv_mpy.c:6014:7: error: expected ';' before 'const'
 6014 | STATIC MP_DEFINE_CONST_LV_FUN_OBJ_VAR(mp_lv_obj_get_style_img_recolor_filtered_mpobj, 2, mp_lv_obj_get_style_bg_color, lv_obj_get_style_img_recolor_filtered);
      |       ^
      |       ;
build-VK_RA6M5/lvgl/lv_mpy.c:6018:7: error: expected ';' before 'const'
 6018 | STATIC MP_DEFINE_CONST_LV_FUN_OBJ_VAR(mp_lv_obj_get_style_img_recolor_opa_mpobj, 2, mp_lv_obj_get_style_bg_opa, lv_obj_get_style_img_recolor_opa);
      |       ^
      |       ;
build-VK_RA6M5/lvgl/lv_mpy.c:6022:7: error: expected ';' before 'const'
 6022 | STATIC MP_DEFINE_CONST_LV_FUN_OBJ_VAR(mp_lv_obj_get_style_line_width_mpobj, 2, mp_lv_obj_get_style_width, lv_obj_get_style_line_width);
      |       ^
      |       ;
build-VK_RA6M5/lvgl/lv_mpy.c:6026:7: error: expected ';' before 'const'
 6026 | STATIC MP_DEFINE_CONST_LV_FUN_OBJ_VAR(mp_lv_obj_get_style_line_dash_width_mpobj, 2, mp_lv_obj_get_style_width, lv_obj_get_style_line_dash_width);
      |       ^
      |       ;
build-VK_RA6M5/lvgl/lv_mpy.c:6030:7: error: expected ';' before 'const'
 6030 | STATIC MP_DEFINE_CONST_LV_FUN_OBJ_VAR(mp_lv_obj_get_style_line_dash_gap_mpobj, 2, mp_lv_obj_get_style_width, lv_obj_get_style_line_dash_gap);
      |       ^
      |       ;
build-VK_RA6M5/lvgl/lv_mpy.c:6034:7: error: expected ';' before 'const'
 6034 | STATIC MP_DEFINE_CONST_LV_FUN_OBJ_VAR(mp_lv_obj_get_style_line_rounded_mpobj, 2, mp_lv_obj_get_style_bg_img_tiled, lv_obj_get_style_line_rounded);
      |       ^
      |       ;
build-VK_RA6M5/lvgl/lv_mpy.c:6038:7: error: expected ';' before 'const'
 6038 | STATIC MP_DEFINE_CONST_LV_FUN_OBJ_VAR(mp_lv_obj_get_style_line_color_mpobj, 2, mp_lv_obj_get_style_bg_color, lv_obj_get_style_line_color);
      |       ^
      |       ;
build-VK_RA6M5/lvgl/lv_mpy.c:6042:7: error: expected ';' before 'const'
 6042 | STATIC MP_DEFINE_CONST_LV_FUN_OBJ_VAR(mp_lv_obj_get_style_line_color_filtered_mpobj, 2, mp_lv_obj_get_style_bg_color, lv_obj_get_style_line_color_filtered);
      |       ^
      |       ;
build-VK_RA6M5/lvgl/lv_mpy.c:6046:7: error: expected ';' before 'const'
 6046 | STATIC MP_DEFINE_CONST_LV_FUN_OBJ_VAR(mp_lv_obj_get_style_line_opa_mpobj, 2, mp_lv_obj_get_style_bg_opa, lv_obj_get_style_line_opa);
      |       ^
      |       ;
build-VK_RA6M5/lvgl/lv_mpy.c:6050:7: error: expected ';' before 'const'
 6050 | STATIC MP_DEFINE_CONST_LV_FUN_OBJ_VAR(mp_lv_obj_get_style_arc_width_mpobj, 2, mp_lv_obj_get_style_width, lv_obj_get_style_arc_width);
      |       ^
      |       ;
build-VK_RA6M5/lvgl/lv_mpy.c:6054:7: error: expected ';' before 'const'
 6054 | STATIC MP_DEFINE_CONST_LV_FUN_OBJ_VAR(mp_lv_obj_get_style_arc_rounded_mpobj, 2, mp_lv_obj_get_style_bg_img_tiled, lv_obj_get_style_arc_rounded);
      |       ^
      |       ;
build-VK_RA6M5/lvgl/lv_mpy.c:6058:7: error: expected ';' before 'const'
 6058 | STATIC MP_DEFINE_CONST_LV_FUN_OBJ_VAR(mp_lv_obj_get_style_arc_color_mpobj, 2, mp_lv_obj_get_style_bg_color, lv_obj_get_style_arc_color);
      |       ^
      |       ;
build-VK_RA6M5/lvgl/lv_mpy.c:6062:7: error: expected ';' before 'const'
 6062 | STATIC MP_DEFINE_CONST_LV_FUN_OBJ_VAR(mp_lv_obj_get_style_arc_color_filtered_mpobj, 2, mp_lv_obj_get_style_bg_color, lv_obj_get_style_arc_color_filtered);
      |       ^
      |       ;
build-VK_RA6M5/lvgl/lv_mpy.c:6066:7: error: expected ';' before 'const'
 6066 | STATIC MP_DEFINE_CONST_LV_FUN_OBJ_VAR(mp_lv_obj_get_style_arc_opa_mpobj, 2, mp_lv_obj_get_style_bg_opa, lv_obj_get_style_arc_opa);
      |       ^
      |       ;
build-VK_RA6M5/lvgl/lv_mpy.c:6070:7: error: expected ';' before 'const'
 6070 | STATIC MP_DEFINE_CONST_LV_FUN_OBJ_VAR(mp_lv_obj_get_style_arc_img_src_mpobj, 2, mp_lv_obj_get_style_bg_img_src, lv_obj_get_style_arc_img_src);
      |       ^
      |       ;
build-VK_RA6M5/lvgl/lv_mpy.c:6074:7: error: expected ';' before 'const'
 6074 | STATIC MP_DEFINE_CONST_LV_FUN_OBJ_VAR(mp_lv_obj_get_style_text_color_mpobj, 2, mp_lv_obj_get_style_bg_color, lv_obj_get_style_text_color);
      |       ^
      |       ;
build-VK_RA6M5/lvgl/lv_mpy.c:6078:7: error: expected ';' before 'const'
 6078 | STATIC MP_DEFINE_CONST_LV_FUN_OBJ_VAR(mp_lv_obj_get_style_text_color_filtered_mpobj, 2, mp_lv_obj_get_style_bg_color, lv_obj_get_style_text_color_filtered);
      |       ^
      |       ;
build-VK_RA6M5/lvgl/lv_mpy.c:6082:7: error: expected ';' before 'const'
 6082 | STATIC MP_DEFINE_CONST_LV_FUN_OBJ_VAR(mp_lv_obj_get_style_text_opa_mpobj, 2, mp_lv_obj_get_style_bg_opa, lv_obj_get_style_text_opa);
      |       ^
      |       ;
build-VK_RA6M5/lvgl/lv_mpy.c:6091:7: error: expected ';' before 'inline'
 6091 | STATIC inline const mp_obj_type_t *get_mp_lv_font_glyph_dsc_t_type();
      |       ^~~~~~~
      |       ;
build-VK_RA6M5/lvgl/lv_mpy.c:6093:7: error: expected ';' before 'inline'
 6093 | STATIC inline void* mp_write_ptr_lv_font_glyph_dsc_t(mp_obj_t self_in)
      |       ^~~~~~~
      |       ;
build-VK_RA6M5/lvgl/lv_mpy.c:6101:7: error: expected ';' before 'inline'
 6101 | STATIC inline mp_obj_t mp_read_ptr_lv_font_glyph_dsc_t(void *field)
      |       ^~~~~~~
      |       ;
build-VK_RA6M5/lvgl/lv_mpy.c: In function 'mp_read_ptr_lv_font_glyph_dsc_t':
build-VK_RA6M5/lvgl/lv_mpy.c:6103:12: error: returning 'int' from a function with return type 'mp_obj_t' {aka 'void *'} makes pointer from integer without a cast [-Werror=int-conversion]
 6103 |     return lv_to_mp_struct(get_mp_lv_font_glyph_dsc_t_type(), field);
      |            ^~~~~~~~~~~~~~~~~~~~~~~~~~~~~~~~~~~~~~~~~~~~~~~~~~~~~~~~~
build-VK_RA6M5/lvgl/lv_mpy.c: At top level:
build-VK_RA6M5/lvgl/lv_mpy.c:6109:7: error: expected ';' before 'void'
 6109 | STATIC void mp_lv_font_glyph_dsc_t_attr(mp_obj_t self_in, qstr attr, mp_obj_t *dest)
      |       ^~~~~
      |       ;
build-VK_RA6M5/lvgl/lv_mpy.c:6150:7: error: expected ';' before 'void'
 6150 | STATIC void mp_lv_font_glyph_dsc_t_print(const mp_print_t *print,
      |       ^~~~~
      |       ;
build-VK_RA6M5/lvgl/lv_mpy.c:6157:7: error: expected ';' before 'const'
 6157 | STATIC const mp_obj_dict_t mp_lv_font_glyph_dsc_t_locals_dict;
      |       ^~~~~~
      |       ;
build-VK_RA6M5/lvgl/lv_mpy.c:6159:7: error: expected ';' before 'const'
 6159 | STATIC MP_DEFINE_CONST_OBJ_TYPE(
      |       ^
      |       ;
build-VK_RA6M5/lvgl/lv_mpy.c:6173:7: error: expected ';' before 'inline'
 6173 | STATIC inline const mp_obj_type_t *get_mp_lv_font_glyph_dsc_t_type()
      |       ^~~~~~~
      |       ;
build-VK_RA6M5/lvgl/lv_mpy.c:6184:1: error: unknown type name 'STATIC'
 6184 | STATIC mp_obj_t mp_funcptr_get_glyph_dsc(size_t mp_n_args, const mp_obj_t *mp_args, void *lv_func_ptr)
      | ^~~~~~
build-VK_RA6M5/lvgl/lv_mpy.c:6184:17: error: expected '=', ',', ';', 'asm' or '__attribute__' before 'mp_funcptr_get_glyph_dsc'
 6184 | STATIC mp_obj_t mp_funcptr_get_glyph_dsc(size_t mp_n_args, const mp_obj_t *mp_args, void *lv_func_ptr)
      |                 ^~~~~~~~~~~~~~~~~~~~~~~~
build-VK_RA6M5/lvgl/lv_mpy.c:6196:7: error: expected ';' before 'const'
 6196 | STATIC MP_DEFINE_CONST_LV_FUN_OBJ_STATIC_VAR(mp_funcptr_get_glyph_dsc_mpobj, 4, mp_funcptr_get_glyph_dsc, funcptr_get_glyph_dsc);
      |       ^
      |       ;
build-VK_RA6M5/lvgl/lv_mpy.c:6196:81: error: 'mp_funcptr_get_glyph_dsc' undeclared here (not in a function); did you mean 'funcptr_get_glyph_dsc'?
 6196 | STATIC MP_DEFINE_CONST_LV_FUN_OBJ_STATIC_VAR(mp_funcptr_get_glyph_dsc_mpobj, 4, mp_funcptr_get_glyph_dsc, funcptr_get_glyph_dsc);
      |                                                                                 ^~~~~~~~~~~~~~~~~~~~~~~~
build-VK_RA6M5/lvgl/lv_mpy.c:124:56: note: in definition of macro 'MP_DEFINE_CONST_LV_FUN_OBJ_STATIC_VAR'
  124 |         {{&mp_lv_type_fun_builtin_static_var}, n_args, mp_fun, lv_fun}
      |                                                        ^~~~~~
build-VK_RA6M5/lvgl/lv_mpy.c:6198:7: error: expected ';' before 'inline'
 6198 | STATIC inline mp_obj_t mp_lv_funcptr_get_glyph_dsc(void *func){ return mp_lv_funcptr(&mp_funcptr_get_glyph_dsc_mpobj, func, NULL, MP_QSTR_, NULL); }
      |       ^~~~~~~
      |       ;
build-VK_RA6M5/lvgl/lv_mpy.c: In function 'mp_lv_funcptr_get_glyph_dsc':
build-VK_RA6M5/lvgl/lv_mpy.c:6198:72: error: implicit declaration of function 'mp_lv_funcptr' [-Werror=implicit-function-declaration]
 6198 | STATIC inline mp_obj_t mp_lv_funcptr_get_glyph_dsc(void *func){ return mp_lv_funcptr(&mp_funcptr_get_glyph_dsc_mpobj, func, NULL, MP_QSTR_, NULL); }
      |                                                                        ^~~~~~~~~~~~~
build-VK_RA6M5/lvgl/lv_mpy.c:6198:72: error: returning 'int' from a function with return type 'mp_obj_t' {aka 'void *'} makes pointer from integer without a cast [-Werror=int-conversion]
 6198 | STATIC inline mp_obj_t mp_lv_funcptr_get_glyph_dsc(void *func){ return mp_lv_funcptr(&mp_funcptr_get_glyph_dsc_mpobj, func, NULL, MP_QSTR_, NULL); }
      |                                                                        ^~~~~~~~~~~~~~~~~~~~~~~~~~~~~~~~~~~~~~~~~~~~~~~~~~~~~~~~~~~~~~~~~~~~~~~~~~
build-VK_RA6M5/lvgl/lv_mpy.c: At top level:
build-VK_RA6M5/lvgl/lv_mpy.c:6200:7: error: expected ';' before '_Bool'
 6200 | STATIC bool lv_font_t_get_glyph_dsc_callback(const struct _lv_font_t *, lv_font_glyph_dsc_t *, uint32_t letter, uint32_t letter_next);
      |       ^
      |       ;
build-VK_RA6M5/lvgl/lv_mpy.c:6209:1: error: unknown type name 'STATIC'
 6209 | STATIC mp_obj_t mp_funcptr_get_glyph_bitmap(size_t mp_n_args, const mp_obj_t *mp_args, void *lv_func_ptr)
      | ^~~~~~
build-VK_RA6M5/lvgl/lv_mpy.c:6209:17: error: expected '=', ',', ';', 'asm' or '__attribute__' before 'mp_funcptr_get_glyph_bitmap'
 6209 | STATIC mp_obj_t mp_funcptr_get_glyph_bitmap(size_t mp_n_args, const mp_obj_t *mp_args, void *lv_func_ptr)
      |                 ^~~~~~~~~~~~~~~~~~~~~~~~~~~
build-VK_RA6M5/lvgl/lv_mpy.c:6219:7: error: expected ';' before 'const'
 6219 | STATIC MP_DEFINE_CONST_LV_FUN_OBJ_STATIC_VAR(mp_funcptr_get_glyph_bitmap_mpobj, 2, mp_funcptr_get_glyph_bitmap, funcptr_get_glyph_bitmap);
      |       ^
      |       ;
build-VK_RA6M5/lvgl/lv_mpy.c:6219:84: error: 'mp_funcptr_get_glyph_bitmap' undeclared here (not in a function); did you mean 'funcptr_get_glyph_bitmap'?
 6219 | STATIC MP_DEFINE_CONST_LV_FUN_OBJ_STATIC_VAR(mp_funcptr_get_glyph_bitmap_mpobj, 2, mp_funcptr_get_glyph_bitmap, funcptr_get_glyph_bitmap);
      |                                                                                    ^~~~~~~~~~~~~~~~~~~~~~~~~~~
build-VK_RA6M5/lvgl/lv_mpy.c:124:56: note: in definition of macro 'MP_DEFINE_CONST_LV_FUN_OBJ_STATIC_VAR'
  124 |         {{&mp_lv_type_fun_builtin_static_var}, n_args, mp_fun, lv_fun}
      |                                                        ^~~~~~
build-VK_RA6M5/lvgl/lv_mpy.c:6221:7: error: expected ';' before 'inline'
 6221 | STATIC inline mp_obj_t mp_lv_funcptr_get_glyph_bitmap(void *func){ return mp_lv_funcptr(&mp_funcptr_get_glyph_bitmap_mpobj, func, NULL, MP_QSTR_, NULL); }
      |       ^~~~~~~
      |       ;
build-VK_RA6M5/lvgl/lv_mpy.c: In function 'mp_lv_funcptr_get_glyph_bitmap':
build-VK_RA6M5/lvgl/lv_mpy.c:6221:75: error: returning 'int' from a function with return type 'mp_obj_t' {aka 'void *'} makes pointer from integer without a cast [-Werror=int-conversion]
 6221 | STATIC inline mp_obj_t mp_lv_funcptr_get_glyph_bitmap(void *func){ return mp_lv_funcptr(&mp_funcptr_get_glyph_bitmap_mpobj, func, NULL, MP_QSTR_, NULL); }
      |                                                                           ^~~~~~~~~~~~~~~~~~~~~~~~~~~~~~~~~~~~~~~~~~~~~~~~~~~~~~~~~~~~~~~~~~~~~~~~~~~~~
build-VK_RA6M5/lvgl/lv_mpy.c: At top level:
build-VK_RA6M5/lvgl/lv_mpy.c:6223:7: error: expected ';' before 'const'
 6223 | STATIC const uint8_t * lv_font_t_get_glyph_bitmap_callback(const struct _lv_font_t *, uint32_t);
      |       ^~~~~~
      |       ;
build-VK_RA6M5/lvgl/lv_mpy.c:6229:7: error: expected ';' before 'inline'
 6229 | STATIC inline const mp_obj_type_t *get_mp_lv_font_t_type();
      |       ^~~~~~~
      |       ;
build-VK_RA6M5/lvgl/lv_mpy.c:6231:7: error: expected ';' before 'inline'
 6231 | STATIC inline void* mp_write_ptr_lv_font_t(mp_obj_t self_in)
      |       ^~~~~~~
      |       ;
build-VK_RA6M5/lvgl/lv_mpy.c:6239:7: error: expected ';' before 'inline'
 6239 | STATIC inline mp_obj_t mp_read_ptr_lv_font_t(void *field)
      |       ^~~~~~~
      |       ;
build-VK_RA6M5/lvgl/lv_mpy.c: In function 'mp_read_ptr_lv_font_t':
build-VK_RA6M5/lvgl/lv_mpy.c:6241:12: error: returning 'int' from a function with return type 'mp_obj_t' {aka 'void *'} makes pointer from integer without a cast [-Werror=int-conversion]
 6241 |     return lv_to_mp_struct(get_mp_lv_font_t_type(), field);
      |            ^~~~~~~~~~~~~~~~~~~~~~~~~~~~~~~~~~~~~~~~~~~~~~~
build-VK_RA6M5/lvgl/lv_mpy.c: At top level:
build-VK_RA6M5/lvgl/lv_mpy.c:6247:7: error: expected ';' before 'void'
 6247 | STATIC void mp_lv_font_t_attr(mp_obj_t self_in, qstr attr, mp_obj_t *dest)
      |       ^~~~~
      |       ;
build-VK_RA6M5/lvgl/lv_mpy.c: In function 'mp_lv_font_t_attr':
build-VK_RA6M5/lvgl/lv_mpy.c:6256:49: error: assignment to 'mp_obj_t' {aka 'void *'} from 'int' makes pointer from integer without a cast [-Werror=int-conversion]
 6256 |             case MP_QSTR_get_glyph_dsc: dest[0] = mp_lv_funcptr(&mp_funcptr_get_glyph_dsc_mpobj, (void*)data->get_glyph_dsc, lv_font_t_get_glyph_dsc_callback ,MP_QSTR_lv_font_t_get_glyph_dsc, data->user_data); break; // converting from callback bool (*)(lv_font_t *, lv_font_glyph_dsc_t *, uint32_t letter, uint32_t letter_next);
      |                                                 ^
build-VK_RA6M5/lvgl/lv_mpy.c:6257:52: error: assignment to 'mp_obj_t' {aka 'void *'} from 'int' makes pointer from integer without a cast [-Werror=int-conversion]
 6257 |             case MP_QSTR_get_glyph_bitmap: dest[0] = mp_lv_funcptr(&mp_funcptr_get_glyph_bitmap_mpobj, (void*)data->get_glyph_bitmap, lv_font_t_get_glyph_bitmap_callback ,MP_QSTR_lv_font_t_get_glyph_bitmap, data->user_data); break; // converting from callback uint8_t *(*)(lv_font_t *, uint32_t);
      |                                                    ^
build-VK_RA6M5/lvgl/lv_mpy.c: At top level:
build-VK_RA6M5/lvgl/lv_mpy.c:6292:7: error: expected ';' before 'void'
 6292 | STATIC void mp_lv_font_t_print(const mp_print_t *print,
      |       ^~~~~
      |       ;
build-VK_RA6M5/lvgl/lv_mpy.c:6299:7: error: expected ';' before 'const'
 6299 | STATIC const mp_obj_dict_t mp_lv_font_t_locals_dict;
      |       ^~~~~~
      |       ;
build-VK_RA6M5/lvgl/lv_mpy.c:6301:7: error: expected ';' before 'const'
 6301 | STATIC MP_DEFINE_CONST_OBJ_TYPE(
      |       ^
      |       ;
build-VK_RA6M5/lvgl/lv_mpy.c:6315:7: error: expected ';' before 'inline'
 6315 | STATIC inline const mp_obj_type_t *get_mp_lv_font_t_type()
      |       ^~~~~~~
      |       ;
build-VK_RA6M5/lvgl/lv_mpy.c:6326:1: error: unknown type name 'STATIC'
 6326 | STATIC mp_obj_t mp_lv_obj_get_style_text_font(size_t mp_n_args, const mp_obj_t *mp_args, void *lv_func_ptr)
      | ^~~~~~
build-VK_RA6M5/lvgl/lv_mpy.c:6326:17: error: expected '=', ',', ';', 'asm' or '__attribute__' before 'mp_lv_obj_get_style_text_font'
 6326 | STATIC mp_obj_t mp_lv_obj_get_style_text_font(size_t mp_n_args, const mp_obj_t *mp_args, void *lv_func_ptr)
      |                 ^~~~~~~~~~~~~~~~~~~~~~~~~~~~~
build-VK_RA6M5/lvgl/lv_mpy.c:6336:7: error: expected ';' before 'const'
 6336 | STATIC MP_DEFINE_CONST_LV_FUN_OBJ_VAR(mp_lv_obj_get_style_text_font_mpobj, 2, mp_lv_obj_get_style_text_font, lv_obj_get_style_text_font);
      |       ^
      |       ;
build-VK_RA6M5/lvgl/lv_mpy.c:6336:79: error: 'mp_lv_obj_get_style_text_font' undeclared here (not in a function); did you mean 'lv_obj_get_style_text_font'?
 6336 | STATIC MP_DEFINE_CONST_LV_FUN_OBJ_VAR(mp_lv_obj_get_style_text_font_mpobj, 2, mp_lv_obj_get_style_text_font, lv_obj_get_style_text_font);
      |                                                                               ^~~~~~~~~~~~~~~~~~~~~~~~~~~~~
build-VK_RA6M5/lvgl/lv_mpy.c:120:49: note: in definition of macro 'MP_DEFINE_CONST_LV_FUN_OBJ_VAR'
  120 |         {{&mp_lv_type_fun_builtin_var}, n_args, mp_fun, lv_fun}
      |                                                 ^~~~~~
build-VK_RA6M5/lvgl/lv_mpy.c:6340:7: error: expected ';' before 'const'
 6340 | STATIC MP_DEFINE_CONST_LV_FUN_OBJ_VAR(mp_lv_obj_get_style_text_letter_space_mpobj, 2, mp_lv_obj_get_style_width, lv_obj_get_style_text_letter_space);
      |       ^
      |       ;
build-VK_RA6M5/lvgl/lv_mpy.c:6344:7: error: expected ';' before 'const'
 6344 | STATIC MP_DEFINE_CONST_LV_FUN_OBJ_VAR(mp_lv_obj_get_style_text_line_space_mpobj, 2, mp_lv_obj_get_style_width, lv_obj_get_style_text_line_space);
      |       ^
      |       ;
build-VK_RA6M5/lvgl/lv_mpy.c:6352:1: error: unknown type name 'STATIC'
 6352 | STATIC mp_obj_t mp_lv_obj_get_style_text_decor(size_t mp_n_args, const mp_obj_t *mp_args, void *lv_func_ptr)
      | ^~~~~~
build-VK_RA6M5/lvgl/lv_mpy.c:6352:17: error: expected '=', ',', ';', 'asm' or '__attribute__' before 'mp_lv_obj_get_style_text_decor'
 6352 | STATIC mp_obj_t mp_lv_obj_get_style_text_decor(size_t mp_n_args, const mp_obj_t *mp_args, void *lv_func_ptr)
      |                 ^~~~~~~~~~~~~~~~~~~~~~~~~~~~~~
build-VK_RA6M5/lvgl/lv_mpy.c:6362:7: error: expected ';' before 'const'
 6362 | STATIC MP_DEFINE_CONST_LV_FUN_OBJ_VAR(mp_lv_obj_get_style_text_decor_mpobj, 2, mp_lv_obj_get_style_text_decor, lv_obj_get_style_text_decor);
      |       ^
      |       ;
build-VK_RA6M5/lvgl/lv_mpy.c:6362:80: error: 'mp_lv_obj_get_style_text_decor' undeclared here (not in a function); did you mean 'lv_obj_get_style_text_decor'?
 6362 | STATIC MP_DEFINE_CONST_LV_FUN_OBJ_VAR(mp_lv_obj_get_style_text_decor_mpobj, 2, mp_lv_obj_get_style_text_decor, lv_obj_get_style_text_decor);
      |                                                                                ^~~~~~~~~~~~~~~~~~~~~~~~~~~~~~
build-VK_RA6M5/lvgl/lv_mpy.c:120:49: note: in definition of macro 'MP_DEFINE_CONST_LV_FUN_OBJ_VAR'
  120 |         {{&mp_lv_type_fun_builtin_var}, n_args, mp_fun, lv_fun}
      |                                                 ^~~~~~
build-VK_RA6M5/lvgl/lv_mpy.c:6370:1: error: unknown type name 'STATIC'
 6370 | STATIC mp_obj_t mp_lv_obj_get_style_text_align(size_t mp_n_args, const mp_obj_t *mp_args, void *lv_func_ptr)
      | ^~~~~~
build-VK_RA6M5/lvgl/lv_mpy.c:6370:17: error: expected '=', ',', ';', 'asm' or '__attribute__' before 'mp_lv_obj_get_style_text_align'
 6370 | STATIC mp_obj_t mp_lv_obj_get_style_text_align(size_t mp_n_args, const mp_obj_t *mp_args, void *lv_func_ptr)
      |                 ^~~~~~~~~~~~~~~~~~~~~~~~~~~~~~
build-VK_RA6M5/lvgl/lv_mpy.c:6380:7: error: expected ';' before 'const'
 6380 | STATIC MP_DEFINE_CONST_LV_FUN_OBJ_VAR(mp_lv_obj_get_style_text_align_mpobj, 2, mp_lv_obj_get_style_text_align, lv_obj_get_style_text_align);
      |       ^
      |       ;
build-VK_RA6M5/lvgl/lv_mpy.c:6380:80: error: 'mp_lv_obj_get_style_text_align' undeclared here (not in a function); did you mean 'lv_obj_get_style_text_align'?
 6380 | STATIC MP_DEFINE_CONST_LV_FUN_OBJ_VAR(mp_lv_obj_get_style_text_align_mpobj, 2, mp_lv_obj_get_style_text_align, lv_obj_get_style_text_align);
      |                                                                                ^~~~~~~~~~~~~~~~~~~~~~~~~~~~~~
build-VK_RA6M5/lvgl/lv_mpy.c:120:49: note: in definition of macro 'MP_DEFINE_CONST_LV_FUN_OBJ_VAR'
  120 |         {{&mp_lv_type_fun_builtin_var}, n_args, mp_fun, lv_fun}
      |                                                 ^~~~~~
build-VK_RA6M5/lvgl/lv_mpy.c:6384:7: error: expected ';' before 'const'
 6384 | STATIC MP_DEFINE_CONST_LV_FUN_OBJ_VAR(mp_lv_obj_get_style_radius_mpobj, 2, mp_lv_obj_get_style_width, lv_obj_get_style_radius);
      |       ^
      |       ;
build-VK_RA6M5/lvgl/lv_mpy.c:6388:7: error: expected ';' before 'const'
 6388 | STATIC MP_DEFINE_CONST_LV_FUN_OBJ_VAR(mp_lv_obj_get_style_clip_corner_mpobj, 2, mp_lv_obj_get_style_bg_img_tiled, lv_obj_get_style_clip_corner);
      |       ^
      |       ;
build-VK_RA6M5/lvgl/lv_mpy.c:6392:7: error: expected ';' before 'const'
 6392 | STATIC MP_DEFINE_CONST_LV_FUN_OBJ_VAR(mp_lv_obj_get_style_opa_mpobj, 2, mp_lv_obj_get_style_bg_opa, lv_obj_get_style_opa);
      |       ^
      |       ;
build-VK_RA6M5/lvgl/lv_mpy.c:6402:1: error: unknown type name 'STATIC'
 6402 | STATIC mp_obj_t mp_funcptr_lv_color_filter_cb_t(size_t mp_n_args, const mp_obj_t *mp_args, void *lv_func_ptr)
      | ^~~~~~
build-VK_RA6M5/lvgl/lv_mpy.c:6402:17: error: expected '=', ',', ';', 'asm' or '__attribute__' before 'mp_funcptr_lv_color_filter_cb_t'
 6402 | STATIC mp_obj_t mp_funcptr_lv_color_filter_cb_t(size_t mp_n_args, const mp_obj_t *mp_args, void *lv_func_ptr)
      |                 ^~~~~~~~~~~~~~~~~~~~~~~~~~~~~~~
build-VK_RA6M5/lvgl/lv_mpy.c:6413:7: error: expected ';' before 'const'
 6413 | STATIC MP_DEFINE_CONST_LV_FUN_OBJ_STATIC_VAR(mp_funcptr_lv_color_filter_cb_t_mpobj, 3, mp_funcptr_lv_color_filter_cb_t, funcptr_lv_color_filter_cb_t);
      |       ^
      |       ;
build-VK_RA6M5/lvgl/lv_mpy.c:6413:88: error: 'mp_funcptr_lv_color_filter_cb_t' undeclared here (not in a function); did you mean 'funcptr_lv_color_filter_cb_t'?
 6413 | STATIC MP_DEFINE_CONST_LV_FUN_OBJ_STATIC_VAR(mp_funcptr_lv_color_filter_cb_t_mpobj, 3, mp_funcptr_lv_color_filter_cb_t, funcptr_lv_color_filter_cb_t);
      |                                                                                        ^~~~~~~~~~~~~~~~~~~~~~~~~~~~~~~
build-VK_RA6M5/lvgl/lv_mpy.c:124:56: note: in definition of macro 'MP_DEFINE_CONST_LV_FUN_OBJ_STATIC_VAR'
  124 |         {{&mp_lv_type_fun_builtin_static_var}, n_args, mp_fun, lv_fun}
      |                                                        ^~~~~~
build-VK_RA6M5/lvgl/lv_mpy.c:6415:7: error: expected ';' before 'inline'
 6415 | STATIC inline mp_obj_t mp_lv_funcptr_lv_color_filter_cb_t(void *func){ return mp_lv_funcptr(&mp_funcptr_lv_color_filter_cb_t_mpobj, func, NULL, MP_QSTR_, NULL); }
      |       ^~~~~~~
      |       ;
build-VK_RA6M5/lvgl/lv_mpy.c: In function 'mp_lv_funcptr_lv_color_filter_cb_t':
build-VK_RA6M5/lvgl/lv_mpy.c:6415:79: error: returning 'int' from a function with return type 'mp_obj_t' {aka 'void *'} makes pointer from integer without a cast [-Werror=int-conversion]
 6415 | STATIC inline mp_obj_t mp_lv_funcptr_lv_color_filter_cb_t(void *func){ return mp_lv_funcptr(&mp_funcptr_lv_color_filter_cb_t_mpobj, func, NULL, MP_QSTR_, NULL); }
      |                                                                               ^~~~~~~~~~~~~~~~~~~~~~~~~~~~~~~~~~~~~~~~~~~~~~~~~~~~~~~~~~~~~~~~~~~~~~~~~~~~~~~~~
build-VK_RA6M5/lvgl/lv_mpy.c: At top level:
build-VK_RA6M5/lvgl/lv_mpy.c:6417:1: error: unknown type name 'STATIC'
 6417 | STATIC lv_color_t lv_color_filter_dsc_t_filter_cb_callback(const struct _lv_color_filter_dsc_t *, lv_color_t, lv_opa_t);
      | ^~~~~~
build-VK_RA6M5/lvgl/lv_mpy.c:6417:19: error: expected '=', ',', ';', 'asm' or '__attribute__' before 'lv_color_filter_dsc_t_filter_cb_callback'
 6417 | STATIC lv_color_t lv_color_filter_dsc_t_filter_cb_callback(const struct _lv_color_filter_dsc_t *, lv_color_t, lv_opa_t);
      |                   ^~~~~~~~~~~~~~~~~~~~~~~~~~~~~~~~~~~~~~~~
build-VK_RA6M5/lvgl/lv_mpy.c:6423:7: error: expected ';' before 'inline'
 6423 | STATIC inline const mp_obj_type_t *get_mp_lv_color_filter_dsc_t_type();
      |       ^~~~~~~
      |       ;
build-VK_RA6M5/lvgl/lv_mpy.c:6425:7: error: expected ';' before 'inline'
 6425 | STATIC inline void* mp_write_ptr_lv_color_filter_dsc_t(mp_obj_t self_in)
      |       ^~~~~~~
      |       ;
build-VK_RA6M5/lvgl/lv_mpy.c:6433:7: error: expected ';' before 'inline'
 6433 | STATIC inline mp_obj_t mp_read_ptr_lv_color_filter_dsc_t(void *field)
      |       ^~~~~~~
      |       ;
build-VK_RA6M5/lvgl/lv_mpy.c: In function 'mp_read_ptr_lv_color_filter_dsc_t':
build-VK_RA6M5/lvgl/lv_mpy.c:6435:12: error: returning 'int' from a function with return type 'mp_obj_t' {aka 'void *'} makes pointer from integer without a cast [-Werror=int-conversion]
 6435 |     return lv_to_mp_struct(get_mp_lv_color_filter_dsc_t_type(), field);
      |            ^~~~~~~~~~~~~~~~~~~~~~~~~~~~~~~~~~~~~~~~~~~~~~~~~~~~~~~~~~~
build-VK_RA6M5/lvgl/lv_mpy.c: At top level:
build-VK_RA6M5/lvgl/lv_mpy.c:6441:7: error: expected ';' before 'void'
 6441 | STATIC void mp_lv_color_filter_dsc_t_attr(mp_obj_t self_in, qstr attr, mp_obj_t *dest)
      |       ^~~~~
      |       ;
build-VK_RA6M5/lvgl/lv_mpy.c: In function 'mp_lv_color_filter_dsc_t_attr':
build-VK_RA6M5/lvgl/lv_mpy.c:6450:118: error: 'lv_color_filter_dsc_t_filter_cb_callback' undeclared (first use in this function)
 6450 |             case MP_QSTR_filter_cb: dest[0] = mp_lv_funcptr(&mp_funcptr_lv_color_filter_cb_t_mpobj, data->filter_cb, lv_color_filter_dsc_t_filter_cb_callback ,MP_QSTR_lv_color_filter_dsc_t_filter_cb, data->user_data); break; // converting from callback lv_color_filter_cb_t;
      |                                                                                                                      ^~~~~~~~~~~~~~~~~~~~~~~~~~~~~~~~~~~~~~~~
build-VK_RA6M5/lvgl/lv_mpy.c: At top level:
build-VK_RA6M5/lvgl/lv_mpy.c:6470:7: error: expected ';' before 'void'
 6470 | STATIC void mp_lv_color_filter_dsc_t_print(const mp_print_t *print,
      |       ^~~~~
      |       ;
build-VK_RA6M5/lvgl/lv_mpy.c:6477:7: error: expected ';' before 'const'
 6477 | STATIC const mp_obj_dict_t mp_lv_color_filter_dsc_t_locals_dict;
      |       ^~~~~~
      |       ;
build-VK_RA6M5/lvgl/lv_mpy.c:6479:7: error: expected ';' before 'const'
 6479 | STATIC MP_DEFINE_CONST_OBJ_TYPE(
      |       ^
      |       ;
build-VK_RA6M5/lvgl/lv_mpy.c:6493:7: error: expected ';' before 'inline'
 6493 | STATIC inline const mp_obj_type_t *get_mp_lv_color_filter_dsc_t_type()
      |       ^~~~~~~
      |       ;
build-VK_RA6M5/lvgl/lv_mpy.c:6504:1: error: unknown type name 'STATIC'
 6504 | STATIC mp_obj_t mp_lv_obj_get_style_color_filter_dsc(size_t mp_n_args, const mp_obj_t *mp_args, void *lv_func_ptr)
      | ^~~~~~
build-VK_RA6M5/lvgl/lv_mpy.c:6504:17: error: expected '=', ',', ';', 'asm' or '__attribute__' before 'mp_lv_obj_get_style_color_filter_dsc'
 6504 | STATIC mp_obj_t mp_lv_obj_get_style_color_filter_dsc(size_t mp_n_args, const mp_obj_t *mp_args, void *lv_func_ptr)
      |                 ^~~~~~~~~~~~~~~~~~~~~~~~~~~~~~~~~~~~
build-VK_RA6M5/lvgl/lv_mpy.c:6514:7: error: expected ';' before 'const'
 6514 | STATIC MP_DEFINE_CONST_LV_FUN_OBJ_VAR(mp_lv_obj_get_style_color_filter_dsc_mpobj, 2, mp_lv_obj_get_style_color_filter_dsc, lv_obj_get_style_color_filter_dsc);
      |       ^
      |       ;
build-VK_RA6M5/lvgl/lv_mpy.c:6514:86: error: 'mp_lv_obj_get_style_color_filter_dsc' undeclared here (not in a function); did you mean 'lv_obj_get_style_color_filter_dsc'?
 6514 | STATIC MP_DEFINE_CONST_LV_FUN_OBJ_VAR(mp_lv_obj_get_style_color_filter_dsc_mpobj, 2, mp_lv_obj_get_style_color_filter_dsc, lv_obj_get_style_color_filter_dsc);
      |                                                                                      ^~~~~~~~~~~~~~~~~~~~~~~~~~~~~~~~~~~~
build-VK_RA6M5/lvgl/lv_mpy.c:120:49: note: in definition of macro 'MP_DEFINE_CONST_LV_FUN_OBJ_VAR'
  120 |         {{&mp_lv_type_fun_builtin_var}, n_args, mp_fun, lv_fun}
      |                                                 ^~~~~~
build-VK_RA6M5/lvgl/lv_mpy.c:6518:7: error: expected ';' before 'const'
 6518 | STATIC MP_DEFINE_CONST_LV_FUN_OBJ_VAR(mp_lv_obj_get_style_color_filter_opa_mpobj, 2, mp_lv_obj_get_style_bg_opa, lv_obj_get_style_color_filter_opa);
      |       ^
      |       ;
build-VK_RA6M5/lvgl/lv_mpy.c:6528:1: error: unknown type name 'STATIC'
 6528 | STATIC mp_obj_t mp_funcptr_lv_anim_exec_xcb_t(size_t mp_n_args, const mp_obj_t *mp_args, void *lv_func_ptr)
      | ^~~~~~
build-VK_RA6M5/lvgl/lv_mpy.c:6528:17: error: expected '=', ',', ';', 'asm' or '__attribute__' before 'mp_funcptr_lv_anim_exec_xcb_t'
 6528 | STATIC mp_obj_t mp_funcptr_lv_anim_exec_xcb_t(size_t mp_n_args, const mp_obj_t *mp_args, void *lv_func_ptr)
      |                 ^~~~~~~~~~~~~~~~~~~~~~~~~~~~~
build-VK_RA6M5/lvgl/lv_mpy.c:6538:7: error: expected ';' before 'const'
 6538 | STATIC MP_DEFINE_CONST_LV_FUN_OBJ_STATIC_VAR(mp_funcptr_lv_anim_exec_xcb_t_mpobj, 2, mp_funcptr_lv_anim_exec_xcb_t, funcptr_lv_anim_exec_xcb_t);
      |       ^
      |       ;
build-VK_RA6M5/lvgl/lv_mpy.c:6538:86: error: 'mp_funcptr_lv_anim_exec_xcb_t' undeclared here (not in a function); did you mean 'funcptr_lv_anim_exec_xcb_t'?
 6538 | STATIC MP_DEFINE_CONST_LV_FUN_OBJ_STATIC_VAR(mp_funcptr_lv_anim_exec_xcb_t_mpobj, 2, mp_funcptr_lv_anim_exec_xcb_t, funcptr_lv_anim_exec_xcb_t);
      |                                                                                      ^~~~~~~~~~~~~~~~~~~~~~~~~~~~~
build-VK_RA6M5/lvgl/lv_mpy.c:124:56: note: in definition of macro 'MP_DEFINE_CONST_LV_FUN_OBJ_STATIC_VAR'
  124 |         {{&mp_lv_type_fun_builtin_static_var}, n_args, mp_fun, lv_fun}
      |                                                        ^~~~~~
build-VK_RA6M5/lvgl/lv_mpy.c:6540:7: error: expected ';' before 'inline'
 6540 | STATIC inline mp_obj_t mp_lv_funcptr_lv_anim_exec_xcb_t(void *func){ return mp_lv_funcptr(&mp_funcptr_lv_anim_exec_xcb_t_mpobj, func, NULL, MP_QSTR_, NULL); }
      |       ^~~~~~~
      |       ;
build-VK_RA6M5/lvgl/lv_mpy.c: In function 'mp_lv_funcptr_lv_anim_exec_xcb_t':
build-VK_RA6M5/lvgl/lv_mpy.c:6540:77: error: returning 'int' from a function with return type 'mp_obj_t' {aka 'void *'} makes pointer from integer without a cast [-Werror=int-conversion]
 6540 | STATIC inline mp_obj_t mp_lv_funcptr_lv_anim_exec_xcb_t(void *func){ return mp_lv_funcptr(&mp_funcptr_lv_anim_exec_xcb_t_mpobj, func, NULL, MP_QSTR_, NULL); }
      |                                                                             ^~~~~~~~~~~~~~~~~~~~~~~~~~~~~~~~~~~~~~~~~~~~~~~~~~~~~~~~~~~~~~~~~~~~~~~~~~~~~~~
build-VK_RA6M5/lvgl/lv_mpy.c: At top level:
build-VK_RA6M5/lvgl/lv_mpy.c:6557:1: error: unknown type name 'STATIC'
 6557 | STATIC mp_obj_t mp_funcptr_lv_anim_start_cb_t(size_t mp_n_args, const mp_obj_t *mp_args, void *lv_func_ptr)
      | ^~~~~~
build-VK_RA6M5/lvgl/lv_mpy.c:6557:17: error: expected '=', ',', ';', 'asm' or '__attribute__' before 'mp_funcptr_lv_anim_start_cb_t'
 6557 | STATIC mp_obj_t mp_funcptr_lv_anim_start_cb_t(size_t mp_n_args, const mp_obj_t *mp_args, void *lv_func_ptr)
      |                 ^~~~~~~~~~~~~~~~~~~~~~~~~~~~~
build-VK_RA6M5/lvgl/lv_mpy.c:6566:7: error: expected ';' before 'const'
 6566 | STATIC MP_DEFINE_CONST_LV_FUN_OBJ_STATIC_VAR(mp_funcptr_lv_anim_start_cb_t_mpobj, 1, mp_funcptr_lv_anim_start_cb_t, funcptr_lv_anim_start_cb_t);
      |       ^
      |       ;
build-VK_RA6M5/lvgl/lv_mpy.c:6566:86: error: 'mp_funcptr_lv_anim_start_cb_t' undeclared here (not in a function); did you mean 'funcptr_lv_anim_start_cb_t'?
 6566 | STATIC MP_DEFINE_CONST_LV_FUN_OBJ_STATIC_VAR(mp_funcptr_lv_anim_start_cb_t_mpobj, 1, mp_funcptr_lv_anim_start_cb_t, funcptr_lv_anim_start_cb_t);
      |                                                                                      ^~~~~~~~~~~~~~~~~~~~~~~~~~~~~
build-VK_RA6M5/lvgl/lv_mpy.c:124:56: note: in definition of macro 'MP_DEFINE_CONST_LV_FUN_OBJ_STATIC_VAR'
  124 |         {{&mp_lv_type_fun_builtin_static_var}, n_args, mp_fun, lv_fun}
      |                                                        ^~~~~~
build-VK_RA6M5/lvgl/lv_mpy.c:6568:7: error: expected ';' before 'inline'
 6568 | STATIC inline mp_obj_t mp_lv_funcptr_lv_anim_start_cb_t(void *func){ return mp_lv_funcptr(&mp_funcptr_lv_anim_start_cb_t_mpobj, func, NULL, MP_QSTR_, NULL); }
      |       ^~~~~~~
      |       ;
build-VK_RA6M5/lvgl/lv_mpy.c: In function 'mp_lv_funcptr_lv_anim_start_cb_t':
build-VK_RA6M5/lvgl/lv_mpy.c:6568:77: error: returning 'int' from a function with return type 'mp_obj_t' {aka 'void *'} makes pointer from integer without a cast [-Werror=int-conversion]
 6568 | STATIC inline mp_obj_t mp_lv_funcptr_lv_anim_start_cb_t(void *func){ return mp_lv_funcptr(&mp_funcptr_lv_anim_start_cb_t_mpobj, func, NULL, MP_QSTR_, NULL); }
      |                                                                             ^~~~~~~~~~~~~~~~~~~~~~~~~~~~~~~~~~~~~~~~~~~~~~~~~~~~~~~~~~~~~~~~~~~~~~~~~~~~~~~
build-VK_RA6M5/lvgl/lv_mpy.c: At top level:
build-VK_RA6M5/lvgl/lv_mpy.c:6570:7: error: expected ';' before 'void'
 6570 | STATIC void lv_anim_t_start_cb_callback(struct _lv_anim_t *);
      |       ^~~~~
      |       ;
build-VK_RA6M5/lvgl/lv_mpy.c:6571:7: error: expected ';' before 'void'
 6571 | STATIC void lv_anim_t_ready_cb_callback(struct _lv_anim_t *);
      |       ^~~~~
      |       ;
build-VK_RA6M5/lvgl/lv_mpy.c:6572:7: error: expected ';' before 'void'
 6572 | STATIC void lv_anim_t_deleted_cb_callback(struct _lv_anim_t *);
      |       ^~~~~
      |       ;
build-VK_RA6M5/lvgl/lv_mpy.c:6581:1: error: unknown type name 'STATIC'
 6581 | STATIC mp_obj_t mp_funcptr_lv_anim_get_value_cb_t(size_t mp_n_args, const mp_obj_t *mp_args, void *lv_func_ptr)
      | ^~~~~~
build-VK_RA6M5/lvgl/lv_mpy.c:6581:17: error: expected '=', ',', ';', 'asm' or '__attribute__' before 'mp_funcptr_lv_anim_get_value_cb_t'
 6581 | STATIC mp_obj_t mp_funcptr_lv_anim_get_value_cb_t(size_t mp_n_args, const mp_obj_t *mp_args, void *lv_func_ptr)
      |                 ^~~~~~~~~~~~~~~~~~~~~~~~~~~~~~~~~
build-VK_RA6M5/lvgl/lv_mpy.c:6590:7: error: expected ';' before 'const'
 6590 | STATIC MP_DEFINE_CONST_LV_FUN_OBJ_STATIC_VAR(mp_funcptr_lv_anim_get_value_cb_t_mpobj, 1, mp_funcptr_lv_anim_get_value_cb_t, funcptr_lv_anim_get_value_cb_t);
      |       ^
      |       ;
build-VK_RA6M5/lvgl/lv_mpy.c:6590:90: error: 'mp_funcptr_lv_anim_get_value_cb_t' undeclared here (not in a function); did you mean 'funcptr_lv_anim_get_value_cb_t'?
 6590 | STATIC MP_DEFINE_CONST_LV_FUN_OBJ_STATIC_VAR(mp_funcptr_lv_anim_get_value_cb_t_mpobj, 1, mp_funcptr_lv_anim_get_value_cb_t, funcptr_lv_anim_get_value_cb_t);
      |                                                                                          ^~~~~~~~~~~~~~~~~~~~~~~~~~~~~~~~~
build-VK_RA6M5/lvgl/lv_mpy.c:124:56: note: in definition of macro 'MP_DEFINE_CONST_LV_FUN_OBJ_STATIC_VAR'
  124 |         {{&mp_lv_type_fun_builtin_static_var}, n_args, mp_fun, lv_fun}
      |                                                        ^~~~~~
build-VK_RA6M5/lvgl/lv_mpy.c:6592:7: error: expected ';' before 'inline'
 6592 | STATIC inline mp_obj_t mp_lv_funcptr_lv_anim_get_value_cb_t(void *func){ return mp_lv_funcptr(&mp_funcptr_lv_anim_get_value_cb_t_mpobj, func, NULL, MP_QSTR_, NULL); }
      |       ^~~~~~~
      |       ;
build-VK_RA6M5/lvgl/lv_mpy.c: In function 'mp_lv_funcptr_lv_anim_get_value_cb_t':
build-VK_RA6M5/lvgl/lv_mpy.c:6592:81: error: returning 'int' from a function with return type 'mp_obj_t' {aka 'void *'} makes pointer from integer without a cast [-Werror=int-conversion]
 6592 | STATIC inline mp_obj_t mp_lv_funcptr_lv_anim_get_value_cb_t(void *func){ return mp_lv_funcptr(&mp_funcptr_lv_anim_get_value_cb_t_mpobj, func, NULL, MP_QSTR_, NULL); }
      |                                                                                 ^~~~~~~~~~~~~~~~~~~~~~~~~~~~~~~~~~~~~~~~~~~~~~~~~~~~~~~~~~~~~~~~~~~~~~~~~~~~~~~~~~~
build-VK_RA6M5/lvgl/lv_mpy.c: At top level:
build-VK_RA6M5/lvgl/lv_mpy.c:6594:1: error: unknown type name 'STATIC'
 6594 | STATIC int32_t lv_anim_t_get_value_cb_callback(struct _lv_anim_t *);
      | ^~~~~~
build-VK_RA6M5/lvgl/lv_mpy.c:6594:16: error: expected '=', ',', ';', 'asm' or '__attribute__' before 'lv_anim_t_get_value_cb_callback'
 6594 | STATIC int32_t lv_anim_t_get_value_cb_callback(struct _lv_anim_t *);
      |                ^~~~~~~~~~~~~~~~~~~~~~~~~~~~~~~
CC ../../extmod/network_esp_hosted.c
build-VK_RA6M5/lvgl/lv_mpy.c:6595:1: error: unknown type name 'STATIC'
 6595 | STATIC int32_t lv_anim_t_path_cb_callback(const struct _lv_anim_t *);
      | ^~~~~~
build-VK_RA6M5/lvgl/lv_mpy.c:6595:16: error: expected '=', ',', ';', 'asm' or '__attribute__' before 'lv_anim_t_path_cb_callback'
 6595 | STATIC int32_t lv_anim_t_path_cb_callback(const struct _lv_anim_t *);
      |                ^~~~~~~~~~~~~~~~~~~~~~~~~~
build-VK_RA6M5/lvgl/lv_mpy.c:6601:7: error: expected ';' before 'inline'
 6601 | STATIC inline const mp_obj_type_t *get_mp_lv_anim_t_type();
      |       ^~~~~~~
      |       ;
build-VK_RA6M5/lvgl/lv_mpy.c:6603:7: error: expected ';' before 'inline'
 6603 | STATIC inline void* mp_write_ptr_lv_anim_t(mp_obj_t self_in)
      |       ^~~~~~~
      |       ;
build-VK_RA6M5/lvgl/lv_mpy.c:6611:7: error: expected ';' before 'inline'
 6611 | STATIC inline mp_obj_t mp_read_ptr_lv_anim_t(void *field)
      |       ^~~~~~~
      |       ;
build-VK_RA6M5/lvgl/lv_mpy.c: In function 'mp_read_ptr_lv_anim_t':
build-VK_RA6M5/lvgl/lv_mpy.c:6613:12: error: returning 'int' from a function with return type 'mp_obj_t' {aka 'void *'} makes pointer from integer without a cast [-Werror=int-conversion]
 6613 |     return lv_to_mp_struct(get_mp_lv_anim_t_type(), field);
      |            ^~~~~~~~~~~~~~~~~~~~~~~~~~~~~~~~~~~~~~~~~~~~~~~
build-VK_RA6M5/lvgl/lv_mpy.c: At top level:
build-VK_RA6M5/lvgl/lv_mpy.c:6619:7: error: expected ';' before 'void'
 6619 | STATIC void mp_lv_anim_t_attr(mp_obj_t self_in, qstr attr, mp_obj_t *dest)
      |       ^~~~~
      |       ;
build-VK_RA6M5/lvgl/lv_mpy.c: In function 'mp_lv_anim_t_attr':
build-VK_RA6M5/lvgl/lv_mpy.c:6629:43: error: assignment to 'mp_obj_t' {aka 'void *'} from 'int' makes pointer from integer without a cast [-Werror=int-conversion]
 6629 |             case MP_QSTR_exec_cb: dest[0] = mp_lv_funcptr(&mp_funcptr_lv_anim_exec_xcb_t_mpobj, data->exec_cb, NULL ,MP_QSTR_lv_anim_t_exec_cb, NULL); break; // converting from callback lv_anim_exec_xcb_t;
      |                                           ^
build-VK_RA6M5/lvgl/lv_mpy.c:6630:44: error: assignment to 'mp_obj_t' {aka 'void *'} from 'int' makes pointer from integer without a cast [-Werror=int-conversion]
 6630 |             case MP_QSTR_start_cb: dest[0] = mp_lv_funcptr(&mp_funcptr_lv_anim_start_cb_t_mpobj, data->start_cb, lv_anim_t_start_cb_callback ,MP_QSTR_lv_anim_t_start_cb, data->user_data); break; // converting from callback lv_anim_start_cb_t;
      |                                            ^
build-VK_RA6M5/lvgl/lv_mpy.c:6631:44: error: assignment to 'mp_obj_t' {aka 'void *'} from 'int' makes pointer from integer without a cast [-Werror=int-conversion]
 6631 |             case MP_QSTR_ready_cb: dest[0] = mp_lv_funcptr(&mp_funcptr_lv_anim_start_cb_t_mpobj, data->ready_cb, lv_anim_t_ready_cb_callback ,MP_QSTR_lv_anim_t_ready_cb, data->user_data); break; // converting from callback lv_anim_ready_cb_t;
      |                                            ^
build-VK_RA6M5/lvgl/lv_mpy.c:6632:46: error: assignment to 'mp_obj_t' {aka 'void *'} from 'int' makes pointer from integer without a cast [-Werror=int-conversion]
 6632 |             case MP_QSTR_deleted_cb: dest[0] = mp_lv_funcptr(&mp_funcptr_lv_anim_start_cb_t_mpobj, data->deleted_cb, lv_anim_t_deleted_cb_callback ,MP_QSTR_lv_anim_t_deleted_cb, data->user_data); break; // converting from callback lv_anim_deleted_cb_t;
      |                                              ^
build-VK_RA6M5/lvgl/lv_mpy.c:6633:126: error: 'lv_anim_t_get_value_cb_callback' undeclared (first use in this function); did you mean 'lv_anim_t_ready_cb_callback'?
 6633 |             case MP_QSTR_get_value_cb: dest[0] = mp_lv_funcptr(&mp_funcptr_lv_anim_get_value_cb_t_mpobj, data->get_value_cb, lv_anim_t_get_value_cb_callback ,MP_QSTR_lv_anim_t_get_value_cb, data->user_data); break; // converting from callback lv_anim_get_value_cb_t;
      |                                                                                                                              ^~~~~~~~~~~~~~~~~~~~~~~~~~~~~~~
      |                                                                                                                              lv_anim_t_ready_cb_callback
